CRITICAL - 2024-04-29 11:53:24 --> TypeError: view(): Argument #3 ($options) must be of type array, true given, called in C:\Users\gtk\Documents\Coding\personal\dalaria_chargen_v2\app\Controllers\Home.php on line 10
[Method: GET, Route: /]
in SYSTEMPATH\Common.php on line 1159.
 1 APPPATH\Controllers\Home.php(10): view()
 2 SYSTEMPATH\CodeIgniter.php(933): App\Controllers\Home->index()
 3 SYSTEMPATH\CodeIgniter.php(509): CodeIgniter\CodeIgniter->runController()
 4 SYSTEMPATH\CodeIgniter.php(355): CodeIgniter\CodeIgniter->handleRequest()
 5 SYSTEMPATH\Boot.php(312): CodeIgniter\CodeIgniter->run()
 6 SYSTEMPATH\Boot.php(67): CodeIgniter\Boot::runCodeIgniter()
 7 FCPATH\index.php(56): CodeIgniter\Boot::bootWeb()
 8 SYSTEMPATH\Commands\Server\rewrite.php(49): require_once('C:\\Users\\gtk\\Documents\\Coding\\personal\\dalaria_chargen_v2\\public\\index.php')
CRITICAL - 2024-04-29 12:13:51 --> TypeError: view(): Argument #2 ($data) must be of type array, true given, called in C:\Users\gtk\Documents\Coding\personal\dalaria_chargen_v2\app\Controllers\Page.php on line 9
[Method: GET, Route: /]
in SYSTEMPATH\Common.php on line 1159.
 1 APPPATH\Controllers\Page.php(9): view()
 2 SYSTEMPATH\CodeIgniter.php(933): App\Controllers\Page->index()
 3 SYSTEMPATH\CodeIgniter.php(509): CodeIgniter\CodeIgniter->runController()
 4 SYSTEMPATH\CodeIgniter.php(355): CodeIgniter\CodeIgniter->handleRequest()
 5 SYSTEMPATH\Boot.php(312): CodeIgniter\CodeIgniter->run()
 6 SYSTEMPATH\Boot.php(67): CodeIgniter\Boot::runCodeIgniter()
 7 FCPATH\index.php(56): CodeIgniter\Boot::bootWeb()
 8 SYSTEMPATH\Commands\Server\rewrite.php(49): require_once('C:\\Users\\gtk\\Documents\\Coding\\personal\\dalaria_chargen_v2\\public\\index.php')
CRITICAL - 2024-04-29 12:14:03 --> TypeError: view(): Argument #2 ($data) must be of type array, false given, called in C:\Users\gtk\Documents\Coding\personal\dalaria_chargen_v2\app\Controllers\Page.php on line 9
[Method: GET, Route: /]
in SYSTEMPATH\Common.php on line 1159.
 1 APPPATH\Controllers\Page.php(9): view()
 2 SYSTEMPATH\CodeIgniter.php(933): App\Controllers\Page->index()
 3 SYSTEMPATH\CodeIgniter.php(509): CodeIgniter\CodeIgniter->runController()
 4 SYSTEMPATH\CodeIgniter.php(355): CodeIgniter\CodeIgniter->handleRequest()
 5 SYSTEMPATH\Boot.php(312): CodeIgniter\CodeIgniter->run()
 6 SYSTEMPATH\Boot.php(67): CodeIgniter\Boot::runCodeIgniter()
 7 FCPATH\index.php(56): CodeIgniter\Boot::bootWeb()
 8 SYSTEMPATH\Commands\Server\rewrite.php(49): require_once('C:\\Users\\gtk\\Documents\\Coding\\personal\\dalaria_chargen_v2\\public\\index.php')
CRITICAL - 2024-04-29 12:27:09 --> Error: Call to undefined function get_instance()
[Method: GET, Route: /]
in APPPATH\Helpers\url_helper.php on line 14.
 1 APPPATH\Views\account\login.php(4): image_path()
 2 SYSTEMPATH\View\View.php(234): include('C:\\Users\\gtk\\Documents\\Coding\\personal\\dalaria_chargen_v2\\app\\Views\\account\\login.php')
 3 SYSTEMPATH\View\View.php(237): CodeIgniter\View\View->CodeIgniter\View\{closure}()
 4 SYSTEMPATH\Common.php(1171): CodeIgniter\View\View->render()
 5 APPPATH\Controllers\Page.php(9): view()
 6 SYSTEMPATH\CodeIgniter.php(933): App\Controllers\Page->index()
 7 SYSTEMPATH\CodeIgniter.php(509): CodeIgniter\CodeIgniter->runController()
 8 SYSTEMPATH\CodeIgniter.php(355): CodeIgniter\CodeIgniter->handleRequest()
 9 SYSTEMPATH\Boot.php(312): CodeIgniter\CodeIgniter->run()
10 SYSTEMPATH\Boot.php(67): CodeIgniter\Boot::runCodeIgniter()
11 FCPATH\index.php(56): CodeIgniter\Boot::bootWeb()
12 SYSTEMPATH\Commands\Server\rewrite.php(49): require_once('C:\\Users\\gtk\\Documents\\Coding\\personal\\dalaria_chargen_v2\\public\\index.php')
CRITICAL - 2024-04-29 12:28:32 --> Error: Call to undefined function get_instance()
[Method: GET, Route: /]
in APPPATH\Helpers\url_helper.php on line 14.
 1 APPPATH\Views\account\login.php(4): image_path()
 2 SYSTEMPATH\View\View.php(234): include('C:\\Users\\gtk\\Documents\\Coding\\personal\\dalaria_chargen_v2\\app\\Views\\account\\login.php')
 3 SYSTEMPATH\View\View.php(237): CodeIgniter\View\View->CodeIgniter\View\{closure}()
 4 SYSTEMPATH\Common.php(1171): CodeIgniter\View\View->render()
 5 APPPATH\Controllers\Page.php(9): view()
 6 SYSTEMPATH\CodeIgniter.php(933): App\Controllers\Page->index()
 7 SYSTEMPATH\CodeIgniter.php(509): CodeIgniter\CodeIgniter->runController()
 8 SYSTEMPATH\CodeIgniter.php(355): CodeIgniter\CodeIgniter->handleRequest()
 9 SYSTEMPATH\Boot.php(312): CodeIgniter\CodeIgniter->run()
10 SYSTEMPATH\Boot.php(67): CodeIgniter\Boot::runCodeIgniter()
11 FCPATH\index.php(56): CodeIgniter\Boot::bootWeb()
12 SYSTEMPATH\Commands\Server\rewrite.php(49): require_once('C:\\Users\\gtk\\Documents\\Coding\\personal\\dalaria_chargen_v2\\public\\index.php')
CRITICAL - 2024-04-29 12:28:42 --> Error: Call to undefined function get_instance()
[Method: GET, Route: /]
in APPPATH\Helpers\url_helper.php on line 14.
 1 APPPATH\Views\account\login.php(4): image_path()
 2 SYSTEMPATH\View\View.php(234): include('C:\\Users\\gtk\\Documents\\Coding\\personal\\dalaria_chargen_v2\\app\\Views\\account\\login.php')
 3 SYSTEMPATH\View\View.php(237): CodeIgniter\View\View->CodeIgniter\View\{closure}()
 4 SYSTEMPATH\Common.php(1171): CodeIgniter\View\View->render()
 5 APPPATH\Controllers\Page.php(9): view()
 6 SYSTEMPATH\CodeIgniter.php(933): App\Controllers\Page->index()
 7 SYSTEMPATH\CodeIgniter.php(509): CodeIgniter\CodeIgniter->runController()
 8 SYSTEMPATH\CodeIgniter.php(355): CodeIgniter\CodeIgniter->handleRequest()
 9 SYSTEMPATH\Boot.php(312): CodeIgniter\CodeIgniter->run()
10 SYSTEMPATH\Boot.php(67): CodeIgniter\Boot::runCodeIgniter()
11 FCPATH\index.php(56): CodeIgniter\Boot::bootWeb()
12 SYSTEMPATH\Commands\Server\rewrite.php(49): require_once('C:\\Users\\gtk\\Documents\\Coding\\personal\\dalaria_chargen_v2\\public\\index.php')
CRITICAL - 2024-04-29 12:30:19 --> Error: Call to undefined function get_instance()
[Method: GET, Route: /]
in APPPATH\Helpers\url_helper.php on line 14.
 1 APPPATH\Views\account\login.php(4): image_path()
 2 SYSTEMPATH\View\View.php(234): include('C:\\Users\\gtk\\Documents\\Coding\\personal\\dalaria_chargen_v2\\app\\Views\\account\\login.php')
 3 SYSTEMPATH\View\View.php(237): CodeIgniter\View\View->CodeIgniter\View\{closure}()
 4 SYSTEMPATH\Common.php(1171): CodeIgniter\View\View->render()
 5 APPPATH\Controllers\Page.php(9): view()
 6 SYSTEMPATH\CodeIgniter.php(933): App\Controllers\Page->index()
 7 SYSTEMPATH\CodeIgniter.php(509): CodeIgniter\CodeIgniter->runController()
 8 SYSTEMPATH\CodeIgniter.php(355): CodeIgniter\CodeIgniter->handleRequest()
 9 SYSTEMPATH\Boot.php(312): CodeIgniter\CodeIgniter->run()
10 SYSTEMPATH\Boot.php(67): CodeIgniter\Boot::runCodeIgniter()
11 FCPATH\index.php(56): CodeIgniter\Boot::bootWeb()
12 SYSTEMPATH\Commands\Server\rewrite.php(49): require_once('C:\\Users\\gtk\\Documents\\Coding\\personal\\dalaria_chargen_v2\\public\\index.php')
CRITICAL - 2024-04-29 12:30:52 --> Error: Call to undefined function get_instance()
[Method: GET, Route: /]
in APPPATH\Helpers\url_helper.php on line 14.
 1 APPPATH\Views\account\login.php(4): image_path()
 2 SYSTEMPATH\View\View.php(234): include('C:\\Users\\gtk\\Documents\\Coding\\personal\\dalaria_chargen_v2\\app\\Views\\account\\login.php')
 3 SYSTEMPATH\View\View.php(237): CodeIgniter\View\View->CodeIgniter\View\{closure}()
 4 SYSTEMPATH\Common.php(1171): CodeIgniter\View\View->render()
 5 APPPATH\Controllers\Page.php(9): view()
 6 SYSTEMPATH\CodeIgniter.php(933): App\Controllers\Page->index()
 7 SYSTEMPATH\CodeIgniter.php(509): CodeIgniter\CodeIgniter->runController()
 8 SYSTEMPATH\CodeIgniter.php(355): CodeIgniter\CodeIgniter->handleRequest()
 9 SYSTEMPATH\Boot.php(312): CodeIgniter\CodeIgniter->run()
10 SYSTEMPATH\Boot.php(67): CodeIgniter\Boot::runCodeIgniter()
11 FCPATH\index.php(56): CodeIgniter\Boot::bootWeb()
12 SYSTEMPATH\Commands\Server\rewrite.php(49): require_once('C:\\Users\\gtk\\Documents\\Coding\\personal\\dalaria_chargen_v2\\public\\index.php')
CRITICAL - 2024-04-29 12:30:53 --> Error: Call to undefined function get_instance()
[Method: GET, Route: /]
in APPPATH\Helpers\url_helper.php on line 14.
 1 APPPATH\Views\account\login.php(4): image_path()
 2 SYSTEMPATH\View\View.php(234): include('C:\\Users\\gtk\\Documents\\Coding\\personal\\dalaria_chargen_v2\\app\\Views\\account\\login.php')
 3 SYSTEMPATH\View\View.php(237): CodeIgniter\View\View->CodeIgniter\View\{closure}()
 4 SYSTEMPATH\Common.php(1171): CodeIgniter\View\View->render()
 5 APPPATH\Controllers\Page.php(9): view()
 6 SYSTEMPATH\CodeIgniter.php(933): App\Controllers\Page->index()
 7 SYSTEMPATH\CodeIgniter.php(509): CodeIgniter\CodeIgniter->runController()
 8 SYSTEMPATH\CodeIgniter.php(355): CodeIgniter\CodeIgniter->handleRequest()
 9 SYSTEMPATH\Boot.php(312): CodeIgniter\CodeIgniter->run()
10 SYSTEMPATH\Boot.php(67): CodeIgniter\Boot::runCodeIgniter()
11 FCPATH\index.php(56): CodeIgniter\Boot::bootWeb()
12 SYSTEMPATH\Commands\Server\rewrite.php(49): require_once('C:\\Users\\gtk\\Documents\\Coding\\personal\\dalaria_chargen_v2\\public\\index.php')
CRITICAL - 2024-04-29 12:31:32 --> Error: Call to undefined function get_instance()
[Method: GET, Route: /]
in APPPATH\Helpers\url_helper.php on line 14.
 1 APPPATH\Views\_templates\framework.php(15): image_path()
 2 SYSTEMPATH\View\View.php(234): include('C:\\Users\\gtk\\Documents\\Coding\\personal\\dalaria_chargen_v2\\app\\Views\\_templates\\framework.php')
 3 SYSTEMPATH\View\View.php(237): CodeIgniter\View\View->CodeIgniter\View\{closure}()
 4 SYSTEMPATH\Common.php(1171): CodeIgniter\View\View->render()
 5 APPPATH\Controllers\Page.php(10): view()
 6 SYSTEMPATH\CodeIgniter.php(933): App\Controllers\Page->index()
 7 SYSTEMPATH\CodeIgniter.php(509): CodeIgniter\CodeIgniter->runController()
 8 SYSTEMPATH\CodeIgniter.php(355): CodeIgniter\CodeIgniter->handleRequest()
 9 SYSTEMPATH\Boot.php(312): CodeIgniter\CodeIgniter->run()
10 SYSTEMPATH\Boot.php(67): CodeIgniter\Boot::runCodeIgniter()
11 FCPATH\index.php(56): CodeIgniter\Boot::bootWeb()
12 SYSTEMPATH\Commands\Server\rewrite.php(49): require_once('C:\\Users\\gtk\\Documents\\Coding\\personal\\dalaria_chargen_v2\\public\\index.php')
CRITICAL - 2024-04-29 12:31:32 --> Error: Call to undefined function get_instance()
[Method: GET, Route: /]
in APPPATH\Helpers\url_helper.php on line 14.
 1 APPPATH\Views\_templates\framework.php(15): image_path()
 2 SYSTEMPATH\View\View.php(234): include('C:\\Users\\gtk\\Documents\\Coding\\personal\\dalaria_chargen_v2\\app\\Views\\_templates\\framework.php')
 3 SYSTEMPATH\View\View.php(237): CodeIgniter\View\View->CodeIgniter\View\{closure}()
 4 SYSTEMPATH\Common.php(1171): CodeIgniter\View\View->render()
 5 APPPATH\Controllers\Page.php(10): view()
 6 SYSTEMPATH\CodeIgniter.php(933): App\Controllers\Page->index()
 7 SYSTEMPATH\CodeIgniter.php(509): CodeIgniter\CodeIgniter->runController()
 8 SYSTEMPATH\CodeIgniter.php(355): CodeIgniter\CodeIgniter->handleRequest()
 9 SYSTEMPATH\Boot.php(312): CodeIgniter\CodeIgniter->run()
10 SYSTEMPATH\Boot.php(67): CodeIgniter\Boot::runCodeIgniter()
11 FCPATH\index.php(56): CodeIgniter\Boot::bootWeb()
12 SYSTEMPATH\Commands\Server\rewrite.php(49): require_once('C:\\Users\\gtk\\Documents\\Coding\\personal\\dalaria_chargen_v2\\public\\index.php')
CRITICAL - 2024-04-29 12:33:26 --> Error: Call to undefined function get_instance()
[Method: GET, Route: /]
in APPPATH\Helpers\url_helper.php on line 14.
 1 APPPATH\Controllers\Page.php(9): image_path()
 2 SYSTEMPATH\CodeIgniter.php(933): App\Controllers\Page->index()
 3 SYSTEMPATH\CodeIgniter.php(509): CodeIgniter\CodeIgniter->runController()
 4 SYSTEMPATH\CodeIgniter.php(355): CodeIgniter\CodeIgniter->handleRequest()
 5 SYSTEMPATH\Boot.php(312): CodeIgniter\CodeIgniter->run()
 6 SYSTEMPATH\Boot.php(67): CodeIgniter\Boot::runCodeIgniter()
 7 FCPATH\index.php(56): CodeIgniter\Boot::bootWeb()
 8 SYSTEMPATH\Commands\Server\rewrite.php(49): require_once('C:\\Users\\gtk\\Documents\\Coding\\personal\\dalaria_chargen_v2\\public\\index.php')
CRITICAL - 2024-04-29 12:33:56 --> Error: Call to undefined function get_instance()
[Method: GET, Route: /]
in APPPATH\Helpers\url_helper.php on line 6.
 1 APPPATH\Controllers\Page.php(9): image_path()
 2 SYSTEMPATH\CodeIgniter.php(933): App\Controllers\Page->index()
 3 SYSTEMPATH\CodeIgniter.php(509): CodeIgniter\CodeIgniter->runController()
 4 SYSTEMPATH\CodeIgniter.php(355): CodeIgniter\CodeIgniter->handleRequest()
 5 SYSTEMPATH\Boot.php(312): CodeIgniter\CodeIgniter->run()
 6 SYSTEMPATH\Boot.php(67): CodeIgniter\Boot::runCodeIgniter()
 7 FCPATH\index.php(56): CodeIgniter\Boot::bootWeb()
 8 SYSTEMPATH\Commands\Server\rewrite.php(49): require_once('C:\\Users\\gtk\\Documents\\Coding\\personal\\dalaria_chargen_v2\\public\\index.php')
CRITICAL - 2024-04-29 12:33:57 --> Error: Call to undefined function get_instance()
[Method: GET, Route: /]
in APPPATH\Helpers\url_helper.php on line 6.
 1 APPPATH\Controllers\Page.php(9): image_path()
 2 SYSTEMPATH\CodeIgniter.php(933): App\Controllers\Page->index()
 3 SYSTEMPATH\CodeIgniter.php(509): CodeIgniter\CodeIgniter->runController()
 4 SYSTEMPATH\CodeIgniter.php(355): CodeIgniter\CodeIgniter->handleRequest()
 5 SYSTEMPATH\Boot.php(312): CodeIgniter\CodeIgniter->run()
 6 SYSTEMPATH\Boot.php(67): CodeIgniter\Boot::runCodeIgniter()
 7 FCPATH\index.php(56): CodeIgniter\Boot::bootWeb()
 8 SYSTEMPATH\Commands\Server\rewrite.php(49): require_once('C:\\Users\\gtk\\Documents\\Coding\\personal\\dalaria_chargen_v2\\public\\index.php')
CRITICAL - 2024-04-29 12:34:02 --> Error: Call to undefined function get_instance()
[Method: GET, Route: /]
in APPPATH\Helpers\url_helper.php on line 14.
 1 APPPATH\Controllers\Page.php(9): image_path()
 2 SYSTEMPATH\CodeIgniter.php(933): App\Controllers\Page->index()
 3 SYSTEMPATH\CodeIgniter.php(509): CodeIgniter\CodeIgniter->runController()
 4 SYSTEMPATH\CodeIgniter.php(355): CodeIgniter\CodeIgniter->handleRequest()
 5 SYSTEMPATH\Boot.php(312): CodeIgniter\CodeIgniter->run()
 6 SYSTEMPATH\Boot.php(67): CodeIgniter\Boot::runCodeIgniter()
 7 FCPATH\index.php(56): CodeIgniter\Boot::bootWeb()
 8 SYSTEMPATH\Commands\Server\rewrite.php(49): require_once('C:\\Users\\gtk\\Documents\\Coding\\personal\\dalaria_chargen_v2\\public\\index.php')
CRITICAL - 2024-04-29 12:35:47 --> Error: Call to undefined function get_instance()
[Method: GET, Route: /]
in APPPATH\Helpers\url_helper.php on line 14.
 1 APPPATH\Controllers\Page.php(9): image_path()
 2 SYSTEMPATH\CodeIgniter.php(933): App\Controllers\Page->index()
 3 SYSTEMPATH\CodeIgniter.php(509): CodeIgniter\CodeIgniter->runController()
 4 SYSTEMPATH\CodeIgniter.php(355): CodeIgniter\CodeIgniter->handleRequest()
 5 SYSTEMPATH\Boot.php(312): CodeIgniter\CodeIgniter->run()
 6 SYSTEMPATH\Boot.php(67): CodeIgniter\Boot::runCodeIgniter()
 7 FCPATH\index.php(56): CodeIgniter\Boot::bootWeb()
 8 SYSTEMPATH\Commands\Server\rewrite.php(49): require_once('C:\\Users\\gtk\\Documents\\Coding\\personal\\dalaria_chargen_v2\\public\\index.php')
CRITICAL - 2024-04-29 12:35:48 --> Error: Call to undefined function get_instance()
[Method: GET, Route: /]
in APPPATH\Helpers\url_helper.php on line 14.
 1 APPPATH\Controllers\Page.php(9): image_path()
 2 SYSTEMPATH\CodeIgniter.php(933): App\Controllers\Page->index()
 3 SYSTEMPATH\CodeIgniter.php(509): CodeIgniter\CodeIgniter->runController()
 4 SYSTEMPATH\CodeIgniter.php(355): CodeIgniter\CodeIgniter->handleRequest()
 5 SYSTEMPATH\Boot.php(312): CodeIgniter\CodeIgniter->run()
 6 SYSTEMPATH\Boot.php(67): CodeIgniter\Boot::runCodeIgniter()
 7 FCPATH\index.php(56): CodeIgniter\Boot::bootWeb()
 8 SYSTEMPATH\Commands\Server\rewrite.php(49): require_once('C:\\Users\\gtk\\Documents\\Coding\\personal\\dalaria_chargen_v2\\public\\index.php')
CRITICAL - 2024-04-29 12:36:17 --> Error: Call to undefined function get_instance()
[Method: GET, Route: /]
in APPPATH\Helpers\url_helper.php on line 14.
 1 APPPATH\Views\account\login.php(4): image_path()
 2 SYSTEMPATH\View\View.php(234): include('C:\\Users\\gtk\\Documents\\Coding\\personal\\dalaria_chargen_v2\\app\\Views\\account\\login.php')
 3 SYSTEMPATH\View\View.php(237): CodeIgniter\View\View->CodeIgniter\View\{closure}()
 4 SYSTEMPATH\Common.php(1171): CodeIgniter\View\View->render()
 5 APPPATH\Controllers\Page.php(9): view()
 6 SYSTEMPATH\CodeIgniter.php(933): App\Controllers\Page->index()
 7 SYSTEMPATH\CodeIgniter.php(509): CodeIgniter\CodeIgniter->runController()
 8 SYSTEMPATH\CodeIgniter.php(355): CodeIgniter\CodeIgniter->handleRequest()
 9 SYSTEMPATH\Boot.php(312): CodeIgniter\CodeIgniter->run()
10 SYSTEMPATH\Boot.php(67): CodeIgniter\Boot::runCodeIgniter()
11 FCPATH\index.php(56): CodeIgniter\Boot::bootWeb()
12 SYSTEMPATH\Commands\Server\rewrite.php(49): require_once('C:\\Users\\gtk\\Documents\\Coding\\personal\\dalaria_chargen_v2\\public\\index.php')
CRITICAL - 2024-04-29 12:36:43 --> Error: Call to undefined function get_instance()
[Method: GET, Route: /]
in APPPATH\Helpers\url_helper.php on line 14.
 1 APPPATH\Views\account\login.php(4): image_path()
 2 SYSTEMPATH\View\View.php(234): include('C:\\Users\\gtk\\Documents\\Coding\\personal\\dalaria_chargen_v2\\app\\Views\\account\\login.php')
 3 SYSTEMPATH\View\View.php(237): CodeIgniter\View\View->CodeIgniter\View\{closure}()
 4 SYSTEMPATH\Common.php(1171): CodeIgniter\View\View->render()
 5 APPPATH\Controllers\Page.php(9): view()
 6 SYSTEMPATH\CodeIgniter.php(933): App\Controllers\Page->index()
 7 SYSTEMPATH\CodeIgniter.php(509): CodeIgniter\CodeIgniter->runController()
 8 SYSTEMPATH\CodeIgniter.php(355): CodeIgniter\CodeIgniter->handleRequest()
 9 SYSTEMPATH\Boot.php(312): CodeIgniter\CodeIgniter->run()
10 SYSTEMPATH\Boot.php(67): CodeIgniter\Boot::runCodeIgniter()
11 FCPATH\index.php(56): CodeIgniter\Boot::bootWeb()
12 SYSTEMPATH\Commands\Server\rewrite.php(49): require_once('C:\\Users\\gtk\\Documents\\Coding\\personal\\dalaria_chargen_v2\\public\\index.php')
CRITICAL - 2024-04-29 12:36:43 --> Error: Call to undefined function get_instance()
[Method: GET, Route: /]
in APPPATH\Helpers\url_helper.php on line 14.
 1 APPPATH\Views\account\login.php(4): image_path()
 2 SYSTEMPATH\View\View.php(234): include('C:\\Users\\gtk\\Documents\\Coding\\personal\\dalaria_chargen_v2\\app\\Views\\account\\login.php')
 3 SYSTEMPATH\View\View.php(237): CodeIgniter\View\View->CodeIgniter\View\{closure}()
 4 SYSTEMPATH\Common.php(1171): CodeIgniter\View\View->render()
 5 APPPATH\Controllers\Page.php(9): view()
 6 SYSTEMPATH\CodeIgniter.php(933): App\Controllers\Page->index()
 7 SYSTEMPATH\CodeIgniter.php(509): CodeIgniter\CodeIgniter->runController()
 8 SYSTEMPATH\CodeIgniter.php(355): CodeIgniter\CodeIgniter->handleRequest()
 9 SYSTEMPATH\Boot.php(312): CodeIgniter\CodeIgniter->run()
10 SYSTEMPATH\Boot.php(67): CodeIgniter\Boot::runCodeIgniter()
11 FCPATH\index.php(56): CodeIgniter\Boot::bootWeb()
12 SYSTEMPATH\Commands\Server\rewrite.php(49): require_once('C:\\Users\\gtk\\Documents\\Coding\\personal\\dalaria_chargen_v2\\public\\index.php')
CRITICAL - 2024-04-29 12:36:44 --> Error: Call to undefined function get_instance()
[Method: GET, Route: /]
in APPPATH\Helpers\url_helper.php on line 14.
 1 APPPATH\Views\account\login.php(4): image_path()
 2 SYSTEMPATH\View\View.php(234): include('C:\\Users\\gtk\\Documents\\Coding\\personal\\dalaria_chargen_v2\\app\\Views\\account\\login.php')
 3 SYSTEMPATH\View\View.php(237): CodeIgniter\View\View->CodeIgniter\View\{closure}()
 4 SYSTEMPATH\Common.php(1171): CodeIgniter\View\View->render()
 5 APPPATH\Controllers\Page.php(9): view()
 6 SYSTEMPATH\CodeIgniter.php(933): App\Controllers\Page->index()
 7 SYSTEMPATH\CodeIgniter.php(509): CodeIgniter\CodeIgniter->runController()
 8 SYSTEMPATH\CodeIgniter.php(355): CodeIgniter\CodeIgniter->handleRequest()
 9 SYSTEMPATH\Boot.php(312): CodeIgniter\CodeIgniter->run()
10 SYSTEMPATH\Boot.php(67): CodeIgniter\Boot::runCodeIgniter()
11 FCPATH\index.php(56): CodeIgniter\Boot::bootWeb()
12 SYSTEMPATH\Commands\Server\rewrite.php(49): require_once('C:\\Users\\gtk\\Documents\\Coding\\personal\\dalaria_chargen_v2\\public\\index.php')
CRITICAL - 2024-04-29 12:36:58 --> Error: Call to undefined function get_instance()
[Method: GET, Route: /]
in APPPATH\Helpers\url_helper.php on line 14.
 1 APPPATH\Views\account\login.php(4): image_path()
 2 SYSTEMPATH\View\View.php(234): include('C:\\Users\\gtk\\Documents\\Coding\\personal\\dalaria_chargen_v2\\app\\Views\\account\\login.php')
 3 SYSTEMPATH\View\View.php(237): CodeIgniter\View\View->CodeIgniter\View\{closure}()
 4 SYSTEMPATH\Common.php(1171): CodeIgniter\View\View->render()
 5 APPPATH\Controllers\Page.php(9): view()
 6 SYSTEMPATH\CodeIgniter.php(933): App\Controllers\Page->index()
 7 SYSTEMPATH\CodeIgniter.php(509): CodeIgniter\CodeIgniter->runController()
 8 SYSTEMPATH\CodeIgniter.php(355): CodeIgniter\CodeIgniter->handleRequest()
 9 SYSTEMPATH\Boot.php(312): CodeIgniter\CodeIgniter->run()
10 SYSTEMPATH\Boot.php(67): CodeIgniter\Boot::runCodeIgniter()
11 FCPATH\index.php(56): CodeIgniter\Boot::bootWeb()
12 SYSTEMPATH\Commands\Server\rewrite.php(49): require_once('C:\\Users\\gtk\\Documents\\Coding\\personal\\dalaria_chargen_v2\\public\\index.php')
CRITICAL - 2024-04-29 13:02:25 --> Error: Call to undefined function get_instance()
[Method: GET, Route: /]
in APPPATH\Helpers\url_helper.php on line 14.
 1 APPPATH\Views\account\login.php(4): image_path()
 2 SYSTEMPATH\View\View.php(234): include('C:\\Users\\gtk\\Documents\\Coding\\personal\\dalaria_chargen_v2\\app\\Views\\account\\login.php')
 3 SYSTEMPATH\View\View.php(237): CodeIgniter\View\View->CodeIgniter\View\{closure}()
 4 SYSTEMPATH\Common.php(1171): CodeIgniter\View\View->render()
 5 APPPATH\Controllers\Page.php(9): view()
 6 SYSTEMPATH\CodeIgniter.php(933): App\Controllers\Page->index()
 7 SYSTEMPATH\CodeIgniter.php(509): CodeIgniter\CodeIgniter->runController()
 8 SYSTEMPATH\CodeIgniter.php(355): CodeIgniter\CodeIgniter->handleRequest()
 9 SYSTEMPATH\Boot.php(312): CodeIgniter\CodeIgniter->run()
10 SYSTEMPATH\Boot.php(67): CodeIgniter\Boot::runCodeIgniter()
11 FCPATH\index.php(56): CodeIgniter\Boot::bootWeb()
12 SYSTEMPATH\Commands\Server\rewrite.php(49): require_once('C:\\Users\\gtk\\Documents\\Coding\\personal\\dalaria_chargen_v2\\public\\index.php')
CRITICAL - 2024-04-29 13:05:07 --> Error: Call to undefined function get_instance()
[Method: GET, Route: /]
in APPPATH\Helpers\url_helper.php on line 14.
 1 APPPATH\Views\account\login.php(4): image_path()
 2 SYSTEMPATH\View\View.php(234): include('C:\\Users\\gtk\\Documents\\Coding\\personal\\dalaria_chargen_v2\\app\\Views\\account\\login.php')
 3 SYSTEMPATH\View\View.php(237): CodeIgniter\View\View->CodeIgniter\View\{closure}()
 4 SYSTEMPATH\Common.php(1171): CodeIgniter\View\View->render()
 5 APPPATH\Controllers\Page.php(9): view()
 6 SYSTEMPATH\CodeIgniter.php(933): App\Controllers\Page->index()
 7 SYSTEMPATH\CodeIgniter.php(509): CodeIgniter\CodeIgniter->runController()
 8 SYSTEMPATH\CodeIgniter.php(355): CodeIgniter\CodeIgniter->handleRequest()
 9 SYSTEMPATH\Boot.php(312): CodeIgniter\CodeIgniter->run()
10 SYSTEMPATH\Boot.php(67): CodeIgniter\Boot::runCodeIgniter()
11 FCPATH\index.php(56): CodeIgniter\Boot::bootWeb()
12 SYSTEMPATH\Commands\Server\rewrite.php(49): require_once('C:\\Users\\gtk\\Documents\\Coding\\personal\\dalaria_chargen_v2\\public\\index.php')
CRITICAL - 2024-04-29 13:05:08 --> Error: Call to undefined function get_instance()
[Method: GET, Route: /]
in APPPATH\Helpers\url_helper.php on line 14.
 1 APPPATH\Views\account\login.php(4): image_path()
 2 SYSTEMPATH\View\View.php(234): include('C:\\Users\\gtk\\Documents\\Coding\\personal\\dalaria_chargen_v2\\app\\Views\\account\\login.php')
 3 SYSTEMPATH\View\View.php(237): CodeIgniter\View\View->CodeIgniter\View\{closure}()
 4 SYSTEMPATH\Common.php(1171): CodeIgniter\View\View->render()
 5 APPPATH\Controllers\Page.php(9): view()
 6 SYSTEMPATH\CodeIgniter.php(933): App\Controllers\Page->index()
 7 SYSTEMPATH\CodeIgniter.php(509): CodeIgniter\CodeIgniter->runController()
 8 SYSTEMPATH\CodeIgniter.php(355): CodeIgniter\CodeIgniter->handleRequest()
 9 SYSTEMPATH\Boot.php(312): CodeIgniter\CodeIgniter->run()
10 SYSTEMPATH\Boot.php(67): CodeIgniter\Boot::runCodeIgniter()
11 FCPATH\index.php(56): CodeIgniter\Boot::bootWeb()
12 SYSTEMPATH\Commands\Server\rewrite.php(49): require_once('C:\\Users\\gtk\\Documents\\Coding\\personal\\dalaria_chargen_v2\\public\\index.php')
CRITICAL - 2024-04-29 13:08:38 --> Error: Call to undefined function get_instance()
[Method: GET, Route: /]
in APPPATH\Helpers\url_helper.php on line 14.
 1 APPPATH\Views\account\login.php(4): image_path()
 2 SYSTEMPATH\View\View.php(234): include('C:\\Users\\gtk\\Documents\\Coding\\personal\\dalaria_chargen_v2\\app\\Views\\account\\login.php')
 3 SYSTEMPATH\View\View.php(237): CodeIgniter\View\View->CodeIgniter\View\{closure}()
 4 SYSTEMPATH\Common.php(1171): CodeIgniter\View\View->render()
 5 APPPATH\Controllers\Page.php(12): view()
 6 SYSTEMPATH\CodeIgniter.php(933): App\Controllers\Page->index()
 7 SYSTEMPATH\CodeIgniter.php(509): CodeIgniter\CodeIgniter->runController()
 8 SYSTEMPATH\CodeIgniter.php(355): CodeIgniter\CodeIgniter->handleRequest()
 9 SYSTEMPATH\Boot.php(312): CodeIgniter\CodeIgniter->run()
10 SYSTEMPATH\Boot.php(67): CodeIgniter\Boot::runCodeIgniter()
11 FCPATH\index.php(56): CodeIgniter\Boot::bootWeb()
12 SYSTEMPATH\Commands\Server\rewrite.php(49): require_once('C:\\Users\\gtk\\Documents\\Coding\\personal\\dalaria_chargen_v2\\public\\index.php')
CRITICAL - 2024-04-29 13:08:38 --> Error: Call to undefined function get_instance()
[Method: GET, Route: /]
in APPPATH\Helpers\url_helper.php on line 14.
 1 APPPATH\Views\account\login.php(4): image_path()
 2 SYSTEMPATH\View\View.php(234): include('C:\\Users\\gtk\\Documents\\Coding\\personal\\dalaria_chargen_v2\\app\\Views\\account\\login.php')
 3 SYSTEMPATH\View\View.php(237): CodeIgniter\View\View->CodeIgniter\View\{closure}()
 4 SYSTEMPATH\Common.php(1171): CodeIgniter\View\View->render()
 5 APPPATH\Controllers\Page.php(12): view()
 6 SYSTEMPATH\CodeIgniter.php(933): App\Controllers\Page->index()
 7 SYSTEMPATH\CodeIgniter.php(509): CodeIgniter\CodeIgniter->runController()
 8 SYSTEMPATH\CodeIgniter.php(355): CodeIgniter\CodeIgniter->handleRequest()
 9 SYSTEMPATH\Boot.php(312): CodeIgniter\CodeIgniter->run()
10 SYSTEMPATH\Boot.php(67): CodeIgniter\Boot::runCodeIgniter()
11 FCPATH\index.php(56): CodeIgniter\Boot::bootWeb()
12 SYSTEMPATH\Commands\Server\rewrite.php(49): require_once('C:\\Users\\gtk\\Documents\\Coding\\personal\\dalaria_chargen_v2\\public\\index.php')
CRITICAL - 2024-04-29 13:08:39 --> Error: Call to undefined function get_instance()
[Method: GET, Route: /]
in APPPATH\Helpers\url_helper.php on line 14.
 1 APPPATH\Views\account\login.php(4): image_path()
 2 SYSTEMPATH\View\View.php(234): include('C:\\Users\\gtk\\Documents\\Coding\\personal\\dalaria_chargen_v2\\app\\Views\\account\\login.php')
 3 SYSTEMPATH\View\View.php(237): CodeIgniter\View\View->CodeIgniter\View\{closure}()
 4 SYSTEMPATH\Common.php(1171): CodeIgniter\View\View->render()
 5 APPPATH\Controllers\Page.php(12): view()
 6 SYSTEMPATH\CodeIgniter.php(933): App\Controllers\Page->index()
 7 SYSTEMPATH\CodeIgniter.php(509): CodeIgniter\CodeIgniter->runController()
 8 SYSTEMPATH\CodeIgniter.php(355): CodeIgniter\CodeIgniter->handleRequest()
 9 SYSTEMPATH\Boot.php(312): CodeIgniter\CodeIgniter->run()
10 SYSTEMPATH\Boot.php(67): CodeIgniter\Boot::runCodeIgniter()
11 FCPATH\index.php(56): CodeIgniter\Boot::bootWeb()
12 SYSTEMPATH\Commands\Server\rewrite.php(49): require_once('C:\\Users\\gtk\\Documents\\Coding\\personal\\dalaria_chargen_v2\\public\\index.php')
CRITICAL - 2024-04-29 13:08:39 --> Error: Call to undefined function get_instance()
[Method: GET, Route: /]
in APPPATH\Helpers\url_helper.php on line 14.
 1 APPPATH\Views\account\login.php(4): image_path()
 2 SYSTEMPATH\View\View.php(234): include('C:\\Users\\gtk\\Documents\\Coding\\personal\\dalaria_chargen_v2\\app\\Views\\account\\login.php')
 3 SYSTEMPATH\View\View.php(237): CodeIgniter\View\View->CodeIgniter\View\{closure}()
 4 SYSTEMPATH\Common.php(1171): CodeIgniter\View\View->render()
 5 APPPATH\Controllers\Page.php(12): view()
 6 SYSTEMPATH\CodeIgniter.php(933): App\Controllers\Page->index()
 7 SYSTEMPATH\CodeIgniter.php(509): CodeIgniter\CodeIgniter->runController()
 8 SYSTEMPATH\CodeIgniter.php(355): CodeIgniter\CodeIgniter->handleRequest()
 9 SYSTEMPATH\Boot.php(312): CodeIgniter\CodeIgniter->run()
10 SYSTEMPATH\Boot.php(67): CodeIgniter\Boot::runCodeIgniter()
11 FCPATH\index.php(56): CodeIgniter\Boot::bootWeb()
12 SYSTEMPATH\Commands\Server\rewrite.php(49): require_once('C:\\Users\\gtk\\Documents\\Coding\\personal\\dalaria_chargen_v2\\public\\index.php')
CRITICAL - 2024-04-29 13:08:39 --> Error: Call to undefined function get_instance()
[Method: GET, Route: /]
in APPPATH\Helpers\url_helper.php on line 14.
 1 APPPATH\Views\account\login.php(4): image_path()
 2 SYSTEMPATH\View\View.php(234): include('C:\\Users\\gtk\\Documents\\Coding\\personal\\dalaria_chargen_v2\\app\\Views\\account\\login.php')
 3 SYSTEMPATH\View\View.php(237): CodeIgniter\View\View->CodeIgniter\View\{closure}()
 4 SYSTEMPATH\Common.php(1171): CodeIgniter\View\View->render()
 5 APPPATH\Controllers\Page.php(12): view()
 6 SYSTEMPATH\CodeIgniter.php(933): App\Controllers\Page->index()
 7 SYSTEMPATH\CodeIgniter.php(509): CodeIgniter\CodeIgniter->runController()
 8 SYSTEMPATH\CodeIgniter.php(355): CodeIgniter\CodeIgniter->handleRequest()
 9 SYSTEMPATH\Boot.php(312): CodeIgniter\CodeIgniter->run()
10 SYSTEMPATH\Boot.php(67): CodeIgniter\Boot::runCodeIgniter()
11 FCPATH\index.php(56): CodeIgniter\Boot::bootWeb()
12 SYSTEMPATH\Commands\Server\rewrite.php(49): require_once('C:\\Users\\gtk\\Documents\\Coding\\personal\\dalaria_chargen_v2\\public\\index.php')
CRITICAL - 2024-04-29 13:08:39 --> Error: Call to undefined function get_instance()
[Method: GET, Route: /]
in APPPATH\Helpers\url_helper.php on line 14.
 1 APPPATH\Views\account\login.php(4): image_path()
 2 SYSTEMPATH\View\View.php(234): include('C:\\Users\\gtk\\Documents\\Coding\\personal\\dalaria_chargen_v2\\app\\Views\\account\\login.php')
 3 SYSTEMPATH\View\View.php(237): CodeIgniter\View\View->CodeIgniter\View\{closure}()
 4 SYSTEMPATH\Common.php(1171): CodeIgniter\View\View->render()
 5 APPPATH\Controllers\Page.php(12): view()
 6 SYSTEMPATH\CodeIgniter.php(933): App\Controllers\Page->index()
 7 SYSTEMPATH\CodeIgniter.php(509): CodeIgniter\CodeIgniter->runController()
 8 SYSTEMPATH\CodeIgniter.php(355): CodeIgniter\CodeIgniter->handleRequest()
 9 SYSTEMPATH\Boot.php(312): CodeIgniter\CodeIgniter->run()
10 SYSTEMPATH\Boot.php(67): CodeIgniter\Boot::runCodeIgniter()
11 FCPATH\index.php(56): CodeIgniter\Boot::bootWeb()
12 SYSTEMPATH\Commands\Server\rewrite.php(49): require_once('C:\\Users\\gtk\\Documents\\Coding\\personal\\dalaria_chargen_v2\\public\\index.php')
CRITICAL - 2024-04-29 13:08:39 --> Error: Call to undefined function get_instance()
[Method: GET, Route: /]
in APPPATH\Helpers\url_helper.php on line 14.
 1 APPPATH\Views\account\login.php(4): image_path()
 2 SYSTEMPATH\View\View.php(234): include('C:\\Users\\gtk\\Documents\\Coding\\personal\\dalaria_chargen_v2\\app\\Views\\account\\login.php')
 3 SYSTEMPATH\View\View.php(237): CodeIgniter\View\View->CodeIgniter\View\{closure}()
 4 SYSTEMPATH\Common.php(1171): CodeIgniter\View\View->render()
 5 APPPATH\Controllers\Page.php(12): view()
 6 SYSTEMPATH\CodeIgniter.php(933): App\Controllers\Page->index()
 7 SYSTEMPATH\CodeIgniter.php(509): CodeIgniter\CodeIgniter->runController()
 8 SYSTEMPATH\CodeIgniter.php(355): CodeIgniter\CodeIgniter->handleRequest()
 9 SYSTEMPATH\Boot.php(312): CodeIgniter\CodeIgniter->run()
10 SYSTEMPATH\Boot.php(67): CodeIgniter\Boot::runCodeIgniter()
11 FCPATH\index.php(56): CodeIgniter\Boot::bootWeb()
12 SYSTEMPATH\Commands\Server\rewrite.php(49): require_once('C:\\Users\\gtk\\Documents\\Coding\\personal\\dalaria_chargen_v2\\public\\index.php')
CRITICAL - 2024-04-29 13:08:40 --> Error: Call to undefined function get_instance()
[Method: GET, Route: /]
in APPPATH\Helpers\url_helper.php on line 14.
 1 APPPATH\Views\account\login.php(4): image_path()
 2 SYSTEMPATH\View\View.php(234): include('C:\\Users\\gtk\\Documents\\Coding\\personal\\dalaria_chargen_v2\\app\\Views\\account\\login.php')
 3 SYSTEMPATH\View\View.php(237): CodeIgniter\View\View->CodeIgniter\View\{closure}()
 4 SYSTEMPATH\Common.php(1171): CodeIgniter\View\View->render()
 5 APPPATH\Controllers\Page.php(12): view()
 6 SYSTEMPATH\CodeIgniter.php(933): App\Controllers\Page->index()
 7 SYSTEMPATH\CodeIgniter.php(509): CodeIgniter\CodeIgniter->runController()
 8 SYSTEMPATH\CodeIgniter.php(355): CodeIgniter\CodeIgniter->handleRequest()
 9 SYSTEMPATH\Boot.php(312): CodeIgniter\CodeIgniter->run()
10 SYSTEMPATH\Boot.php(67): CodeIgniter\Boot::runCodeIgniter()
11 FCPATH\index.php(56): CodeIgniter\Boot::bootWeb()
12 SYSTEMPATH\Commands\Server\rewrite.php(49): require_once('C:\\Users\\gtk\\Documents\\Coding\\personal\\dalaria_chargen_v2\\public\\index.php')
CRITICAL - 2024-04-29 13:08:40 --> Error: Call to undefined function get_instance()
[Method: GET, Route: /]
in APPPATH\Helpers\url_helper.php on line 14.
 1 APPPATH\Views\account\login.php(4): image_path()
 2 SYSTEMPATH\View\View.php(234): include('C:\\Users\\gtk\\Documents\\Coding\\personal\\dalaria_chargen_v2\\app\\Views\\account\\login.php')
 3 SYSTEMPATH\View\View.php(237): CodeIgniter\View\View->CodeIgniter\View\{closure}()
 4 SYSTEMPATH\Common.php(1171): CodeIgniter\View\View->render()
 5 APPPATH\Controllers\Page.php(12): view()
 6 SYSTEMPATH\CodeIgniter.php(933): App\Controllers\Page->index()
 7 SYSTEMPATH\CodeIgniter.php(509): CodeIgniter\CodeIgniter->runController()
 8 SYSTEMPATH\CodeIgniter.php(355): CodeIgniter\CodeIgniter->handleRequest()
 9 SYSTEMPATH\Boot.php(312): CodeIgniter\CodeIgniter->run()
10 SYSTEMPATH\Boot.php(67): CodeIgniter\Boot::runCodeIgniter()
11 FCPATH\index.php(56): CodeIgniter\Boot::bootWeb()
12 SYSTEMPATH\Commands\Server\rewrite.php(49): require_once('C:\\Users\\gtk\\Documents\\Coding\\personal\\dalaria_chargen_v2\\public\\index.php')
CRITICAL - 2024-04-29 13:09:57 --> Error: Call to undefined function get_instance()
[Method: GET, Route: /]
in APPPATH\Helpers\url_helper.php on line 14.
 1 APPPATH\Views\account\login.php(4): image_path()
 2 SYSTEMPATH\View\View.php(234): include('C:\\Users\\gtk\\Documents\\Coding\\personal\\dalaria_chargen_v2\\app\\Views\\account\\login.php')
 3 SYSTEMPATH\View\View.php(237): CodeIgniter\View\View->CodeIgniter\View\{closure}()
 4 SYSTEMPATH\Common.php(1171): CodeIgniter\View\View->render()
 5 APPPATH\Controllers\Page.php(9): view()
 6 SYSTEMPATH\CodeIgniter.php(933): App\Controllers\Page->index()
 7 SYSTEMPATH\CodeIgniter.php(509): CodeIgniter\CodeIgniter->runController()
 8 SYSTEMPATH\CodeIgniter.php(355): CodeIgniter\CodeIgniter->handleRequest()
 9 SYSTEMPATH\Boot.php(312): CodeIgniter\CodeIgniter->run()
10 SYSTEMPATH\Boot.php(67): CodeIgniter\Boot::runCodeIgniter()
11 FCPATH\index.php(56): CodeIgniter\Boot::bootWeb()
12 SYSTEMPATH\Commands\Server\rewrite.php(49): require_once('C:\\Users\\gtk\\Documents\\Coding\\personal\\dalaria_chargen_v2\\public\\index.php')
CRITICAL - 2024-04-29 13:09:58 --> Error: Call to undefined function get_instance()
[Method: GET, Route: /]
in APPPATH\Helpers\url_helper.php on line 14.
 1 APPPATH\Views\account\login.php(4): image_path()
 2 SYSTEMPATH\View\View.php(234): include('C:\\Users\\gtk\\Documents\\Coding\\personal\\dalaria_chargen_v2\\app\\Views\\account\\login.php')
 3 SYSTEMPATH\View\View.php(237): CodeIgniter\View\View->CodeIgniter\View\{closure}()
 4 SYSTEMPATH\Common.php(1171): CodeIgniter\View\View->render()
 5 APPPATH\Controllers\Page.php(9): view()
 6 SYSTEMPATH\CodeIgniter.php(933): App\Controllers\Page->index()
 7 SYSTEMPATH\CodeIgniter.php(509): CodeIgniter\CodeIgniter->runController()
 8 SYSTEMPATH\CodeIgniter.php(355): CodeIgniter\CodeIgniter->handleRequest()
 9 SYSTEMPATH\Boot.php(312): CodeIgniter\CodeIgniter->run()
10 SYSTEMPATH\Boot.php(67): CodeIgniter\Boot::runCodeIgniter()
11 FCPATH\index.php(56): CodeIgniter\Boot::bootWeb()
12 SYSTEMPATH\Commands\Server\rewrite.php(49): require_once('C:\\Users\\gtk\\Documents\\Coding\\personal\\dalaria_chargen_v2\\public\\index.php')
CRITICAL - 2024-04-29 13:25:00 --> Error: Call to undefined function get_instance()
[Method: GET, Route: /]
in APPPATH\Helpers\url_helper.php on line 14.
 1 APPPATH\Views\account\login.php(4): image_path()
 2 SYSTEMPATH\View\View.php(234): include('C:\\Users\\gtk\\Documents\\Coding\\personal\\dalaria_chargen_v2\\app\\Views\\account\\login.php')
 3 SYSTEMPATH\View\View.php(237): CodeIgniter\View\View->CodeIgniter\View\{closure}()
 4 SYSTEMPATH\Common.php(1171): CodeIgniter\View\View->render()
 5 APPPATH\Controllers\Page.php(9): view()
 6 SYSTEMPATH\CodeIgniter.php(933): App\Controllers\Page->index()
 7 SYSTEMPATH\CodeIgniter.php(509): CodeIgniter\CodeIgniter->runController()
 8 SYSTEMPATH\CodeIgniter.php(355): CodeIgniter\CodeIgniter->handleRequest()
 9 SYSTEMPATH\Boot.php(312): CodeIgniter\CodeIgniter->run()
10 SYSTEMPATH\Boot.php(67): CodeIgniter\Boot::runCodeIgniter()
11 FCPATH\index.php(56): CodeIgniter\Boot::bootWeb()
12 SYSTEMPATH\Commands\Server\rewrite.php(49): require_once('C:\\Users\\gtk\\Documents\\Coding\\personal\\dalaria_chargen_v2\\public\\index.php')
CRITICAL - 2024-04-29 13:30:14 --> Error: Call to undefined function get_instance()
[Method: GET, Route: /]
in APPPATH\Helpers\url_helper.php on line 14.
 1 APPPATH\Views\account\login.php(4): image_path()
 2 SYSTEMPATH\View\View.php(234): include('C:\\Users\\gtk\\Documents\\Coding\\personal\\dalaria_chargen_v2\\app\\Views\\account\\login.php')
 3 SYSTEMPATH\View\View.php(237): CodeIgniter\View\View->CodeIgniter\View\{closure}()
 4 SYSTEMPATH\Common.php(1171): CodeIgniter\View\View->render()
 5 APPPATH\Controllers\Page.php(9): view()
 6 SYSTEMPATH\CodeIgniter.php(933): App\Controllers\Page->index()
 7 SYSTEMPATH\CodeIgniter.php(509): CodeIgniter\CodeIgniter->runController()
 8 SYSTEMPATH\CodeIgniter.php(355): CodeIgniter\CodeIgniter->handleRequest()
 9 SYSTEMPATH\Boot.php(312): CodeIgniter\CodeIgniter->run()
10 SYSTEMPATH\Boot.php(67): CodeIgniter\Boot::runCodeIgniter()
11 FCPATH\index.php(56): CodeIgniter\Boot::bootWeb()
12 SYSTEMPATH\Commands\Server\rewrite.php(49): require_once('C:\\Users\\gtk\\Documents\\Coding\\personal\\dalaria_chargen_v2\\public\\index.php')
CRITICAL - 2024-04-29 13:30:49 --> TypeError: image_path(): Return value must be of type string, none returned
[Method: GET, Route: /]
in APPPATH\Helpers\url_helper.php on line 17.
 1 APPPATH\Views\account\login.php(4): image_path()
 2 SYSTEMPATH\View\View.php(234): include('C:\\Users\\gtk\\Documents\\Coding\\personal\\dalaria_chargen_v2\\app\\Views\\account\\login.php')
 3 SYSTEMPATH\View\View.php(237): CodeIgniter\View\View->CodeIgniter\View\{closure}()
 4 SYSTEMPATH\Common.php(1171): CodeIgniter\View\View->render()
 5 APPPATH\Controllers\Page.php(9): view()
 6 SYSTEMPATH\CodeIgniter.php(933): App\Controllers\Page->index()
 7 SYSTEMPATH\CodeIgniter.php(509): CodeIgniter\CodeIgniter->runController()
 8 SYSTEMPATH\CodeIgniter.php(355): CodeIgniter\CodeIgniter->handleRequest()
 9 SYSTEMPATH\Boot.php(312): CodeIgniter\CodeIgniter->run()
10 SYSTEMPATH\Boot.php(67): CodeIgniter\Boot::runCodeIgniter()
11 FCPATH\index.php(56): CodeIgniter\Boot::bootWeb()
12 SYSTEMPATH\Commands\Server\rewrite.php(49): require_once('C:\\Users\\gtk\\Documents\\Coding\\personal\\dalaria_chargen_v2\\public\\index.php')
CRITICAL - 2024-04-29 13:30:50 --> TypeError: image_path(): Return value must be of type string, none returned
[Method: GET, Route: /]
in APPPATH\Helpers\url_helper.php on line 17.
 1 APPPATH\Views\account\login.php(4): image_path()
 2 SYSTEMPATH\View\View.php(234): include('C:\\Users\\gtk\\Documents\\Coding\\personal\\dalaria_chargen_v2\\app\\Views\\account\\login.php')
 3 SYSTEMPATH\View\View.php(237): CodeIgniter\View\View->CodeIgniter\View\{closure}()
 4 SYSTEMPATH\Common.php(1171): CodeIgniter\View\View->render()
 5 APPPATH\Controllers\Page.php(9): view()
 6 SYSTEMPATH\CodeIgniter.php(933): App\Controllers\Page->index()
 7 SYSTEMPATH\CodeIgniter.php(509): CodeIgniter\CodeIgniter->runController()
 8 SYSTEMPATH\CodeIgniter.php(355): CodeIgniter\CodeIgniter->handleRequest()
 9 SYSTEMPATH\Boot.php(312): CodeIgniter\CodeIgniter->run()
10 SYSTEMPATH\Boot.php(67): CodeIgniter\Boot::runCodeIgniter()
11 FCPATH\index.php(56): CodeIgniter\Boot::bootWeb()
12 SYSTEMPATH\Commands\Server\rewrite.php(49): require_once('C:\\Users\\gtk\\Documents\\Coding\\personal\\dalaria_chargen_v2\\public\\index.php')
CRITICAL - 2024-04-29 13:31:09 --> TypeError: image_path(): Return value must be of type string, none returned
[Method: GET, Route: /]
in APPPATH\Helpers\url_helper.php on line 17.
 1 APPPATH\Views\account\login.php(4): image_path()
 2 SYSTEMPATH\View\View.php(234): include('C:\\Users\\gtk\\Documents\\Coding\\personal\\dalaria_chargen_v2\\app\\Views\\account\\login.php')
 3 SYSTEMPATH\View\View.php(237): CodeIgniter\View\View->CodeIgniter\View\{closure}()
 4 SYSTEMPATH\Common.php(1171): CodeIgniter\View\View->render()
 5 APPPATH\Controllers\Page.php(9): view()
 6 SYSTEMPATH\CodeIgniter.php(933): App\Controllers\Page->index()
 7 SYSTEMPATH\CodeIgniter.php(509): CodeIgniter\CodeIgniter->runController()
 8 SYSTEMPATH\CodeIgniter.php(355): CodeIgniter\CodeIgniter->handleRequest()
 9 SYSTEMPATH\Boot.php(312): CodeIgniter\CodeIgniter->run()
10 SYSTEMPATH\Boot.php(67): CodeIgniter\Boot::runCodeIgniter()
11 FCPATH\index.php(56): CodeIgniter\Boot::bootWeb()
12 SYSTEMPATH\Commands\Server\rewrite.php(49): require_once('C:\\Users\\gtk\\Documents\\Coding\\personal\\dalaria_chargen_v2\\public\\index.php')
CRITICAL - 2024-04-29 13:31:10 --> TypeError: image_path(): Return value must be of type string, none returned
[Method: GET, Route: /]
in APPPATH\Helpers\url_helper.php on line 17.
 1 APPPATH\Views\account\login.php(4): image_path()
 2 SYSTEMPATH\View\View.php(234): include('C:\\Users\\gtk\\Documents\\Coding\\personal\\dalaria_chargen_v2\\app\\Views\\account\\login.php')
 3 SYSTEMPATH\View\View.php(237): CodeIgniter\View\View->CodeIgniter\View\{closure}()
 4 SYSTEMPATH\Common.php(1171): CodeIgniter\View\View->render()
 5 APPPATH\Controllers\Page.php(9): view()
 6 SYSTEMPATH\CodeIgniter.php(933): App\Controllers\Page->index()
 7 SYSTEMPATH\CodeIgniter.php(509): CodeIgniter\CodeIgniter->runController()
 8 SYSTEMPATH\CodeIgniter.php(355): CodeIgniter\CodeIgniter->handleRequest()
 9 SYSTEMPATH\Boot.php(312): CodeIgniter\CodeIgniter->run()
10 SYSTEMPATH\Boot.php(67): CodeIgniter\Boot::runCodeIgniter()
11 FCPATH\index.php(56): CodeIgniter\Boot::bootWeb()
12 SYSTEMPATH\Commands\Server\rewrite.php(49): require_once('C:\\Users\\gtk\\Documents\\Coding\\personal\\dalaria_chargen_v2\\public\\index.php')
CRITICAL - 2024-04-29 13:31:11 --> TypeError: image_path(): Return value must be of type string, none returned
[Method: GET, Route: /]
in APPPATH\Helpers\url_helper.php on line 17.
 1 APPPATH\Views\account\login.php(4): image_path()
 2 SYSTEMPATH\View\View.php(234): include('C:\\Users\\gtk\\Documents\\Coding\\personal\\dalaria_chargen_v2\\app\\Views\\account\\login.php')
 3 SYSTEMPATH\View\View.php(237): CodeIgniter\View\View->CodeIgniter\View\{closure}()
 4 SYSTEMPATH\Common.php(1171): CodeIgniter\View\View->render()
 5 APPPATH\Controllers\Page.php(9): view()
 6 SYSTEMPATH\CodeIgniter.php(933): App\Controllers\Page->index()
 7 SYSTEMPATH\CodeIgniter.php(509): CodeIgniter\CodeIgniter->runController()
 8 SYSTEMPATH\CodeIgniter.php(355): CodeIgniter\CodeIgniter->handleRequest()
 9 SYSTEMPATH\Boot.php(312): CodeIgniter\CodeIgniter->run()
10 SYSTEMPATH\Boot.php(67): CodeIgniter\Boot::runCodeIgniter()
11 FCPATH\index.php(56): CodeIgniter\Boot::bootWeb()
12 SYSTEMPATH\Commands\Server\rewrite.php(49): require_once('C:\\Users\\gtk\\Documents\\Coding\\personal\\dalaria_chargen_v2\\public\\index.php')
CRITICAL - 2024-04-29 13:31:11 --> TypeError: image_path(): Return value must be of type string, none returned
[Method: GET, Route: /]
in APPPATH\Helpers\url_helper.php on line 17.
 1 APPPATH\Views\account\login.php(4): image_path()
 2 SYSTEMPATH\View\View.php(234): include('C:\\Users\\gtk\\Documents\\Coding\\personal\\dalaria_chargen_v2\\app\\Views\\account\\login.php')
 3 SYSTEMPATH\View\View.php(237): CodeIgniter\View\View->CodeIgniter\View\{closure}()
 4 SYSTEMPATH\Common.php(1171): CodeIgniter\View\View->render()
 5 APPPATH\Controllers\Page.php(9): view()
 6 SYSTEMPATH\CodeIgniter.php(933): App\Controllers\Page->index()
 7 SYSTEMPATH\CodeIgniter.php(509): CodeIgniter\CodeIgniter->runController()
 8 SYSTEMPATH\CodeIgniter.php(355): CodeIgniter\CodeIgniter->handleRequest()
 9 SYSTEMPATH\Boot.php(312): CodeIgniter\CodeIgniter->run()
10 SYSTEMPATH\Boot.php(67): CodeIgniter\Boot::runCodeIgniter()
11 FCPATH\index.php(56): CodeIgniter\Boot::bootWeb()
12 SYSTEMPATH\Commands\Server\rewrite.php(49): require_once('C:\\Users\\gtk\\Documents\\Coding\\personal\\dalaria_chargen_v2\\public\\index.php')
CRITICAL - 2024-04-29 13:31:11 --> TypeError: image_path(): Return value must be of type string, none returned
[Method: GET, Route: /]
in APPPATH\Helpers\url_helper.php on line 17.
 1 APPPATH\Views\account\login.php(4): image_path()
 2 SYSTEMPATH\View\View.php(234): include('C:\\Users\\gtk\\Documents\\Coding\\personal\\dalaria_chargen_v2\\app\\Views\\account\\login.php')
 3 SYSTEMPATH\View\View.php(237): CodeIgniter\View\View->CodeIgniter\View\{closure}()
 4 SYSTEMPATH\Common.php(1171): CodeIgniter\View\View->render()
 5 APPPATH\Controllers\Page.php(9): view()
 6 SYSTEMPATH\CodeIgniter.php(933): App\Controllers\Page->index()
 7 SYSTEMPATH\CodeIgniter.php(509): CodeIgniter\CodeIgniter->runController()
 8 SYSTEMPATH\CodeIgniter.php(355): CodeIgniter\CodeIgniter->handleRequest()
 9 SYSTEMPATH\Boot.php(312): CodeIgniter\CodeIgniter->run()
10 SYSTEMPATH\Boot.php(67): CodeIgniter\Boot::runCodeIgniter()
11 FCPATH\index.php(56): CodeIgniter\Boot::bootWeb()
12 SYSTEMPATH\Commands\Server\rewrite.php(49): require_once('C:\\Users\\gtk\\Documents\\Coding\\personal\\dalaria_chargen_v2\\public\\index.php')
CRITICAL - 2024-04-29 13:31:11 --> TypeError: image_path(): Return value must be of type string, none returned
[Method: GET, Route: /]
in APPPATH\Helpers\url_helper.php on line 17.
 1 APPPATH\Views\account\login.php(4): image_path()
 2 SYSTEMPATH\View\View.php(234): include('C:\\Users\\gtk\\Documents\\Coding\\personal\\dalaria_chargen_v2\\app\\Views\\account\\login.php')
 3 SYSTEMPATH\View\View.php(237): CodeIgniter\View\View->CodeIgniter\View\{closure}()
 4 SYSTEMPATH\Common.php(1171): CodeIgniter\View\View->render()
 5 APPPATH\Controllers\Page.php(9): view()
 6 SYSTEMPATH\CodeIgniter.php(933): App\Controllers\Page->index()
 7 SYSTEMPATH\CodeIgniter.php(509): CodeIgniter\CodeIgniter->runController()
 8 SYSTEMPATH\CodeIgniter.php(355): CodeIgniter\CodeIgniter->handleRequest()
 9 SYSTEMPATH\Boot.php(312): CodeIgniter\CodeIgniter->run()
10 SYSTEMPATH\Boot.php(67): CodeIgniter\Boot::runCodeIgniter()
11 FCPATH\index.php(56): CodeIgniter\Boot::bootWeb()
12 SYSTEMPATH\Commands\Server\rewrite.php(49): require_once('C:\\Users\\gtk\\Documents\\Coding\\personal\\dalaria_chargen_v2\\public\\index.php')
CRITICAL - 2024-04-29 13:31:11 --> TypeError: image_path(): Return value must be of type string, none returned
[Method: GET, Route: /]
in APPPATH\Helpers\url_helper.php on line 17.
 1 APPPATH\Views\account\login.php(4): image_path()
 2 SYSTEMPATH\View\View.php(234): include('C:\\Users\\gtk\\Documents\\Coding\\personal\\dalaria_chargen_v2\\app\\Views\\account\\login.php')
 3 SYSTEMPATH\View\View.php(237): CodeIgniter\View\View->CodeIgniter\View\{closure}()
 4 SYSTEMPATH\Common.php(1171): CodeIgniter\View\View->render()
 5 APPPATH\Controllers\Page.php(9): view()
 6 SYSTEMPATH\CodeIgniter.php(933): App\Controllers\Page->index()
 7 SYSTEMPATH\CodeIgniter.php(509): CodeIgniter\CodeIgniter->runController()
 8 SYSTEMPATH\CodeIgniter.php(355): CodeIgniter\CodeIgniter->handleRequest()
 9 SYSTEMPATH\Boot.php(312): CodeIgniter\CodeIgniter->run()
10 SYSTEMPATH\Boot.php(67): CodeIgniter\Boot::runCodeIgniter()
11 FCPATH\index.php(56): CodeIgniter\Boot::bootWeb()
12 SYSTEMPATH\Commands\Server\rewrite.php(49): require_once('C:\\Users\\gtk\\Documents\\Coding\\personal\\dalaria_chargen_v2\\public\\index.php')
CRITICAL - 2024-04-29 13:31:17 --> TypeError: image_path(): Return value must be of type string, none returned
[Method: GET, Route: /]
in APPPATH\Helpers\url_helper.php on line 17.
 1 APPPATH\Views\account\login.php(4): image_path()
 2 SYSTEMPATH\View\View.php(234): include('C:\\Users\\gtk\\Documents\\Coding\\personal\\dalaria_chargen_v2\\app\\Views\\account\\login.php')
 3 SYSTEMPATH\View\View.php(237): CodeIgniter\View\View->CodeIgniter\View\{closure}()
 4 SYSTEMPATH\Common.php(1171): CodeIgniter\View\View->render()
 5 APPPATH\Controllers\Page.php(9): view()
 6 SYSTEMPATH\CodeIgniter.php(933): App\Controllers\Page->index()
 7 SYSTEMPATH\CodeIgniter.php(509): CodeIgniter\CodeIgniter->runController()
 8 SYSTEMPATH\CodeIgniter.php(355): CodeIgniter\CodeIgniter->handleRequest()
 9 SYSTEMPATH\Boot.php(312): CodeIgniter\CodeIgniter->run()
10 SYSTEMPATH\Boot.php(67): CodeIgniter\Boot::runCodeIgniter()
11 FCPATH\index.php(56): CodeIgniter\Boot::bootWeb()
12 SYSTEMPATH\Commands\Server\rewrite.php(49): require_once('C:\\Users\\gtk\\Documents\\Coding\\personal\\dalaria_chargen_v2\\public\\index.php')
CRITICAL - 2024-04-29 13:31:18 --> TypeError: image_path(): Return value must be of type string, none returned
[Method: GET, Route: /]
in APPPATH\Helpers\url_helper.php on line 17.
 1 APPPATH\Views\account\login.php(4): image_path()
 2 SYSTEMPATH\View\View.php(234): include('C:\\Users\\gtk\\Documents\\Coding\\personal\\dalaria_chargen_v2\\app\\Views\\account\\login.php')
 3 SYSTEMPATH\View\View.php(237): CodeIgniter\View\View->CodeIgniter\View\{closure}()
 4 SYSTEMPATH\Common.php(1171): CodeIgniter\View\View->render()
 5 APPPATH\Controllers\Page.php(9): view()
 6 SYSTEMPATH\CodeIgniter.php(933): App\Controllers\Page->index()
 7 SYSTEMPATH\CodeIgniter.php(509): CodeIgniter\CodeIgniter->runController()
 8 SYSTEMPATH\CodeIgniter.php(355): CodeIgniter\CodeIgniter->handleRequest()
 9 SYSTEMPATH\Boot.php(312): CodeIgniter\CodeIgniter->run()
10 SYSTEMPATH\Boot.php(67): CodeIgniter\Boot::runCodeIgniter()
11 FCPATH\index.php(56): CodeIgniter\Boot::bootWeb()
12 SYSTEMPATH\Commands\Server\rewrite.php(49): require_once('C:\\Users\\gtk\\Documents\\Coding\\personal\\dalaria_chargen_v2\\public\\index.php')
CRITICAL - 2024-04-29 13:31:19 --> TypeError: image_path(): Return value must be of type string, none returned
[Method: GET, Route: /]
in APPPATH\Helpers\url_helper.php on line 17.
 1 APPPATH\Views\account\login.php(4): image_path()
 2 SYSTEMPATH\View\View.php(234): include('C:\\Users\\gtk\\Documents\\Coding\\personal\\dalaria_chargen_v2\\app\\Views\\account\\login.php')
 3 SYSTEMPATH\View\View.php(237): CodeIgniter\View\View->CodeIgniter\View\{closure}()
 4 SYSTEMPATH\Common.php(1171): CodeIgniter\View\View->render()
 5 APPPATH\Controllers\Page.php(9): view()
 6 SYSTEMPATH\CodeIgniter.php(933): App\Controllers\Page->index()
 7 SYSTEMPATH\CodeIgniter.php(509): CodeIgniter\CodeIgniter->runController()
 8 SYSTEMPATH\CodeIgniter.php(355): CodeIgniter\CodeIgniter->handleRequest()
 9 SYSTEMPATH\Boot.php(312): CodeIgniter\CodeIgniter->run()
10 SYSTEMPATH\Boot.php(67): CodeIgniter\Boot::runCodeIgniter()
11 FCPATH\index.php(56): CodeIgniter\Boot::bootWeb()
12 SYSTEMPATH\Commands\Server\rewrite.php(49): require_once('C:\\Users\\gtk\\Documents\\Coding\\personal\\dalaria_chargen_v2\\public\\index.php')
CRITICAL - 2024-04-29 13:34:18 --> ArgumentCountError: Too few arguments to function image_path(), 0 passed in C:\Users\gtk\Documents\Coding\personal\dalaria_chargen_v2\app\Views\account\login.php on line 4 and exactly 1 expected
[Method: GET, Route: /]
in APPPATH\Helpers\url_helper.php on line 5.
 1 APPPATH\Views\account\login.php(4): image_path()
 2 SYSTEMPATH\View\View.php(234): include('C:\\Users\\gtk\\Documents\\Coding\\personal\\dalaria_chargen_v2\\app\\Views\\account\\login.php')
 3 SYSTEMPATH\View\View.php(237): CodeIgniter\View\View->CodeIgniter\View\{closure}()
 4 SYSTEMPATH\Common.php(1171): CodeIgniter\View\View->render()
 5 APPPATH\Controllers\Page.php(9): view()
 6 SYSTEMPATH\CodeIgniter.php(933): App\Controllers\Page->index()
 7 SYSTEMPATH\CodeIgniter.php(509): CodeIgniter\CodeIgniter->runController()
 8 SYSTEMPATH\CodeIgniter.php(355): CodeIgniter\CodeIgniter->handleRequest()
 9 SYSTEMPATH\Boot.php(312): CodeIgniter\CodeIgniter->run()
10 SYSTEMPATH\Boot.php(67): CodeIgniter\Boot::runCodeIgniter()
11 FCPATH\index.php(56): CodeIgniter\Boot::bootWeb()
12 SYSTEMPATH\Commands\Server\rewrite.php(49): require_once('C:\\Users\\gtk\\Documents\\Coding\\personal\\dalaria_chargen_v2\\public\\index.php')
CRITICAL - 2024-04-29 13:34:26 --> ArgumentCountError: Too few arguments to function image_path(), 0 passed in C:\Users\gtk\Documents\Coding\personal\dalaria_chargen_v2\app\Views\account\login.php on line 4 and exactly 1 expected
[Method: GET, Route: /]
in APPPATH\Helpers\url_helper.php on line 5.
 1 APPPATH\Views\account\login.php(4): image_path()
 2 SYSTEMPATH\View\View.php(234): include('C:\\Users\\gtk\\Documents\\Coding\\personal\\dalaria_chargen_v2\\app\\Views\\account\\login.php')
 3 SYSTEMPATH\View\View.php(237): CodeIgniter\View\View->CodeIgniter\View\{closure}()
 4 SYSTEMPATH\Common.php(1171): CodeIgniter\View\View->render()
 5 APPPATH\Controllers\Page.php(9): view()
 6 SYSTEMPATH\CodeIgniter.php(933): App\Controllers\Page->index()
 7 SYSTEMPATH\CodeIgniter.php(509): CodeIgniter\CodeIgniter->runController()
 8 SYSTEMPATH\CodeIgniter.php(355): CodeIgniter\CodeIgniter->handleRequest()
 9 SYSTEMPATH\Boot.php(312): CodeIgniter\CodeIgniter->run()
10 SYSTEMPATH\Boot.php(67): CodeIgniter\Boot::runCodeIgniter()
11 FCPATH\index.php(56): CodeIgniter\Boot::bootWeb()
12 SYSTEMPATH\Commands\Server\rewrite.php(49): require_once('C:\\Users\\gtk\\Documents\\Coding\\personal\\dalaria_chargen_v2\\public\\index.php')
CRITICAL - 2024-04-29 13:34:27 --> ArgumentCountError: Too few arguments to function image_path(), 0 passed in C:\Users\gtk\Documents\Coding\personal\dalaria_chargen_v2\app\Views\account\login.php on line 4 and exactly 1 expected
[Method: GET, Route: /]
in APPPATH\Helpers\url_helper.php on line 5.
 1 APPPATH\Views\account\login.php(4): image_path()
 2 SYSTEMPATH\View\View.php(234): include('C:\\Users\\gtk\\Documents\\Coding\\personal\\dalaria_chargen_v2\\app\\Views\\account\\login.php')
 3 SYSTEMPATH\View\View.php(237): CodeIgniter\View\View->CodeIgniter\View\{closure}()
 4 SYSTEMPATH\Common.php(1171): CodeIgniter\View\View->render()
 5 APPPATH\Controllers\Page.php(9): view()
 6 SYSTEMPATH\CodeIgniter.php(933): App\Controllers\Page->index()
 7 SYSTEMPATH\CodeIgniter.php(509): CodeIgniter\CodeIgniter->runController()
 8 SYSTEMPATH\CodeIgniter.php(355): CodeIgniter\CodeIgniter->handleRequest()
 9 SYSTEMPATH\Boot.php(312): CodeIgniter\CodeIgniter->run()
10 SYSTEMPATH\Boot.php(67): CodeIgniter\Boot::runCodeIgniter()
11 FCPATH\index.php(56): CodeIgniter\Boot::bootWeb()
12 SYSTEMPATH\Commands\Server\rewrite.php(49): require_once('C:\\Users\\gtk\\Documents\\Coding\\personal\\dalaria_chargen_v2\\public\\index.php')
