CRITICAL - 2024-04-30 14:01:03 --> ErrorException: Undefined variable $path
[Method: GET, Route: /]
in APPPATH\Helpers\url_helper.php on line 13.
 1 APPPATH\Helpers\url_helper.php(13): CodeIgniter\Debug\Exceptions->errorHandler()
 2 APPPATH\Views\_templates\framework.php(32): js_path()
 3 SYSTEMPATH\View\View.php(234): include('C:\\Users\\gtk\\Documents\\Coding\\personal\\dalaria_chargen_v2\\app\\Views\\_templates\\framework.php')
 4 SYSTEMPATH\View\View.php(237): CodeIgniter\View\View->CodeIgniter\View\{closure}()
 5 SYSTEMPATH\Common.php(1171): CodeIgniter\View\View->render()
 6 APPPATH\Controllers\Page.php(11): view()
 7 SYSTEMPATH\CodeIgniter.php(933): App\Controllers\Page->index()
 8 SYSTEMPATH\CodeIgniter.php(509): CodeIgniter\CodeIgniter->runController()
 9 SYSTEMPATH\CodeIgniter.php(355): CodeIgniter\CodeIgniter->handleRequest()
10 SYSTEMPATH\Boot.php(312): CodeIgniter\CodeIgniter->run()
11 SYSTEMPATH\Boot.php(67): CodeIgniter\Boot::runCodeIgniter()
12 FCPATH\index.php(56): CodeIgniter\Boot::bootWeb()
13 SYSTEMPATH\Commands\Server\rewrite.php(49): require_once('C:\\Users\\gtk\\Documents\\Coding\\personal\\dalaria_chargen_v2\\public\\index.php')
CRITICAL - 2024-04-30 14:01:55 --> ErrorException: Cannot redeclare image_path() (previously declared in C:\Users\gtk\Documents\Coding\personal\dalaria_chargen_v2\app\Helpers\url_helper.php:5)
[Method: GET, Route: /]
in APPPATH\Helpers\url_helper.php on line 11.
 1 [internal function]: CodeIgniter\Debug\Exceptions->shutdownHandler()
CRITICAL - 2024-04-30 14:01:56 --> ErrorException: Cannot redeclare image_path() (previously declared in C:\Users\gtk\Documents\Coding\personal\dalaria_chargen_v2\app\Helpers\url_helper.php:5)
[Method: GET, Route: /]
in APPPATH\Helpers\url_helper.php on line 11.
 1 [internal function]: CodeIgniter\Debug\Exceptions->shutdownHandler()
CRITICAL - 2024-04-30 14:30:44 --> ArgumentCountError: Too few arguments to function App\Controllers\Page::index(), 0 passed in C:\Users\gtk\Documents\Coding\personal\dalaria_chargen_v2\system\CodeIgniter.php on line 933 and exactly 1 expected
[Method: GET, Route: /]
in APPPATH\Controllers\Page.php on line 7.
 1 SYSTEMPATH\CodeIgniter.php(933): App\Controllers\Page->index()
 2 SYSTEMPATH\CodeIgniter.php(509): CodeIgniter\CodeIgniter->runController()
 3 SYSTEMPATH\CodeIgniter.php(355): CodeIgniter\CodeIgniter->handleRequest()
 4 SYSTEMPATH\Boot.php(312): CodeIgniter\CodeIgniter->run()
 5 SYSTEMPATH\Boot.php(67): CodeIgniter\Boot::runCodeIgniter()
 6 FCPATH\index.php(56): CodeIgniter\Boot::bootWeb()
 7 SYSTEMPATH\Commands\Server\rewrite.php(49): require_once('C:\\Users\\gtk\\Documents\\Coding\\personal\\dalaria_chargen_v2\\public\\index.php')
