CRITICAL - 2024-05-01 09:37:13 --> Error: Cannot call constructor
[Method: POST, Route: account/signup-process]
in APPPATH\Controllers\Account.php on line 10.
 1 SYSTEMPATH\CodeIgniter.php(903): App\Controllers\Account->__construct()
 2 SYSTEMPATH\CodeIgniter.php(500): CodeIgniter\CodeIgniter->createController()
 3 SYSTEMPATH\CodeIgniter.php(355): CodeIgniter\CodeIgniter->handleRequest()
 4 SYSTEMPATH\Boot.php(312): CodeIgniter\CodeIgniter->run()
 5 SYSTEMPATH\Boot.php(67): CodeIgniter\Boot::runCodeIgniter()
 6 FCPATH\index.php(56): CodeIgniter\Boot::bootWeb()
 7 SYSTEMPATH\Commands\Server\rewrite.php(49): require_once('C:\\Users\\gtk\\Documents\\Coding\\personal\\dalaria_chargen_v2\\public\\index.php')
CRITICAL - 2024-05-01 09:37:43 --> Error: Cannot call constructor
[Method: POST, Route: account/signup-process]
in APPPATH\Controllers\Account.php on line 10.
 1 SYSTEMPATH\CodeIgniter.php(903): App\Controllers\Account->__construct()
 2 SYSTEMPATH\CodeIgniter.php(500): CodeIgniter\CodeIgniter->createController()
 3 SYSTEMPATH\CodeIgniter.php(355): CodeIgniter\CodeIgniter->handleRequest()
 4 SYSTEMPATH\Boot.php(312): CodeIgniter\CodeIgniter->run()
 5 SYSTEMPATH\Boot.php(67): CodeIgniter\Boot::runCodeIgniter()
 6 FCPATH\index.php(56): CodeIgniter\Boot::bootWeb()
 7 SYSTEMPATH\Commands\Server\rewrite.php(49): require_once('C:\\Users\\gtk\\Documents\\Coding\\personal\\dalaria_chargen_v2\\public\\index.php')
CRITICAL - 2024-05-01 09:37:44 --> Error: Cannot call constructor
[Method: POST, Route: account/signup-process]
in APPPATH\Controllers\Account.php on line 10.
 1 SYSTEMPATH\CodeIgniter.php(903): App\Controllers\Account->__construct()
 2 SYSTEMPATH\CodeIgniter.php(500): CodeIgniter\CodeIgniter->createController()
 3 SYSTEMPATH\CodeIgniter.php(355): CodeIgniter\CodeIgniter->handleRequest()
 4 SYSTEMPATH\Boot.php(312): CodeIgniter\CodeIgniter->run()
 5 SYSTEMPATH\Boot.php(67): CodeIgniter\Boot::runCodeIgniter()
 6 FCPATH\index.php(56): CodeIgniter\Boot::bootWeb()
 7 SYSTEMPATH\Commands\Server\rewrite.php(49): require_once('C:\\Users\\gtk\\Documents\\Coding\\personal\\dalaria_chargen_v2\\public\\index.php')
CRITICAL - 2024-05-01 11:26:25 --> Error: Undefined constant "CodeIgniter\Database\MySQLi\MYSQLI_STORE_RESULT"
[Method: POST, Route: account/signup-process]
in SYSTEMPATH\Database\Database.php on line 139.
 1 SYSTEMPATH\Database\Database.php(57): CodeIgniter\Database\Database->initDriver()
 2 SYSTEMPATH\Database\Config.php(84): CodeIgniter\Database\Database->load()
 3 SYSTEMPATH\Model.php(155): CodeIgniter\Database\Config::connect()
 4 APPPATH\Controllers\Account.php(14): CodeIgniter\Model->__construct()
 5 SYSTEMPATH\CodeIgniter.php(903): App\Controllers\Account->__construct()
 6 SYSTEMPATH\CodeIgniter.php(500): CodeIgniter\CodeIgniter->createController()
 7 SYSTEMPATH\CodeIgniter.php(355): CodeIgniter\CodeIgniter->handleRequest()
 8 SYSTEMPATH\Boot.php(312): CodeIgniter\CodeIgniter->run()
 9 SYSTEMPATH\Boot.php(67): CodeIgniter\Boot::runCodeIgniter()
10 FCPATH\index.php(56): CodeIgniter\Boot::bootWeb()
11 SYSTEMPATH\Commands\Server\rewrite.php(49): require_once('C:\\Users\\gtk\\Documents\\Coding\\personal\\dalaria_chargen_v2\\public\\index.php')
CRITICAL - 2024-05-01 11:27:51 --> Error: Undefined constant "CodeIgniter\Database\MySQLi\MYSQLI_STORE_RESULT"
[Method: POST, Route: account/signup-process]
in SYSTEMPATH\Database\Database.php on line 139.
 1 SYSTEMPATH\Database\Database.php(57): CodeIgniter\Database\Database->initDriver()
 2 SYSTEMPATH\Database\Config.php(84): CodeIgniter\Database\Database->load()
 3 SYSTEMPATH\Model.php(155): CodeIgniter\Database\Config::connect()
 4 APPPATH\Controllers\Account.php(15): CodeIgniter\Model->__construct()
 5 SYSTEMPATH\CodeIgniter.php(903): App\Controllers\Account->__construct()
 6 SYSTEMPATH\CodeIgniter.php(500): CodeIgniter\CodeIgniter->createController()
 7 SYSTEMPATH\CodeIgniter.php(355): CodeIgniter\CodeIgniter->handleRequest()
 8 SYSTEMPATH\Boot.php(312): CodeIgniter\CodeIgniter->run()
 9 SYSTEMPATH\Boot.php(67): CodeIgniter\Boot::runCodeIgniter()
10 FCPATH\index.php(56): CodeIgniter\Boot::bootWeb()
11 SYSTEMPATH\Commands\Server\rewrite.php(49): require_once('C:\\Users\\gtk\\Documents\\Coding\\personal\\dalaria_chargen_v2\\public\\index.php')
CRITICAL - 2024-05-01 11:27:52 --> Error: Undefined constant "CodeIgniter\Database\MySQLi\MYSQLI_STORE_RESULT"
[Method: POST, Route: account/signup-process]
in SYSTEMPATH\Database\Database.php on line 139.
 1 SYSTEMPATH\Database\Database.php(57): CodeIgniter\Database\Database->initDriver()
 2 SYSTEMPATH\Database\Config.php(84): CodeIgniter\Database\Database->load()
 3 SYSTEMPATH\Model.php(155): CodeIgniter\Database\Config::connect()
 4 APPPATH\Controllers\Account.php(15): CodeIgniter\Model->__construct()
 5 SYSTEMPATH\CodeIgniter.php(903): App\Controllers\Account->__construct()
 6 SYSTEMPATH\CodeIgniter.php(500): CodeIgniter\CodeIgniter->createController()
 7 SYSTEMPATH\CodeIgniter.php(355): CodeIgniter\CodeIgniter->handleRequest()
 8 SYSTEMPATH\Boot.php(312): CodeIgniter\CodeIgniter->run()
 9 SYSTEMPATH\Boot.php(67): CodeIgniter\Boot::runCodeIgniter()
10 FCPATH\index.php(56): CodeIgniter\Boot::bootWeb()
11 SYSTEMPATH\Commands\Server\rewrite.php(49): require_once('C:\\Users\\gtk\\Documents\\Coding\\personal\\dalaria_chargen_v2\\public\\index.php')
CRITICAL - 2024-05-01 11:28:14 --> Error: Undefined constant "CodeIgniter\Database\MySQLi\MYSQLI_STORE_RESULT"
[Method: POST, Route: account/signup-process]
in SYSTEMPATH\Database\Database.php on line 139.
 1 SYSTEMPATH\Database\Database.php(57): CodeIgniter\Database\Database->initDriver()
 2 SYSTEMPATH\Database\Config.php(84): CodeIgniter\Database\Database->load()
 3 SYSTEMPATH\Model.php(155): CodeIgniter\Database\Config::connect()
 4 APPPATH\Controllers\Account.php(15): CodeIgniter\Model->__construct()
 5 SYSTEMPATH\CodeIgniter.php(903): App\Controllers\Account->__construct()
 6 SYSTEMPATH\CodeIgniter.php(500): CodeIgniter\CodeIgniter->createController()
 7 SYSTEMPATH\CodeIgniter.php(355): CodeIgniter\CodeIgniter->handleRequest()
 8 SYSTEMPATH\Boot.php(312): CodeIgniter\CodeIgniter->run()
 9 SYSTEMPATH\Boot.php(67): CodeIgniter\Boot::runCodeIgniter()
10 FCPATH\index.php(56): CodeIgniter\Boot::bootWeb()
11 SYSTEMPATH\Commands\Server\rewrite.php(49): require_once('C:\\Users\\gtk\\Documents\\Coding\\personal\\dalaria_chargen_v2\\public\\index.php')
CRITICAL - 2024-05-01 11:28:15 --> Error: Undefined constant "CodeIgniter\Database\MySQLi\MYSQLI_STORE_RESULT"
[Method: POST, Route: account/signup-process]
in SYSTEMPATH\Database\Database.php on line 139.
 1 SYSTEMPATH\Database\Database.php(57): CodeIgniter\Database\Database->initDriver()
 2 SYSTEMPATH\Database\Config.php(84): CodeIgniter\Database\Database->load()
 3 SYSTEMPATH\Model.php(155): CodeIgniter\Database\Config::connect()
 4 APPPATH\Controllers\Account.php(15): CodeIgniter\Model->__construct()
 5 SYSTEMPATH\CodeIgniter.php(903): App\Controllers\Account->__construct()
 6 SYSTEMPATH\CodeIgniter.php(500): CodeIgniter\CodeIgniter->createController()
 7 SYSTEMPATH\CodeIgniter.php(355): CodeIgniter\CodeIgniter->handleRequest()
 8 SYSTEMPATH\Boot.php(312): CodeIgniter\CodeIgniter->run()
 9 SYSTEMPATH\Boot.php(67): CodeIgniter\Boot::runCodeIgniter()
10 FCPATH\index.php(56): CodeIgniter\Boot::bootWeb()
11 SYSTEMPATH\Commands\Server\rewrite.php(49): require_once('C:\\Users\\gtk\\Documents\\Coding\\personal\\dalaria_chargen_v2\\public\\index.php')
CRITICAL - 2024-05-01 11:28:32 --> Error: Undefined constant "CodeIgniter\Database\MySQLi\MYSQLI_STORE_RESULT"
[Method: POST, Route: account/signup-process]
in SYSTEMPATH\Database\Database.php on line 139.
 1 SYSTEMPATH\Database\Database.php(57): CodeIgniter\Database\Database->initDriver()
 2 SYSTEMPATH\Database\Config.php(84): CodeIgniter\Database\Database->load()
 3 SYSTEMPATH\Model.php(155): CodeIgniter\Database\Config::connect()
 4 APPPATH\Controllers\Account.php(15): CodeIgniter\Model->__construct()
 5 SYSTEMPATH\CodeIgniter.php(903): App\Controllers\Account->__construct()
 6 SYSTEMPATH\CodeIgniter.php(500): CodeIgniter\CodeIgniter->createController()
 7 SYSTEMPATH\CodeIgniter.php(355): CodeIgniter\CodeIgniter->handleRequest()
 8 SYSTEMPATH\Boot.php(312): CodeIgniter\CodeIgniter->run()
 9 SYSTEMPATH\Boot.php(67): CodeIgniter\Boot::runCodeIgniter()
10 FCPATH\index.php(56): CodeIgniter\Boot::bootWeb()
11 SYSTEMPATH\Commands\Server\rewrite.php(49): require_once('C:\\Users\\gtk\\Documents\\Coding\\personal\\dalaria_chargen_v2\\public\\index.php')
CRITICAL - 2024-05-01 11:28:32 --> Error: Undefined constant "CodeIgniter\Database\MySQLi\MYSQLI_STORE_RESULT"
[Method: POST, Route: account/signup-process]
in SYSTEMPATH\Database\Database.php on line 139.
 1 SYSTEMPATH\Database\Database.php(57): CodeIgniter\Database\Database->initDriver()
 2 SYSTEMPATH\Database\Config.php(84): CodeIgniter\Database\Database->load()
 3 SYSTEMPATH\Model.php(155): CodeIgniter\Database\Config::connect()
 4 APPPATH\Controllers\Account.php(15): CodeIgniter\Model->__construct()
 5 SYSTEMPATH\CodeIgniter.php(903): App\Controllers\Account->__construct()
 6 SYSTEMPATH\CodeIgniter.php(500): CodeIgniter\CodeIgniter->createController()
 7 SYSTEMPATH\CodeIgniter.php(355): CodeIgniter\CodeIgniter->handleRequest()
 8 SYSTEMPATH\Boot.php(312): CodeIgniter\CodeIgniter->run()
 9 SYSTEMPATH\Boot.php(67): CodeIgniter\Boot::runCodeIgniter()
10 FCPATH\index.php(56): CodeIgniter\Boot::bootWeb()
11 SYSTEMPATH\Commands\Server\rewrite.php(49): require_once('C:\\Users\\gtk\\Documents\\Coding\\personal\\dalaria_chargen_v2\\public\\index.php')
CRITICAL - 2024-05-01 11:28:33 --> Error: Undefined constant "CodeIgniter\Database\MySQLi\MYSQLI_STORE_RESULT"
[Method: POST, Route: account/signup-process]
in SYSTEMPATH\Database\Database.php on line 139.
 1 SYSTEMPATH\Database\Database.php(57): CodeIgniter\Database\Database->initDriver()
 2 SYSTEMPATH\Database\Config.php(84): CodeIgniter\Database\Database->load()
 3 SYSTEMPATH\Model.php(155): CodeIgniter\Database\Config::connect()
 4 APPPATH\Controllers\Account.php(15): CodeIgniter\Model->__construct()
 5 SYSTEMPATH\CodeIgniter.php(903): App\Controllers\Account->__construct()
 6 SYSTEMPATH\CodeIgniter.php(500): CodeIgniter\CodeIgniter->createController()
 7 SYSTEMPATH\CodeIgniter.php(355): CodeIgniter\CodeIgniter->handleRequest()
 8 SYSTEMPATH\Boot.php(312): CodeIgniter\CodeIgniter->run()
 9 SYSTEMPATH\Boot.php(67): CodeIgniter\Boot::runCodeIgniter()
10 FCPATH\index.php(56): CodeIgniter\Boot::bootWeb()
11 SYSTEMPATH\Commands\Server\rewrite.php(49): require_once('C:\\Users\\gtk\\Documents\\Coding\\personal\\dalaria_chargen_v2\\public\\index.php')
CRITICAL - 2024-05-01 11:28:39 --> Error: Undefined constant "CodeIgniter\Database\MySQLi\MYSQLI_STORE_RESULT"
[Method: POST, Route: account/signup-process]
in SYSTEMPATH\Database\Database.php on line 139.
 1 SYSTEMPATH\Database\Database.php(57): CodeIgniter\Database\Database->initDriver()
 2 SYSTEMPATH\Database\Config.php(84): CodeIgniter\Database\Database->load()
 3 SYSTEMPATH\Model.php(155): CodeIgniter\Database\Config::connect()
 4 APPPATH\Controllers\Account.php(15): CodeIgniter\Model->__construct()
 5 SYSTEMPATH\CodeIgniter.php(903): App\Controllers\Account->__construct()
 6 SYSTEMPATH\CodeIgniter.php(500): CodeIgniter\CodeIgniter->createController()
 7 SYSTEMPATH\CodeIgniter.php(355): CodeIgniter\CodeIgniter->handleRequest()
 8 SYSTEMPATH\Boot.php(312): CodeIgniter\CodeIgniter->run()
 9 SYSTEMPATH\Boot.php(67): CodeIgniter\Boot::runCodeIgniter()
10 FCPATH\index.php(56): CodeIgniter\Boot::bootWeb()
11 SYSTEMPATH\Commands\Server\rewrite.php(49): require_once('C:\\Users\\gtk\\Documents\\Coding\\personal\\dalaria_chargen_v2\\public\\index.php')
CRITICAL - 2024-05-01 11:28:40 --> Error: Undefined constant "CodeIgniter\Database\MySQLi\MYSQLI_STORE_RESULT"
[Method: POST, Route: account/signup-process]
in SYSTEMPATH\Database\Database.php on line 139.
 1 SYSTEMPATH\Database\Database.php(57): CodeIgniter\Database\Database->initDriver()
 2 SYSTEMPATH\Database\Config.php(84): CodeIgniter\Database\Database->load()
 3 SYSTEMPATH\Model.php(155): CodeIgniter\Database\Config::connect()
 4 APPPATH\Controllers\Account.php(15): CodeIgniter\Model->__construct()
 5 SYSTEMPATH\CodeIgniter.php(903): App\Controllers\Account->__construct()
 6 SYSTEMPATH\CodeIgniter.php(500): CodeIgniter\CodeIgniter->createController()
 7 SYSTEMPATH\CodeIgniter.php(355): CodeIgniter\CodeIgniter->handleRequest()
 8 SYSTEMPATH\Boot.php(312): CodeIgniter\CodeIgniter->run()
 9 SYSTEMPATH\Boot.php(67): CodeIgniter\Boot::runCodeIgniter()
10 FCPATH\index.php(56): CodeIgniter\Boot::bootWeb()
11 SYSTEMPATH\Commands\Server\rewrite.php(49): require_once('C:\\Users\\gtk\\Documents\\Coding\\personal\\dalaria_chargen_v2\\public\\index.php')
CRITICAL - 2024-05-01 11:29:44 --> Error: Undefined constant "CodeIgniter\Database\MySQLi\MYSQLI_STORE_RESULT"
[Method: POST, Route: account/signup-process]
in SYSTEMPATH\Database\Database.php on line 139.
 1 SYSTEMPATH\Database\Database.php(57): CodeIgniter\Database\Database->initDriver()
 2 SYSTEMPATH\Database\Config.php(84): CodeIgniter\Database\Database->load()
 3 SYSTEMPATH\Model.php(155): CodeIgniter\Database\Config::connect()
 4 APPPATH\Controllers\Account.php(15): CodeIgniter\Model->__construct()
 5 SYSTEMPATH\CodeIgniter.php(903): App\Controllers\Account->__construct()
 6 SYSTEMPATH\CodeIgniter.php(500): CodeIgniter\CodeIgniter->createController()
 7 SYSTEMPATH\CodeIgniter.php(355): CodeIgniter\CodeIgniter->handleRequest()
 8 SYSTEMPATH\Boot.php(312): CodeIgniter\CodeIgniter->run()
 9 SYSTEMPATH\Boot.php(67): CodeIgniter\Boot::runCodeIgniter()
10 FCPATH\index.php(56): CodeIgniter\Boot::bootWeb()
11 SYSTEMPATH\Commands\Server\rewrite.php(49): require_once('C:\\Users\\gtk\\Documents\\Coding\\personal\\dalaria_chargen_v2\\public\\index.php')
CRITICAL - 2024-05-01 11:36:06 --> ErrorException: Undefined variable $validation
[Method: POST, Route: account/signup-process]
in APPPATH\Controllers\Account.php on line 22.
 1 APPPATH\Controllers\Account.php(22): CodeIgniter\Debug\Exceptions->errorHandler()
 2 SYSTEMPATH\CodeIgniter.php(933): App\Controllers\Account->signup_process()
 3 SYSTEMPATH\CodeIgniter.php(509): CodeIgniter\CodeIgniter->runController()
 4 SYSTEMPATH\CodeIgniter.php(355): CodeIgniter\CodeIgniter->handleRequest()
 5 SYSTEMPATH\Boot.php(312): CodeIgniter\CodeIgniter->run()
 6 SYSTEMPATH\Boot.php(67): CodeIgniter\Boot::runCodeIgniter()
 7 FCPATH\index.php(56): CodeIgniter\Boot::bootWeb()
 8 SYSTEMPATH\Commands\Server\rewrite.php(49): require_once('C:\\Users\\gtk\\Documents\\Coding\\personal\\dalaria_chargen_v2\\public\\index.php')
CRITICAL - 2024-05-01 11:36:15 --> ErrorException: Undefined variable $validation
[Method: POST, Route: account/signup-process]
in APPPATH\Controllers\Account.php on line 22.
 1 APPPATH\Controllers\Account.php(22): CodeIgniter\Debug\Exceptions->errorHandler()
 2 SYSTEMPATH\CodeIgniter.php(933): App\Controllers\Account->signup_process()
 3 SYSTEMPATH\CodeIgniter.php(509): CodeIgniter\CodeIgniter->runController()
 4 SYSTEMPATH\CodeIgniter.php(355): CodeIgniter\CodeIgniter->handleRequest()
 5 SYSTEMPATH\Boot.php(312): CodeIgniter\CodeIgniter->run()
 6 SYSTEMPATH\Boot.php(67): CodeIgniter\Boot::runCodeIgniter()
 7 FCPATH\index.php(56): CodeIgniter\Boot::bootWeb()
 8 SYSTEMPATH\Commands\Server\rewrite.php(49): require_once('C:\\Users\\gtk\\Documents\\Coding\\personal\\dalaria_chargen_v2\\public\\index.php')
CRITICAL - 2024-05-01 11:37:45 --> Error: Undefined constant "CodeIgniter\Database\MySQLi\MYSQLI_STORE_RESULT"
[Method: POST, Route: account/signup-process]
in SYSTEMPATH\Database\Database.php on line 139.
 1 SYSTEMPATH\Database\Database.php(57): CodeIgniter\Database\Database->initDriver()
 2 SYSTEMPATH\Database\Config.php(84): CodeIgniter\Database\Database->load()
 3 SYSTEMPATH\Model.php(155): CodeIgniter\Database\Config::connect()
 4 APPPATH\Controllers\Account.php(15): CodeIgniter\Model->__construct()
 5 SYSTEMPATH\CodeIgniter.php(903): App\Controllers\Account->__construct()
 6 SYSTEMPATH\CodeIgniter.php(500): CodeIgniter\CodeIgniter->createController()
 7 SYSTEMPATH\CodeIgniter.php(355): CodeIgniter\CodeIgniter->handleRequest()
 8 SYSTEMPATH\Boot.php(312): CodeIgniter\CodeIgniter->run()
 9 SYSTEMPATH\Boot.php(67): CodeIgniter\Boot::runCodeIgniter()
10 FCPATH\index.php(56): CodeIgniter\Boot::bootWeb()
11 SYSTEMPATH\Commands\Server\rewrite.php(49): require_once('C:\\Users\\gtk\\Documents\\Coding\\personal\\dalaria_chargen_v2\\public\\index.php')
CRITICAL - 2024-05-01 11:42:46 --> Error: Undefined constant "CodeIgniter\Database\MySQLi\MYSQLI_STORE_RESULT"
[Method: POST, Route: account/signup-process]
in SYSTEMPATH\Database\Database.php on line 139.
 1 SYSTEMPATH\Database\Database.php(57): CodeIgniter\Database\Database->initDriver()
 2 SYSTEMPATH\Database\Config.php(84): CodeIgniter\Database\Database->load()
 3 SYSTEMPATH\Model.php(155): CodeIgniter\Database\Config::connect()
 4 APPPATH\Controllers\Account.php(16): CodeIgniter\Model->__construct()
 5 SYSTEMPATH\CodeIgniter.php(903): App\Controllers\Account->__construct()
 6 SYSTEMPATH\CodeIgniter.php(500): CodeIgniter\CodeIgniter->createController()
 7 SYSTEMPATH\CodeIgniter.php(355): CodeIgniter\CodeIgniter->handleRequest()
 8 SYSTEMPATH\Boot.php(312): CodeIgniter\CodeIgniter->run()
 9 SYSTEMPATH\Boot.php(67): CodeIgniter\Boot::runCodeIgniter()
10 FCPATH\index.php(56): CodeIgniter\Boot::bootWeb()
11 SYSTEMPATH\Commands\Server\rewrite.php(49): require_once('C:\\Users\\gtk\\Documents\\Coding\\personal\\dalaria_chargen_v2\\public\\index.php')
CRITICAL - 2024-05-01 11:43:04 --> Error: Undefined constant "CodeIgniter\Database\MySQLi\MYSQLI_STORE_RESULT"
[Method: POST, Route: account/signup-process]
in SYSTEMPATH\Database\Database.php on line 139.
 1 SYSTEMPATH\Database\Database.php(57): CodeIgniter\Database\Database->initDriver()
 2 SYSTEMPATH\Database\Config.php(84): CodeIgniter\Database\Database->load()
 3 SYSTEMPATH\Model.php(155): CodeIgniter\Database\Config::connect()
 4 APPPATH\Controllers\Account.php(16): CodeIgniter\Model->__construct()
 5 SYSTEMPATH\CodeIgniter.php(903): App\Controllers\Account->__construct()
 6 SYSTEMPATH\CodeIgniter.php(500): CodeIgniter\CodeIgniter->createController()
 7 SYSTEMPATH\CodeIgniter.php(355): CodeIgniter\CodeIgniter->handleRequest()
 8 SYSTEMPATH\Boot.php(312): CodeIgniter\CodeIgniter->run()
 9 SYSTEMPATH\Boot.php(67): CodeIgniter\Boot::runCodeIgniter()
10 FCPATH\index.php(56): CodeIgniter\Boot::bootWeb()
11 SYSTEMPATH\Commands\Server\rewrite.php(49): require_once('C:\\Users\\gtk\\Documents\\Coding\\personal\\dalaria_chargen_v2\\public\\index.php')
CRITICAL - 2024-05-01 11:44:04 --> Error: Undefined constant "CodeIgniter\Database\MySQLi\MYSQLI_STORE_RESULT"
[Method: POST, Route: account/signup-process]
in SYSTEMPATH\Database\Database.php on line 139.
 1 SYSTEMPATH\Database\Database.php(57): CodeIgniter\Database\Database->initDriver()
 2 SYSTEMPATH\Database\Config.php(84): CodeIgniter\Database\Database->load()
 3 SYSTEMPATH\Model.php(155): CodeIgniter\Database\Config::connect()
 4 APPPATH\Controllers\Account.php(16): CodeIgniter\Model->__construct()
 5 SYSTEMPATH\CodeIgniter.php(903): App\Controllers\Account->__construct()
 6 SYSTEMPATH\CodeIgniter.php(500): CodeIgniter\CodeIgniter->createController()
 7 SYSTEMPATH\CodeIgniter.php(355): CodeIgniter\CodeIgniter->handleRequest()
 8 SYSTEMPATH\Boot.php(312): CodeIgniter\CodeIgniter->run()
 9 SYSTEMPATH\Boot.php(67): CodeIgniter\Boot::runCodeIgniter()
10 FCPATH\index.php(56): CodeIgniter\Boot::bootWeb()
11 SYSTEMPATH\Commands\Server\rewrite.php(49): require_once('C:\\Users\\gtk\\Documents\\Coding\\personal\\dalaria_chargen_v2\\public\\index.php')
CRITICAL - 2024-05-01 11:44:11 --> Error: Call to a member function insert_user() on null
[Method: POST, Route: account/signup-process]
in APPPATH\Controllers\Account.php on line 33.
 1 SYSTEMPATH\CodeIgniter.php(933): App\Controllers\Account->signup_process()
 2 SYSTEMPATH\CodeIgniter.php(509): CodeIgniter\CodeIgniter->runController()
 3 SYSTEMPATH\CodeIgniter.php(355): CodeIgniter\CodeIgniter->handleRequest()
 4 SYSTEMPATH\Boot.php(312): CodeIgniter\CodeIgniter->run()
 5 SYSTEMPATH\Boot.php(67): CodeIgniter\Boot::runCodeIgniter()
 6 FCPATH\index.php(56): CodeIgniter\Boot::bootWeb()
 7 SYSTEMPATH\Commands\Server\rewrite.php(49): require_once('C:\\Users\\gtk\\Documents\\Coding\\personal\\dalaria_chargen_v2\\public\\index.php')
CRITICAL - 2024-05-01 11:44:12 --> Error: Call to a member function insert_user() on null
[Method: POST, Route: account/signup-process]
in APPPATH\Controllers\Account.php on line 33.
 1 SYSTEMPATH\CodeIgniter.php(933): App\Controllers\Account->signup_process()
 2 SYSTEMPATH\CodeIgniter.php(509): CodeIgniter\CodeIgniter->runController()
 3 SYSTEMPATH\CodeIgniter.php(355): CodeIgniter\CodeIgniter->handleRequest()
 4 SYSTEMPATH\Boot.php(312): CodeIgniter\CodeIgniter->run()
 5 SYSTEMPATH\Boot.php(67): CodeIgniter\Boot::runCodeIgniter()
 6 FCPATH\index.php(56): CodeIgniter\Boot::bootWeb()
 7 SYSTEMPATH\Commands\Server\rewrite.php(49): require_once('C:\\Users\\gtk\\Documents\\Coding\\personal\\dalaria_chargen_v2\\public\\index.php')
CRITICAL - 2024-05-01 11:44:26 --> Error: Undefined constant "CodeIgniter\Database\MySQLi\MYSQLI_STORE_RESULT"
[Method: POST, Route: account/signup-process]
in SYSTEMPATH\Database\Database.php on line 139.
 1 SYSTEMPATH\Database\Database.php(57): CodeIgniter\Database\Database->initDriver()
 2 SYSTEMPATH\Database\Config.php(84): CodeIgniter\Database\Database->load()
 3 SYSTEMPATH\Model.php(155): CodeIgniter\Database\Config::connect()
 4 APPPATH\Controllers\Account.php(16): CodeIgniter\Model->__construct()
 5 SYSTEMPATH\CodeIgniter.php(903): App\Controllers\Account->__construct()
 6 SYSTEMPATH\CodeIgniter.php(500): CodeIgniter\CodeIgniter->createController()
 7 SYSTEMPATH\CodeIgniter.php(355): CodeIgniter\CodeIgniter->handleRequest()
 8 SYSTEMPATH\Boot.php(312): CodeIgniter\CodeIgniter->run()
 9 SYSTEMPATH\Boot.php(67): CodeIgniter\Boot::runCodeIgniter()
10 FCPATH\index.php(56): CodeIgniter\Boot::bootWeb()
11 SYSTEMPATH\Commands\Server\rewrite.php(49): require_once('C:\\Users\\gtk\\Documents\\Coding\\personal\\dalaria_chargen_v2\\public\\index.php')
CRITICAL - 2024-05-01 11:47:51 --> Error: Undefined constant "CodeIgniter\Database\MySQLi\MYSQLI_STORE_RESULT"
[Method: POST, Route: account/signup-process]
in SYSTEMPATH\Database\Database.php on line 139.
 1 SYSTEMPATH\Database\Database.php(57): CodeIgniter\Database\Database->initDriver()
 2 SYSTEMPATH\Database\Config.php(84): CodeIgniter\Database\Database->load()
 3 SYSTEMPATH\Model.php(155): CodeIgniter\Database\Config::connect()
 4 APPPATH\Controllers\Account.php(16): CodeIgniter\Model->__construct()
 5 SYSTEMPATH\CodeIgniter.php(903): App\Controllers\Account->__construct()
 6 SYSTEMPATH\CodeIgniter.php(500): CodeIgniter\CodeIgniter->createController()
 7 SYSTEMPATH\CodeIgniter.php(355): CodeIgniter\CodeIgniter->handleRequest()
 8 SYSTEMPATH\Boot.php(312): CodeIgniter\CodeIgniter->run()
 9 SYSTEMPATH\Boot.php(67): CodeIgniter\Boot::runCodeIgniter()
10 FCPATH\index.php(56): CodeIgniter\Boot::bootWeb()
11 SYSTEMPATH\Commands\Server\rewrite.php(49): require_once('C:\\Users\\gtk\\Documents\\Coding\\personal\\dalaria_chargen_v2\\public\\index.php')
CRITICAL - 2024-05-01 11:47:52 --> Error: Undefined constant "CodeIgniter\Database\MySQLi\MYSQLI_STORE_RESULT"
[Method: POST, Route: account/signup-process]
in SYSTEMPATH\Database\Database.php on line 139.
 1 SYSTEMPATH\Database\Database.php(57): CodeIgniter\Database\Database->initDriver()
 2 SYSTEMPATH\Database\Config.php(84): CodeIgniter\Database\Database->load()
 3 SYSTEMPATH\Model.php(155): CodeIgniter\Database\Config::connect()
 4 APPPATH\Controllers\Account.php(16): CodeIgniter\Model->__construct()
 5 SYSTEMPATH\CodeIgniter.php(903): App\Controllers\Account->__construct()
 6 SYSTEMPATH\CodeIgniter.php(500): CodeIgniter\CodeIgniter->createController()
 7 SYSTEMPATH\CodeIgniter.php(355): CodeIgniter\CodeIgniter->handleRequest()
 8 SYSTEMPATH\Boot.php(312): CodeIgniter\CodeIgniter->run()
 9 SYSTEMPATH\Boot.php(67): CodeIgniter\Boot::runCodeIgniter()
10 FCPATH\index.php(56): CodeIgniter\Boot::bootWeb()
11 SYSTEMPATH\Commands\Server\rewrite.php(49): require_once('C:\\Users\\gtk\\Documents\\Coding\\personal\\dalaria_chargen_v2\\public\\index.php')
CRITICAL - 2024-05-01 11:47:52 --> Error: Undefined constant "CodeIgniter\Database\MySQLi\MYSQLI_STORE_RESULT"
[Method: POST, Route: account/signup-process]
in SYSTEMPATH\Database\Database.php on line 139.
 1 SYSTEMPATH\Database\Database.php(57): CodeIgniter\Database\Database->initDriver()
 2 SYSTEMPATH\Database\Config.php(84): CodeIgniter\Database\Database->load()
 3 SYSTEMPATH\Model.php(155): CodeIgniter\Database\Config::connect()
 4 APPPATH\Controllers\Account.php(16): CodeIgniter\Model->__construct()
 5 SYSTEMPATH\CodeIgniter.php(903): App\Controllers\Account->__construct()
 6 SYSTEMPATH\CodeIgniter.php(500): CodeIgniter\CodeIgniter->createController()
 7 SYSTEMPATH\CodeIgniter.php(355): CodeIgniter\CodeIgniter->handleRequest()
 8 SYSTEMPATH\Boot.php(312): CodeIgniter\CodeIgniter->run()
 9 SYSTEMPATH\Boot.php(67): CodeIgniter\Boot::runCodeIgniter()
10 FCPATH\index.php(56): CodeIgniter\Boot::bootWeb()
11 SYSTEMPATH\Commands\Server\rewrite.php(49): require_once('C:\\Users\\gtk\\Documents\\Coding\\personal\\dalaria_chargen_v2\\public\\index.php')
CRITICAL - 2024-05-01 11:47:53 --> Error: Undefined constant "CodeIgniter\Database\MySQLi\MYSQLI_STORE_RESULT"
[Method: POST, Route: account/signup-process]
in SYSTEMPATH\Database\Database.php on line 139.
 1 SYSTEMPATH\Database\Database.php(57): CodeIgniter\Database\Database->initDriver()
 2 SYSTEMPATH\Database\Config.php(84): CodeIgniter\Database\Database->load()
 3 SYSTEMPATH\Model.php(155): CodeIgniter\Database\Config::connect()
 4 APPPATH\Controllers\Account.php(16): CodeIgniter\Model->__construct()
 5 SYSTEMPATH\CodeIgniter.php(903): App\Controllers\Account->__construct()
 6 SYSTEMPATH\CodeIgniter.php(500): CodeIgniter\CodeIgniter->createController()
 7 SYSTEMPATH\CodeIgniter.php(355): CodeIgniter\CodeIgniter->handleRequest()
 8 SYSTEMPATH\Boot.php(312): CodeIgniter\CodeIgniter->run()
 9 SYSTEMPATH\Boot.php(67): CodeIgniter\Boot::runCodeIgniter()
10 FCPATH\index.php(56): CodeIgniter\Boot::bootWeb()
11 SYSTEMPATH\Commands\Server\rewrite.php(49): require_once('C:\\Users\\gtk\\Documents\\Coding\\personal\\dalaria_chargen_v2\\public\\index.php')
CRITICAL - 2024-05-01 11:47:53 --> Error: Undefined constant "CodeIgniter\Database\MySQLi\MYSQLI_STORE_RESULT"
[Method: POST, Route: account/signup-process]
in SYSTEMPATH\Database\Database.php on line 139.
 1 SYSTEMPATH\Database\Database.php(57): CodeIgniter\Database\Database->initDriver()
 2 SYSTEMPATH\Database\Config.php(84): CodeIgniter\Database\Database->load()
 3 SYSTEMPATH\Model.php(155): CodeIgniter\Database\Config::connect()
 4 APPPATH\Controllers\Account.php(16): CodeIgniter\Model->__construct()
 5 SYSTEMPATH\CodeIgniter.php(903): App\Controllers\Account->__construct()
 6 SYSTEMPATH\CodeIgniter.php(500): CodeIgniter\CodeIgniter->createController()
 7 SYSTEMPATH\CodeIgniter.php(355): CodeIgniter\CodeIgniter->handleRequest()
 8 SYSTEMPATH\Boot.php(312): CodeIgniter\CodeIgniter->run()
 9 SYSTEMPATH\Boot.php(67): CodeIgniter\Boot::runCodeIgniter()
10 FCPATH\index.php(56): CodeIgniter\Boot::bootWeb()
11 SYSTEMPATH\Commands\Server\rewrite.php(49): require_once('C:\\Users\\gtk\\Documents\\Coding\\personal\\dalaria_chargen_v2\\public\\index.php')
CRITICAL - 2024-05-01 11:47:53 --> Error: Undefined constant "CodeIgniter\Database\MySQLi\MYSQLI_STORE_RESULT"
[Method: POST, Route: account/signup-process]
in SYSTEMPATH\Database\Database.php on line 139.
 1 SYSTEMPATH\Database\Database.php(57): CodeIgniter\Database\Database->initDriver()
 2 SYSTEMPATH\Database\Config.php(84): CodeIgniter\Database\Database->load()
 3 SYSTEMPATH\Model.php(155): CodeIgniter\Database\Config::connect()
 4 APPPATH\Controllers\Account.php(16): CodeIgniter\Model->__construct()
 5 SYSTEMPATH\CodeIgniter.php(903): App\Controllers\Account->__construct()
 6 SYSTEMPATH\CodeIgniter.php(500): CodeIgniter\CodeIgniter->createController()
 7 SYSTEMPATH\CodeIgniter.php(355): CodeIgniter\CodeIgniter->handleRequest()
 8 SYSTEMPATH\Boot.php(312): CodeIgniter\CodeIgniter->run()
 9 SYSTEMPATH\Boot.php(67): CodeIgniter\Boot::runCodeIgniter()
10 FCPATH\index.php(56): CodeIgniter\Boot::bootWeb()
11 SYSTEMPATH\Commands\Server\rewrite.php(49): require_once('C:\\Users\\gtk\\Documents\\Coding\\personal\\dalaria_chargen_v2\\public\\index.php')
CRITICAL - 2024-05-01 11:47:53 --> Error: Undefined constant "CodeIgniter\Database\MySQLi\MYSQLI_STORE_RESULT"
[Method: POST, Route: account/signup-process]
in SYSTEMPATH\Database\Database.php on line 139.
 1 SYSTEMPATH\Database\Database.php(57): CodeIgniter\Database\Database->initDriver()
 2 SYSTEMPATH\Database\Config.php(84): CodeIgniter\Database\Database->load()
 3 SYSTEMPATH\Model.php(155): CodeIgniter\Database\Config::connect()
 4 APPPATH\Controllers\Account.php(16): CodeIgniter\Model->__construct()
 5 SYSTEMPATH\CodeIgniter.php(903): App\Controllers\Account->__construct()
 6 SYSTEMPATH\CodeIgniter.php(500): CodeIgniter\CodeIgniter->createController()
 7 SYSTEMPATH\CodeIgniter.php(355): CodeIgniter\CodeIgniter->handleRequest()
 8 SYSTEMPATH\Boot.php(312): CodeIgniter\CodeIgniter->run()
 9 SYSTEMPATH\Boot.php(67): CodeIgniter\Boot::runCodeIgniter()
10 FCPATH\index.php(56): CodeIgniter\Boot::bootWeb()
11 SYSTEMPATH\Commands\Server\rewrite.php(49): require_once('C:\\Users\\gtk\\Documents\\Coding\\personal\\dalaria_chargen_v2\\public\\index.php')
CRITICAL - 2024-05-01 11:47:53 --> Error: Undefined constant "CodeIgniter\Database\MySQLi\MYSQLI_STORE_RESULT"
[Method: POST, Route: account/signup-process]
in SYSTEMPATH\Database\Database.php on line 139.
 1 SYSTEMPATH\Database\Database.php(57): CodeIgniter\Database\Database->initDriver()
 2 SYSTEMPATH\Database\Config.php(84): CodeIgniter\Database\Database->load()
 3 SYSTEMPATH\Model.php(155): CodeIgniter\Database\Config::connect()
 4 APPPATH\Controllers\Account.php(16): CodeIgniter\Model->__construct()
 5 SYSTEMPATH\CodeIgniter.php(903): App\Controllers\Account->__construct()
 6 SYSTEMPATH\CodeIgniter.php(500): CodeIgniter\CodeIgniter->createController()
 7 SYSTEMPATH\CodeIgniter.php(355): CodeIgniter\CodeIgniter->handleRequest()
 8 SYSTEMPATH\Boot.php(312): CodeIgniter\CodeIgniter->run()
 9 SYSTEMPATH\Boot.php(67): CodeIgniter\Boot::runCodeIgniter()
10 FCPATH\index.php(56): CodeIgniter\Boot::bootWeb()
11 SYSTEMPATH\Commands\Server\rewrite.php(49): require_once('C:\\Users\\gtk\\Documents\\Coding\\personal\\dalaria_chargen_v2\\public\\index.php')
CRITICAL - 2024-05-01 11:48:43 --> Error: Undefined constant "CodeIgniter\Database\MySQLi\MYSQLI_STORE_RESULT"
[Method: POST, Route: account/signup-process]
in SYSTEMPATH\Database\Database.php on line 139.
 1 SYSTEMPATH\Database\Database.php(57): CodeIgniter\Database\Database->initDriver()
 2 SYSTEMPATH\Database\Config.php(84): CodeIgniter\Database\Database->load()
 3 SYSTEMPATH\Model.php(155): CodeIgniter\Database\Config::connect()
 4 APPPATH\Controllers\Account.php(16): CodeIgniter\Model->__construct()
 5 SYSTEMPATH\CodeIgniter.php(903): App\Controllers\Account->__construct()
 6 SYSTEMPATH\CodeIgniter.php(500): CodeIgniter\CodeIgniter->createController()
 7 SYSTEMPATH\CodeIgniter.php(355): CodeIgniter\CodeIgniter->handleRequest()
 8 SYSTEMPATH\Boot.php(312): CodeIgniter\CodeIgniter->run()
 9 SYSTEMPATH\Boot.php(67): CodeIgniter\Boot::runCodeIgniter()
10 FCPATH\index.php(56): CodeIgniter\Boot::bootWeb()
11 SYSTEMPATH\Commands\Server\rewrite.php(49): require_once('C:\\Users\\gtk\\Documents\\Coding\\personal\\dalaria_chargen_v2\\public\\index.php')
CRITICAL - 2024-05-01 11:48:44 --> Error: Undefined constant "CodeIgniter\Database\MySQLi\MYSQLI_STORE_RESULT"
[Method: POST, Route: account/signup-process]
in SYSTEMPATH\Database\Database.php on line 139.
 1 SYSTEMPATH\Database\Database.php(57): CodeIgniter\Database\Database->initDriver()
 2 SYSTEMPATH\Database\Config.php(84): CodeIgniter\Database\Database->load()
 3 SYSTEMPATH\Model.php(155): CodeIgniter\Database\Config::connect()
 4 APPPATH\Controllers\Account.php(16): CodeIgniter\Model->__construct()
 5 SYSTEMPATH\CodeIgniter.php(903): App\Controllers\Account->__construct()
 6 SYSTEMPATH\CodeIgniter.php(500): CodeIgniter\CodeIgniter->createController()
 7 SYSTEMPATH\CodeIgniter.php(355): CodeIgniter\CodeIgniter->handleRequest()
 8 SYSTEMPATH\Boot.php(312): CodeIgniter\CodeIgniter->run()
 9 SYSTEMPATH\Boot.php(67): CodeIgniter\Boot::runCodeIgniter()
10 FCPATH\index.php(56): CodeIgniter\Boot::bootWeb()
11 SYSTEMPATH\Commands\Server\rewrite.php(49): require_once('C:\\Users\\gtk\\Documents\\Coding\\personal\\dalaria_chargen_v2\\public\\index.php')
CRITICAL - 2024-05-01 11:49:19 --> Error: Undefined constant "CodeIgniter\Database\MySQLi\MYSQLI_STORE_RESULT"
[Method: POST, Route: account/signup-process]
in SYSTEMPATH\Database\Database.php on line 139.
 1 SYSTEMPATH\Database\Database.php(57): CodeIgniter\Database\Database->initDriver()
 2 SYSTEMPATH\Database\Config.php(84): CodeIgniter\Database\Database->load()
 3 SYSTEMPATH\Model.php(155): CodeIgniter\Database\Config::connect()
 4 APPPATH\Controllers\Account.php(16): CodeIgniter\Model->__construct()
 5 SYSTEMPATH\CodeIgniter.php(903): App\Controllers\Account->__construct()
 6 SYSTEMPATH\CodeIgniter.php(500): CodeIgniter\CodeIgniter->createController()
 7 SYSTEMPATH\CodeIgniter.php(355): CodeIgniter\CodeIgniter->handleRequest()
 8 SYSTEMPATH\Boot.php(312): CodeIgniter\CodeIgniter->run()
 9 SYSTEMPATH\Boot.php(67): CodeIgniter\Boot::runCodeIgniter()
10 FCPATH\index.php(56): CodeIgniter\Boot::bootWeb()
11 SYSTEMPATH\Commands\Server\rewrite.php(49): require_once('C:\\Users\\gtk\\Documents\\Coding\\personal\\dalaria_chargen_v2\\public\\index.php')
CRITICAL - 2024-05-01 11:49:20 --> Error: Undefined constant "CodeIgniter\Database\MySQLi\MYSQLI_STORE_RESULT"
[Method: POST, Route: account/signup-process]
in SYSTEMPATH\Database\Database.php on line 139.
 1 SYSTEMPATH\Database\Database.php(57): CodeIgniter\Database\Database->initDriver()
 2 SYSTEMPATH\Database\Config.php(84): CodeIgniter\Database\Database->load()
 3 SYSTEMPATH\Model.php(155): CodeIgniter\Database\Config::connect()
 4 APPPATH\Controllers\Account.php(16): CodeIgniter\Model->__construct()
 5 SYSTEMPATH\CodeIgniter.php(903): App\Controllers\Account->__construct()
 6 SYSTEMPATH\CodeIgniter.php(500): CodeIgniter\CodeIgniter->createController()
 7 SYSTEMPATH\CodeIgniter.php(355): CodeIgniter\CodeIgniter->handleRequest()
 8 SYSTEMPATH\Boot.php(312): CodeIgniter\CodeIgniter->run()
 9 SYSTEMPATH\Boot.php(67): CodeIgniter\Boot::runCodeIgniter()
10 FCPATH\index.php(56): CodeIgniter\Boot::bootWeb()
11 SYSTEMPATH\Commands\Server\rewrite.php(49): require_once('C:\\Users\\gtk\\Documents\\Coding\\personal\\dalaria_chargen_v2\\public\\index.php')
CRITICAL - 2024-05-01 11:49:20 --> Error: Undefined constant "CodeIgniter\Database\MySQLi\MYSQLI_STORE_RESULT"
[Method: POST, Route: account/signup-process]
in SYSTEMPATH\Database\Database.php on line 139.
 1 SYSTEMPATH\Database\Database.php(57): CodeIgniter\Database\Database->initDriver()
 2 SYSTEMPATH\Database\Config.php(84): CodeIgniter\Database\Database->load()
 3 SYSTEMPATH\Model.php(155): CodeIgniter\Database\Config::connect()
 4 APPPATH\Controllers\Account.php(16): CodeIgniter\Model->__construct()
 5 SYSTEMPATH\CodeIgniter.php(903): App\Controllers\Account->__construct()
 6 SYSTEMPATH\CodeIgniter.php(500): CodeIgniter\CodeIgniter->createController()
 7 SYSTEMPATH\CodeIgniter.php(355): CodeIgniter\CodeIgniter->handleRequest()
 8 SYSTEMPATH\Boot.php(312): CodeIgniter\CodeIgniter->run()
 9 SYSTEMPATH\Boot.php(67): CodeIgniter\Boot::runCodeIgniter()
10 FCPATH\index.php(56): CodeIgniter\Boot::bootWeb()
11 SYSTEMPATH\Commands\Server\rewrite.php(49): require_once('C:\\Users\\gtk\\Documents\\Coding\\personal\\dalaria_chargen_v2\\public\\index.php')
CRITICAL - 2024-05-01 11:50:35 --> Error: Undefined constant "CodeIgniter\Database\MySQLi\MYSQLI_STORE_RESULT"
[Method: POST, Route: account/signup-process]
in SYSTEMPATH\Database\Database.php on line 139.
 1 SYSTEMPATH\Database\Database.php(57): CodeIgniter\Database\Database->initDriver()
 2 SYSTEMPATH\Database\Config.php(84): CodeIgniter\Database\Database->load()
 3 SYSTEMPATH\Model.php(155): CodeIgniter\Database\Config::connect()
 4 APPPATH\Controllers\Account.php(16): CodeIgniter\Model->__construct()
 5 SYSTEMPATH\CodeIgniter.php(903): App\Controllers\Account->__construct()
 6 SYSTEMPATH\CodeIgniter.php(500): CodeIgniter\CodeIgniter->createController()
 7 SYSTEMPATH\CodeIgniter.php(355): CodeIgniter\CodeIgniter->handleRequest()
 8 SYSTEMPATH\Boot.php(312): CodeIgniter\CodeIgniter->run()
 9 SYSTEMPATH\Boot.php(67): CodeIgniter\Boot::runCodeIgniter()
10 FCPATH\index.php(56): CodeIgniter\Boot::bootWeb()
11 SYSTEMPATH\Commands\Server\rewrite.php(49): require_once('C:\\Users\\gtk\\Documents\\Coding\\personal\\dalaria_chargen_v2\\public\\index.php')
CRITICAL - 2024-05-01 11:50:35 --> Error: Undefined constant "CodeIgniter\Database\MySQLi\MYSQLI_STORE_RESULT"
[Method: POST, Route: account/signup-process]
in SYSTEMPATH\Database\Database.php on line 139.
 1 SYSTEMPATH\Database\Database.php(57): CodeIgniter\Database\Database->initDriver()
 2 SYSTEMPATH\Database\Config.php(84): CodeIgniter\Database\Database->load()
 3 SYSTEMPATH\Model.php(155): CodeIgniter\Database\Config::connect()
 4 APPPATH\Controllers\Account.php(16): CodeIgniter\Model->__construct()
 5 SYSTEMPATH\CodeIgniter.php(903): App\Controllers\Account->__construct()
 6 SYSTEMPATH\CodeIgniter.php(500): CodeIgniter\CodeIgniter->createController()
 7 SYSTEMPATH\CodeIgniter.php(355): CodeIgniter\CodeIgniter->handleRequest()
 8 SYSTEMPATH\Boot.php(312): CodeIgniter\CodeIgniter->run()
 9 SYSTEMPATH\Boot.php(67): CodeIgniter\Boot::runCodeIgniter()
10 FCPATH\index.php(56): CodeIgniter\Boot::bootWeb()
11 SYSTEMPATH\Commands\Server\rewrite.php(49): require_once('C:\\Users\\gtk\\Documents\\Coding\\personal\\dalaria_chargen_v2\\public\\index.php')
CRITICAL - 2024-05-01 11:50:35 --> Error: Undefined constant "CodeIgniter\Database\MySQLi\MYSQLI_STORE_RESULT"
[Method: POST, Route: account/signup-process]
in SYSTEMPATH\Database\Database.php on line 139.
 1 SYSTEMPATH\Database\Database.php(57): CodeIgniter\Database\Database->initDriver()
 2 SYSTEMPATH\Database\Config.php(84): CodeIgniter\Database\Database->load()
 3 SYSTEMPATH\Model.php(155): CodeIgniter\Database\Config::connect()
 4 APPPATH\Controllers\Account.php(16): CodeIgniter\Model->__construct()
 5 SYSTEMPATH\CodeIgniter.php(903): App\Controllers\Account->__construct()
 6 SYSTEMPATH\CodeIgniter.php(500): CodeIgniter\CodeIgniter->createController()
 7 SYSTEMPATH\CodeIgniter.php(355): CodeIgniter\CodeIgniter->handleRequest()
 8 SYSTEMPATH\Boot.php(312): CodeIgniter\CodeIgniter->run()
 9 SYSTEMPATH\Boot.php(67): CodeIgniter\Boot::runCodeIgniter()
10 FCPATH\index.php(56): CodeIgniter\Boot::bootWeb()
11 SYSTEMPATH\Commands\Server\rewrite.php(49): require_once('C:\\Users\\gtk\\Documents\\Coding\\personal\\dalaria_chargen_v2\\public\\index.php')
CRITICAL - 2024-05-01 11:50:36 --> Error: Undefined constant "CodeIgniter\Database\MySQLi\MYSQLI_STORE_RESULT"
[Method: POST, Route: account/signup-process]
in SYSTEMPATH\Database\Database.php on line 139.
 1 SYSTEMPATH\Database\Database.php(57): CodeIgniter\Database\Database->initDriver()
 2 SYSTEMPATH\Database\Config.php(84): CodeIgniter\Database\Database->load()
 3 SYSTEMPATH\Model.php(155): CodeIgniter\Database\Config::connect()
 4 APPPATH\Controllers\Account.php(16): CodeIgniter\Model->__construct()
 5 SYSTEMPATH\CodeIgniter.php(903): App\Controllers\Account->__construct()
 6 SYSTEMPATH\CodeIgniter.php(500): CodeIgniter\CodeIgniter->createController()
 7 SYSTEMPATH\CodeIgniter.php(355): CodeIgniter\CodeIgniter->handleRequest()
 8 SYSTEMPATH\Boot.php(312): CodeIgniter\CodeIgniter->run()
 9 SYSTEMPATH\Boot.php(67): CodeIgniter\Boot::runCodeIgniter()
10 FCPATH\index.php(56): CodeIgniter\Boot::bootWeb()
11 SYSTEMPATH\Commands\Server\rewrite.php(49): require_once('C:\\Users\\gtk\\Documents\\Coding\\personal\\dalaria_chargen_v2\\public\\index.php')
CRITICAL - 2024-05-01 11:50:36 --> Error: Undefined constant "CodeIgniter\Database\MySQLi\MYSQLI_STORE_RESULT"
[Method: POST, Route: account/signup-process]
in SYSTEMPATH\Database\Database.php on line 139.
 1 SYSTEMPATH\Database\Database.php(57): CodeIgniter\Database\Database->initDriver()
 2 SYSTEMPATH\Database\Config.php(84): CodeIgniter\Database\Database->load()
 3 SYSTEMPATH\Model.php(155): CodeIgniter\Database\Config::connect()
 4 APPPATH\Controllers\Account.php(16): CodeIgniter\Model->__construct()
 5 SYSTEMPATH\CodeIgniter.php(903): App\Controllers\Account->__construct()
 6 SYSTEMPATH\CodeIgniter.php(500): CodeIgniter\CodeIgniter->createController()
 7 SYSTEMPATH\CodeIgniter.php(355): CodeIgniter\CodeIgniter->handleRequest()
 8 SYSTEMPATH\Boot.php(312): CodeIgniter\CodeIgniter->run()
 9 SYSTEMPATH\Boot.php(67): CodeIgniter\Boot::runCodeIgniter()
10 FCPATH\index.php(56): CodeIgniter\Boot::bootWeb()
11 SYSTEMPATH\Commands\Server\rewrite.php(49): require_once('C:\\Users\\gtk\\Documents\\Coding\\personal\\dalaria_chargen_v2\\public\\index.php')
CRITICAL - 2024-05-01 11:50:36 --> Error: Undefined constant "CodeIgniter\Database\MySQLi\MYSQLI_STORE_RESULT"
[Method: POST, Route: account/signup-process]
in SYSTEMPATH\Database\Database.php on line 139.
 1 SYSTEMPATH\Database\Database.php(57): CodeIgniter\Database\Database->initDriver()
 2 SYSTEMPATH\Database\Config.php(84): CodeIgniter\Database\Database->load()
 3 SYSTEMPATH\Model.php(155): CodeIgniter\Database\Config::connect()
 4 APPPATH\Controllers\Account.php(16): CodeIgniter\Model->__construct()
 5 SYSTEMPATH\CodeIgniter.php(903): App\Controllers\Account->__construct()
 6 SYSTEMPATH\CodeIgniter.php(500): CodeIgniter\CodeIgniter->createController()
 7 SYSTEMPATH\CodeIgniter.php(355): CodeIgniter\CodeIgniter->handleRequest()
 8 SYSTEMPATH\Boot.php(312): CodeIgniter\CodeIgniter->run()
 9 SYSTEMPATH\Boot.php(67): CodeIgniter\Boot::runCodeIgniter()
10 FCPATH\index.php(56): CodeIgniter\Boot::bootWeb()
11 SYSTEMPATH\Commands\Server\rewrite.php(49): require_once('C:\\Users\\gtk\\Documents\\Coding\\personal\\dalaria_chargen_v2\\public\\index.php')
CRITICAL - 2024-05-01 12:12:46 --> Error: Undefined constant "CodeIgniter\Database\MySQLi\MYSQLI_STORE_RESULT"
[Method: POST, Route: account/signup-process]
in SYSTEMPATH\Database\Database.php on line 139.
 1 SYSTEMPATH\Database\Database.php(57): CodeIgniter\Database\Database->initDriver()
 2 SYSTEMPATH\Database\Config.php(84): CodeIgniter\Database\Database->load()
 3 SYSTEMPATH\Model.php(155): CodeIgniter\Database\Config::connect()
 4 APPPATH\Controllers\Account.php(16): CodeIgniter\Model->__construct()
 5 SYSTEMPATH\CodeIgniter.php(903): App\Controllers\Account->__construct()
 6 SYSTEMPATH\CodeIgniter.php(500): CodeIgniter\CodeIgniter->createController()
 7 SYSTEMPATH\CodeIgniter.php(355): CodeIgniter\CodeIgniter->handleRequest()
 8 SYSTEMPATH\Boot.php(312): CodeIgniter\CodeIgniter->run()
 9 SYSTEMPATH\Boot.php(67): CodeIgniter\Boot::runCodeIgniter()
10 FCPATH\index.php(56): CodeIgniter\Boot::bootWeb()
11 SYSTEMPATH\Commands\Server\rewrite.php(49): require_once('C:\\Users\\gtk\\Documents\\Coding\\personal\\dalaria_chargen_v2\\public\\index.php')
CRITICAL - 2024-05-01 12:13:39 --> ErrorException: Undefined variable $validation
[Method: POST, Route: account/signup-process]
in APPPATH\Controllers\Account.php on line 13.
 1 APPPATH\Controllers\Account.php(13): CodeIgniter\Debug\Exceptions->errorHandler()
 2 SYSTEMPATH\CodeIgniter.php(933): App\Controllers\Account->signup_process()
 3 SYSTEMPATH\CodeIgniter.php(509): CodeIgniter\CodeIgniter->runController()
 4 SYSTEMPATH\CodeIgniter.php(355): CodeIgniter\CodeIgniter->handleRequest()
 5 SYSTEMPATH\Boot.php(312): CodeIgniter\CodeIgniter->run()
 6 SYSTEMPATH\Boot.php(67): CodeIgniter\Boot::runCodeIgniter()
 7 FCPATH\index.php(56): CodeIgniter\Boot::bootWeb()
 8 SYSTEMPATH\Commands\Server\rewrite.php(49): require_once('C:\\Users\\gtk\\Documents\\Coding\\personal\\dalaria_chargen_v2\\public\\index.php')
CRITICAL - 2024-05-01 12:13:41 --> ErrorException: Undefined variable $validation
[Method: POST, Route: account/signup-process]
in APPPATH\Controllers\Account.php on line 13.
 1 APPPATH\Controllers\Account.php(13): CodeIgniter\Debug\Exceptions->errorHandler()
 2 SYSTEMPATH\CodeIgniter.php(933): App\Controllers\Account->signup_process()
 3 SYSTEMPATH\CodeIgniter.php(509): CodeIgniter\CodeIgniter->runController()
 4 SYSTEMPATH\CodeIgniter.php(355): CodeIgniter\CodeIgniter->handleRequest()
 5 SYSTEMPATH\Boot.php(312): CodeIgniter\CodeIgniter->run()
 6 SYSTEMPATH\Boot.php(67): CodeIgniter\Boot::runCodeIgniter()
 7 FCPATH\index.php(56): CodeIgniter\Boot::bootWeb()
 8 SYSTEMPATH\Commands\Server\rewrite.php(49): require_once('C:\\Users\\gtk\\Documents\\Coding\\personal\\dalaria_chargen_v2\\public\\index.php')
CRITICAL - 2024-05-01 12:15:38 --> ErrorException: Undefined variable $validation
[Method: POST, Route: account/signup-process]
in APPPATH\Controllers\Account.php on line 21.
 1 APPPATH\Controllers\Account.php(21): CodeIgniter\Debug\Exceptions->errorHandler()
 2 SYSTEMPATH\CodeIgniter.php(933): App\Controllers\Account->signup_process()
 3 SYSTEMPATH\CodeIgniter.php(509): CodeIgniter\CodeIgniter->runController()
 4 SYSTEMPATH\CodeIgniter.php(355): CodeIgniter\CodeIgniter->handleRequest()
 5 SYSTEMPATH\Boot.php(312): CodeIgniter\CodeIgniter->run()
 6 SYSTEMPATH\Boot.php(67): CodeIgniter\Boot::runCodeIgniter()
 7 FCPATH\index.php(56): CodeIgniter\Boot::bootWeb()
 8 SYSTEMPATH\Commands\Server\rewrite.php(49): require_once('C:\\Users\\gtk\\Documents\\Coding\\personal\\dalaria_chargen_v2\\public\\index.php')
CRITICAL - 2024-05-01 12:16:10 --> ErrorException: Undefined variable $validation
[Method: POST, Route: account/signup-process]
in APPPATH\Controllers\Account.php on line 21.
 1 APPPATH\Controllers\Account.php(21): CodeIgniter\Debug\Exceptions->errorHandler()
 2 SYSTEMPATH\CodeIgniter.php(933): App\Controllers\Account->signup_process()
 3 SYSTEMPATH\CodeIgniter.php(509): CodeIgniter\CodeIgniter->runController()
 4 SYSTEMPATH\CodeIgniter.php(355): CodeIgniter\CodeIgniter->handleRequest()
 5 SYSTEMPATH\Boot.php(312): CodeIgniter\CodeIgniter->run()
 6 SYSTEMPATH\Boot.php(67): CodeIgniter\Boot::runCodeIgniter()
 7 FCPATH\index.php(56): CodeIgniter\Boot::bootWeb()
 8 SYSTEMPATH\Commands\Server\rewrite.php(49): require_once('C:\\Users\\gtk\\Documents\\Coding\\personal\\dalaria_chargen_v2\\public\\index.php')
CRITICAL - 2024-05-01 12:16:31 --> ErrorException: Undefined variable $validation
[Method: POST, Route: account/signup-process]
in APPPATH\Controllers\Account.php on line 22.
 1 APPPATH\Controllers\Account.php(22): CodeIgniter\Debug\Exceptions->errorHandler()
 2 SYSTEMPATH\CodeIgniter.php(933): App\Controllers\Account->signup_process()
 3 SYSTEMPATH\CodeIgniter.php(509): CodeIgniter\CodeIgniter->runController()
 4 SYSTEMPATH\CodeIgniter.php(355): CodeIgniter\CodeIgniter->handleRequest()
 5 SYSTEMPATH\Boot.php(312): CodeIgniter\CodeIgniter->run()
 6 SYSTEMPATH\Boot.php(67): CodeIgniter\Boot::runCodeIgniter()
 7 FCPATH\index.php(56): CodeIgniter\Boot::bootWeb()
 8 SYSTEMPATH\Commands\Server\rewrite.php(49): require_once('C:\\Users\\gtk\\Documents\\Coding\\personal\\dalaria_chargen_v2\\public\\index.php')
CRITICAL - 2024-05-01 12:18:45 --> Error: Call to a member function setRules() on null
[Method: POST, Route: account/signup-process]
in APPPATH\Controllers\Account.php on line 22.
 1 SYSTEMPATH\CodeIgniter.php(933): App\Controllers\Account->signup_process()
 2 SYSTEMPATH\CodeIgniter.php(509): CodeIgniter\CodeIgniter->runController()
 3 SYSTEMPATH\CodeIgniter.php(355): CodeIgniter\CodeIgniter->handleRequest()
 4 SYSTEMPATH\Boot.php(312): CodeIgniter\CodeIgniter->run()
 5 SYSTEMPATH\Boot.php(67): CodeIgniter\Boot::runCodeIgniter()
 6 FCPATH\index.php(56): CodeIgniter\Boot::bootWeb()
 7 SYSTEMPATH\Commands\Server\rewrite.php(49): require_once('C:\\Users\\gtk\\Documents\\Coding\\personal\\dalaria_chargen_v2\\public\\index.php')
CRITICAL - 2024-05-01 12:18:47 --> Error: Call to a member function setRules() on null
[Method: POST, Route: account/signup-process]
in APPPATH\Controllers\Account.php on line 22.
 1 SYSTEMPATH\CodeIgniter.php(933): App\Controllers\Account->signup_process()
 2 SYSTEMPATH\CodeIgniter.php(509): CodeIgniter\CodeIgniter->runController()
 3 SYSTEMPATH\CodeIgniter.php(355): CodeIgniter\CodeIgniter->handleRequest()
 4 SYSTEMPATH\Boot.php(312): CodeIgniter\CodeIgniter->run()
 5 SYSTEMPATH\Boot.php(67): CodeIgniter\Boot::runCodeIgniter()
 6 FCPATH\index.php(56): CodeIgniter\Boot::bootWeb()
 7 SYSTEMPATH\Commands\Server\rewrite.php(49): require_once('C:\\Users\\gtk\\Documents\\Coding\\personal\\dalaria_chargen_v2\\public\\index.php')
CRITICAL - 2024-05-01 12:18:56 --> Error: Call to a member function setRules() on null
[Method: POST, Route: account/signup-process]
in APPPATH\Controllers\Account.php on line 22.
 1 SYSTEMPATH\CodeIgniter.php(933): App\Controllers\Account->signup_process()
 2 SYSTEMPATH\CodeIgniter.php(509): CodeIgniter\CodeIgniter->runController()
 3 SYSTEMPATH\CodeIgniter.php(355): CodeIgniter\CodeIgniter->handleRequest()
 4 SYSTEMPATH\Boot.php(312): CodeIgniter\CodeIgniter->run()
 5 SYSTEMPATH\Boot.php(67): CodeIgniter\Boot::runCodeIgniter()
 6 FCPATH\index.php(56): CodeIgniter\Boot::bootWeb()
 7 SYSTEMPATH\Commands\Server\rewrite.php(49): require_once('C:\\Users\\gtk\\Documents\\Coding\\personal\\dalaria_chargen_v2\\public\\index.php')
CRITICAL - 2024-05-01 12:19:31 --> Error: Call to undefined method CodeIgniter\Validation\Validation::setMessages()
[Method: POST, Route: account/signup-process]
in APPPATH\Controllers\Account.php on line 34.
 1 SYSTEMPATH\CodeIgniter.php(933): App\Controllers\Account->signup_process()
 2 SYSTEMPATH\CodeIgniter.php(509): CodeIgniter\CodeIgniter->runController()
 3 SYSTEMPATH\CodeIgniter.php(355): CodeIgniter\CodeIgniter->handleRequest()
 4 SYSTEMPATH\Boot.php(312): CodeIgniter\CodeIgniter->run()
 5 SYSTEMPATH\Boot.php(67): CodeIgniter\Boot::runCodeIgniter()
 6 FCPATH\index.php(56): CodeIgniter\Boot::bootWeb()
 7 SYSTEMPATH\Commands\Server\rewrite.php(49): require_once('C:\\Users\\gtk\\Documents\\Coding\\personal\\dalaria_chargen_v2\\public\\index.php')
CRITICAL - 2024-05-01 12:19:40 --> Error: Call to undefined method CodeIgniter\Validation\Validation::setMessages()
[Method: POST, Route: account/signup-process]
in APPPATH\Controllers\Account.php on line 34.
 1 SYSTEMPATH\CodeIgniter.php(933): App\Controllers\Account->signup_process()
 2 SYSTEMPATH\CodeIgniter.php(509): CodeIgniter\CodeIgniter->runController()
 3 SYSTEMPATH\CodeIgniter.php(355): CodeIgniter\CodeIgniter->handleRequest()
 4 SYSTEMPATH\Boot.php(312): CodeIgniter\CodeIgniter->run()
 5 SYSTEMPATH\Boot.php(67): CodeIgniter\Boot::runCodeIgniter()
 6 FCPATH\index.php(56): CodeIgniter\Boot::bootWeb()
 7 SYSTEMPATH\Commands\Server\rewrite.php(49): require_once('C:\\Users\\gtk\\Documents\\Coding\\personal\\dalaria_chargen_v2\\public\\index.php')
CRITICAL - 2024-05-01 12:19:41 --> Error: Call to undefined method CodeIgniter\Validation\Validation::setMessages()
[Method: POST, Route: account/signup-process]
in APPPATH\Controllers\Account.php on line 34.
 1 SYSTEMPATH\CodeIgniter.php(933): App\Controllers\Account->signup_process()
 2 SYSTEMPATH\CodeIgniter.php(509): CodeIgniter\CodeIgniter->runController()
 3 SYSTEMPATH\CodeIgniter.php(355): CodeIgniter\CodeIgniter->handleRequest()
 4 SYSTEMPATH\Boot.php(312): CodeIgniter\CodeIgniter->run()
 5 SYSTEMPATH\Boot.php(67): CodeIgniter\Boot::runCodeIgniter()
 6 FCPATH\index.php(56): CodeIgniter\Boot::bootWeb()
 7 SYSTEMPATH\Commands\Server\rewrite.php(49): require_once('C:\\Users\\gtk\\Documents\\Coding\\personal\\dalaria_chargen_v2\\public\\index.php')
CRITICAL - 2024-05-01 12:19:43 --> Error: Call to undefined method CodeIgniter\Validation\Validation::setMessages()
[Method: POST, Route: account/signup-process]
in APPPATH\Controllers\Account.php on line 34.
 1 SYSTEMPATH\CodeIgniter.php(933): App\Controllers\Account->signup_process()
 2 SYSTEMPATH\CodeIgniter.php(509): CodeIgniter\CodeIgniter->runController()
 3 SYSTEMPATH\CodeIgniter.php(355): CodeIgniter\CodeIgniter->handleRequest()
 4 SYSTEMPATH\Boot.php(312): CodeIgniter\CodeIgniter->run()
 5 SYSTEMPATH\Boot.php(67): CodeIgniter\Boot::runCodeIgniter()
 6 FCPATH\index.php(56): CodeIgniter\Boot::bootWeb()
 7 SYSTEMPATH\Commands\Server\rewrite.php(49): require_once('C:\\Users\\gtk\\Documents\\Coding\\personal\\dalaria_chargen_v2\\public\\index.php')
CRITICAL - 2024-05-01 12:20:14 --> Error: Call to undefined method CodeIgniter\Validation\Validation::setMessages()
[Method: POST, Route: account/signup-process]
in APPPATH\Controllers\Account.php on line 34.
 1 SYSTEMPATH\CodeIgniter.php(933): App\Controllers\Account->signup_process()
 2 SYSTEMPATH\CodeIgniter.php(509): CodeIgniter\CodeIgniter->runController()
 3 SYSTEMPATH\CodeIgniter.php(355): CodeIgniter\CodeIgniter->handleRequest()
 4 SYSTEMPATH\Boot.php(312): CodeIgniter\CodeIgniter->run()
 5 SYSTEMPATH\Boot.php(67): CodeIgniter\Boot::runCodeIgniter()
 6 FCPATH\index.php(56): CodeIgniter\Boot::bootWeb()
 7 SYSTEMPATH\Commands\Server\rewrite.php(49): require_once('C:\\Users\\gtk\\Documents\\Coding\\personal\\dalaria_chargen_v2\\public\\index.php')
CRITICAL - 2024-05-01 12:20:16 --> Error: Call to undefined method CodeIgniter\Validation\Validation::setMessages()
[Method: POST, Route: account/signup-process]
in APPPATH\Controllers\Account.php on line 34.
 1 SYSTEMPATH\CodeIgniter.php(933): App\Controllers\Account->signup_process()
 2 SYSTEMPATH\CodeIgniter.php(509): CodeIgniter\CodeIgniter->runController()
 3 SYSTEMPATH\CodeIgniter.php(355): CodeIgniter\CodeIgniter->handleRequest()
 4 SYSTEMPATH\Boot.php(312): CodeIgniter\CodeIgniter->run()
 5 SYSTEMPATH\Boot.php(67): CodeIgniter\Boot::runCodeIgniter()
 6 FCPATH\index.php(56): CodeIgniter\Boot::bootWeb()
 7 SYSTEMPATH\Commands\Server\rewrite.php(49): require_once('C:\\Users\\gtk\\Documents\\Coding\\personal\\dalaria_chargen_v2\\public\\index.php')
CRITICAL - 2024-05-01 12:21:06 --> Error: Call to undefined method CodeIgniter\Validation\Validation::setMessages()
[Method: POST, Route: account/signup-process]
in APPPATH\Controllers\Account.php on line 34.
 1 SYSTEMPATH\CodeIgniter.php(933): App\Controllers\Account->signup_process()
 2 SYSTEMPATH\CodeIgniter.php(509): CodeIgniter\CodeIgniter->runController()
 3 SYSTEMPATH\CodeIgniter.php(355): CodeIgniter\CodeIgniter->handleRequest()
 4 SYSTEMPATH\Boot.php(312): CodeIgniter\CodeIgniter->run()
 5 SYSTEMPATH\Boot.php(67): CodeIgniter\Boot::runCodeIgniter()
 6 FCPATH\index.php(56): CodeIgniter\Boot::bootWeb()
 7 SYSTEMPATH\Commands\Server\rewrite.php(49): require_once('C:\\Users\\gtk\\Documents\\Coding\\personal\\dalaria_chargen_v2\\public\\index.php')
CRITICAL - 2024-05-01 12:29:14 --> Error: Undefined constant "CodeIgniter\Database\MySQLi\MYSQLI_STORE_RESULT"
[Method: POST, Route: account/signup-process]
in SYSTEMPATH\Database\Database.php on line 139.
 1 SYSTEMPATH\Database\Database.php(57): CodeIgniter\Database\Database->initDriver()
 2 SYSTEMPATH\Database\Config.php(84): CodeIgniter\Database\Database->load()
 3 SYSTEMPATH\Model.php(155): CodeIgniter\Database\Config::connect()
 4 APPPATH\Controllers\Account.php(16): CodeIgniter\Model->__construct()
 5 SYSTEMPATH\CodeIgniter.php(903): App\Controllers\Account->__construct()
 6 SYSTEMPATH\CodeIgniter.php(500): CodeIgniter\CodeIgniter->createController()
 7 SYSTEMPATH\CodeIgniter.php(355): CodeIgniter\CodeIgniter->handleRequest()
 8 SYSTEMPATH\Boot.php(312): CodeIgniter\CodeIgniter->run()
 9 SYSTEMPATH\Boot.php(67): CodeIgniter\Boot::runCodeIgniter()
10 FCPATH\index.php(56): CodeIgniter\Boot::bootWeb()
11 SYSTEMPATH\Commands\Server\rewrite.php(49): require_once('C:\\Users\\gtk\\Documents\\Coding\\personal\\dalaria_chargen_v2\\public\\index.php')
CRITICAL - 2024-05-01 12:29:56 --> Error: Undefined constant "CodeIgniter\Database\MySQLi\MYSQLI_STORE_RESULT"
[Method: POST, Route: account/signup-process]
in SYSTEMPATH\Database\Database.php on line 139.
 1 SYSTEMPATH\Database\Database.php(57): CodeIgniter\Database\Database->initDriver()
 2 SYSTEMPATH\Database\Config.php(84): CodeIgniter\Database\Database->load()
 3 SYSTEMPATH\Model.php(155): CodeIgniter\Database\Config::connect()
 4 APPPATH\Controllers\Account.php(16): CodeIgniter\Model->__construct()
 5 SYSTEMPATH\CodeIgniter.php(903): App\Controllers\Account->__construct()
 6 SYSTEMPATH\CodeIgniter.php(500): CodeIgniter\CodeIgniter->createController()
 7 SYSTEMPATH\CodeIgniter.php(355): CodeIgniter\CodeIgniter->handleRequest()
 8 SYSTEMPATH\Boot.php(312): CodeIgniter\CodeIgniter->run()
 9 SYSTEMPATH\Boot.php(67): CodeIgniter\Boot::runCodeIgniter()
10 FCPATH\index.php(56): CodeIgniter\Boot::bootWeb()
11 SYSTEMPATH\Commands\Server\rewrite.php(49): require_once('C:\\Users\\gtk\\Documents\\Coding\\personal\\dalaria_chargen_v2\\public\\index.php')
CRITICAL - 2024-05-01 12:29:57 --> Error: Undefined constant "CodeIgniter\Database\MySQLi\MYSQLI_STORE_RESULT"
[Method: POST, Route: account/signup-process]
in SYSTEMPATH\Database\Database.php on line 139.
 1 SYSTEMPATH\Database\Database.php(57): CodeIgniter\Database\Database->initDriver()
 2 SYSTEMPATH\Database\Config.php(84): CodeIgniter\Database\Database->load()
 3 SYSTEMPATH\Model.php(155): CodeIgniter\Database\Config::connect()
 4 APPPATH\Controllers\Account.php(16): CodeIgniter\Model->__construct()
 5 SYSTEMPATH\CodeIgniter.php(903): App\Controllers\Account->__construct()
 6 SYSTEMPATH\CodeIgniter.php(500): CodeIgniter\CodeIgniter->createController()
 7 SYSTEMPATH\CodeIgniter.php(355): CodeIgniter\CodeIgniter->handleRequest()
 8 SYSTEMPATH\Boot.php(312): CodeIgniter\CodeIgniter->run()
 9 SYSTEMPATH\Boot.php(67): CodeIgniter\Boot::runCodeIgniter()
10 FCPATH\index.php(56): CodeIgniter\Boot::bootWeb()
11 SYSTEMPATH\Commands\Server\rewrite.php(49): require_once('C:\\Users\\gtk\\Documents\\Coding\\personal\\dalaria_chargen_v2\\public\\index.php')
CRITICAL - 2024-05-01 12:34:21 --> Error: Undefined constant "CodeIgniter\Database\MySQLi\MYSQLI_STORE_RESULT"
[Method: POST, Route: account/signup-process]
in SYSTEMPATH\Database\Database.php on line 139.
 1 SYSTEMPATH\Database\Database.php(57): CodeIgniter\Database\Database->initDriver()
 2 SYSTEMPATH\Database\Config.php(84): CodeIgniter\Database\Database->load()
 3 SYSTEMPATH\Model.php(155): CodeIgniter\Database\Config::connect()
 4 APPPATH\Controllers\Account.php(16): CodeIgniter\Model->__construct()
 5 SYSTEMPATH\CodeIgniter.php(903): App\Controllers\Account->__construct()
 6 SYSTEMPATH\CodeIgniter.php(500): CodeIgniter\CodeIgniter->createController()
 7 SYSTEMPATH\CodeIgniter.php(355): CodeIgniter\CodeIgniter->handleRequest()
 8 SYSTEMPATH\Boot.php(312): CodeIgniter\CodeIgniter->run()
 9 SYSTEMPATH\Boot.php(67): CodeIgniter\Boot::runCodeIgniter()
10 FCPATH\index.php(56): CodeIgniter\Boot::bootWeb()
11 SYSTEMPATH\Commands\Server\rewrite.php(49): require_once('C:\\Users\\gtk\\Documents\\Coding\\personal\\dalaria_chargen_v2\\public\\index.php')
CRITICAL - 2024-05-01 12:34:21 --> Error: Undefined constant "CodeIgniter\Database\MySQLi\MYSQLI_STORE_RESULT"
[Method: POST, Route: account/signup-process]
in SYSTEMPATH\Database\Database.php on line 139.
 1 SYSTEMPATH\Database\Database.php(57): CodeIgniter\Database\Database->initDriver()
 2 SYSTEMPATH\Database\Config.php(84): CodeIgniter\Database\Database->load()
 3 SYSTEMPATH\Model.php(155): CodeIgniter\Database\Config::connect()
 4 APPPATH\Controllers\Account.php(16): CodeIgniter\Model->__construct()
 5 SYSTEMPATH\CodeIgniter.php(903): App\Controllers\Account->__construct()
 6 SYSTEMPATH\CodeIgniter.php(500): CodeIgniter\CodeIgniter->createController()
 7 SYSTEMPATH\CodeIgniter.php(355): CodeIgniter\CodeIgniter->handleRequest()
 8 SYSTEMPATH\Boot.php(312): CodeIgniter\CodeIgniter->run()
 9 SYSTEMPATH\Boot.php(67): CodeIgniter\Boot::runCodeIgniter()
10 FCPATH\index.php(56): CodeIgniter\Boot::bootWeb()
11 SYSTEMPATH\Commands\Server\rewrite.php(49): require_once('C:\\Users\\gtk\\Documents\\Coding\\personal\\dalaria_chargen_v2\\public\\index.php')
CRITICAL - 2024-05-01 12:34:22 --> Error: Undefined constant "CodeIgniter\Database\MySQLi\MYSQLI_STORE_RESULT"
[Method: POST, Route: account/signup-process]
in SYSTEMPATH\Database\Database.php on line 139.
 1 SYSTEMPATH\Database\Database.php(57): CodeIgniter\Database\Database->initDriver()
 2 SYSTEMPATH\Database\Config.php(84): CodeIgniter\Database\Database->load()
 3 SYSTEMPATH\Model.php(155): CodeIgniter\Database\Config::connect()
 4 APPPATH\Controllers\Account.php(16): CodeIgniter\Model->__construct()
 5 SYSTEMPATH\CodeIgniter.php(903): App\Controllers\Account->__construct()
 6 SYSTEMPATH\CodeIgniter.php(500): CodeIgniter\CodeIgniter->createController()
 7 SYSTEMPATH\CodeIgniter.php(355): CodeIgniter\CodeIgniter->handleRequest()
 8 SYSTEMPATH\Boot.php(312): CodeIgniter\CodeIgniter->run()
 9 SYSTEMPATH\Boot.php(67): CodeIgniter\Boot::runCodeIgniter()
10 FCPATH\index.php(56): CodeIgniter\Boot::bootWeb()
11 SYSTEMPATH\Commands\Server\rewrite.php(49): require_once('C:\\Users\\gtk\\Documents\\Coding\\personal\\dalaria_chargen_v2\\public\\index.php')
CRITICAL - 2024-05-01 13:03:13 --> Error: Undefined constant "CodeIgniter\Database\MySQLi\MYSQLI_STORE_RESULT"
[Method: POST, Route: account/signup-process]
in SYSTEMPATH\Database\Database.php on line 139.
 1 SYSTEMPATH\Database\Database.php(57): CodeIgniter\Database\Database->initDriver()
 2 SYSTEMPATH\Database\Config.php(84): CodeIgniter\Database\Database->load()
 3 SYSTEMPATH\Model.php(155): CodeIgniter\Database\Config::connect()
 4 SYSTEMPATH\Config\Factories.php(235): CodeIgniter\Model->__construct()
 5 SYSTEMPATH\Config\Factories.php(169): CodeIgniter\Config\Factories::createInstance()
 6 SYSTEMPATH\Common.php(802): CodeIgniter\Config\Factories::__callStatic()
 7 APPPATH\Controllers\Account.php(16): model()
 8 SYSTEMPATH\CodeIgniter.php(903): App\Controllers\Account->__construct()
 9 SYSTEMPATH\CodeIgniter.php(500): CodeIgniter\CodeIgniter->createController()
10 SYSTEMPATH\CodeIgniter.php(355): CodeIgniter\CodeIgniter->handleRequest()
11 SYSTEMPATH\Boot.php(312): CodeIgniter\CodeIgniter->run()
12 SYSTEMPATH\Boot.php(67): CodeIgniter\Boot::runCodeIgniter()
13 FCPATH\index.php(56): CodeIgniter\Boot::bootWeb()
14 SYSTEMPATH\Commands\Server\rewrite.php(49): require_once('C:\\Users\\gtk\\Documents\\Coding\\personal\\dalaria_chargen_v2\\public\\index.php')
CRITICAL - 2024-05-01 13:06:35 --> Error: Undefined constant "CodeIgniter\Database\MySQLi\MYSQLI_STORE_RESULT"
[Method: POST, Route: account/signup-process]
in SYSTEMPATH\Database\Database.php on line 139.
 1 SYSTEMPATH\Database\Database.php(57): CodeIgniter\Database\Database->initDriver()
 2 SYSTEMPATH\Database\Config.php(84): CodeIgniter\Database\Database->load()
 3 SYSTEMPATH\Model.php(155): CodeIgniter\Database\Config::connect()
 4 APPPATH\Controllers\Account.php(16): CodeIgniter\Model->__construct()
 5 SYSTEMPATH\CodeIgniter.php(903): App\Controllers\Account->__construct()
 6 SYSTEMPATH\CodeIgniter.php(500): CodeIgniter\CodeIgniter->createController()
 7 SYSTEMPATH\CodeIgniter.php(355): CodeIgniter\CodeIgniter->handleRequest()
 8 SYSTEMPATH\Boot.php(312): CodeIgniter\CodeIgniter->run()
 9 SYSTEMPATH\Boot.php(67): CodeIgniter\Boot::runCodeIgniter()
10 FCPATH\index.php(56): CodeIgniter\Boot::bootWeb()
11 SYSTEMPATH\Commands\Server\rewrite.php(49): require_once('C:\\Users\\gtk\\Documents\\Coding\\personal\\dalaria_chargen_v2\\public\\index.php')
CRITICAL - 2024-05-01 13:09:26 --> Error: Undefined constant "CodeIgniter\Database\MySQLi\MYSQLI_STORE_RESULT"
[Method: POST, Route: account/signup-process]
in SYSTEMPATH\Database\Database.php on line 139.
 1 SYSTEMPATH\Database\Database.php(57): CodeIgniter\Database\Database->initDriver()
 2 SYSTEMPATH\Database\Config.php(84): CodeIgniter\Database\Database->load()
 3 APPPATH\Controllers\Account.php(16): CodeIgniter\Database\Config::connect()
 4 SYSTEMPATH\CodeIgniter.php(903): App\Controllers\Account->__construct()
 5 SYSTEMPATH\CodeIgniter.php(500): CodeIgniter\CodeIgniter->createController()
 6 SYSTEMPATH\CodeIgniter.php(355): CodeIgniter\CodeIgniter->handleRequest()
 7 SYSTEMPATH\Boot.php(312): CodeIgniter\CodeIgniter->run()
 8 SYSTEMPATH\Boot.php(67): CodeIgniter\Boot::runCodeIgniter()
 9 FCPATH\index.php(56): CodeIgniter\Boot::bootWeb()
10 SYSTEMPATH\Commands\Server\rewrite.php(49): require_once('C:\\Users\\gtk\\Documents\\Coding\\personal\\dalaria_chargen_v2\\public\\index.php')
CRITICAL - 2024-05-01 13:09:27 --> Error: Undefined constant "CodeIgniter\Database\MySQLi\MYSQLI_STORE_RESULT"
[Method: POST, Route: account/signup-process]
in SYSTEMPATH\Database\Database.php on line 139.
 1 SYSTEMPATH\Database\Database.php(57): CodeIgniter\Database\Database->initDriver()
 2 SYSTEMPATH\Database\Config.php(84): CodeIgniter\Database\Database->load()
 3 APPPATH\Controllers\Account.php(16): CodeIgniter\Database\Config::connect()
 4 SYSTEMPATH\CodeIgniter.php(903): App\Controllers\Account->__construct()
 5 SYSTEMPATH\CodeIgniter.php(500): CodeIgniter\CodeIgniter->createController()
 6 SYSTEMPATH\CodeIgniter.php(355): CodeIgniter\CodeIgniter->handleRequest()
 7 SYSTEMPATH\Boot.php(312): CodeIgniter\CodeIgniter->run()
 8 SYSTEMPATH\Boot.php(67): CodeIgniter\Boot::runCodeIgniter()
 9 FCPATH\index.php(56): CodeIgniter\Boot::bootWeb()
10 SYSTEMPATH\Commands\Server\rewrite.php(49): require_once('C:\\Users\\gtk\\Documents\\Coding\\personal\\dalaria_chargen_v2\\public\\index.php')
CRITICAL - 2024-05-01 13:09:39 --> Error: Undefined constant "CodeIgniter\Database\MySQLi\MYSQLI_STORE_RESULT"
[Method: POST, Route: account/signup-process]
in SYSTEMPATH\Database\Database.php on line 139.
 1 SYSTEMPATH\Database\Database.php(57): CodeIgniter\Database\Database->initDriver()
 2 SYSTEMPATH\Database\Config.php(84): CodeIgniter\Database\Database->load()
 3 APPPATH\Controllers\Account.php(16): CodeIgniter\Database\Config::connect()
 4 SYSTEMPATH\CodeIgniter.php(903): App\Controllers\Account->__construct()
 5 SYSTEMPATH\CodeIgniter.php(500): CodeIgniter\CodeIgniter->createController()
 6 SYSTEMPATH\CodeIgniter.php(355): CodeIgniter\CodeIgniter->handleRequest()
 7 SYSTEMPATH\Boot.php(312): CodeIgniter\CodeIgniter->run()
 8 SYSTEMPATH\Boot.php(67): CodeIgniter\Boot::runCodeIgniter()
 9 FCPATH\index.php(56): CodeIgniter\Boot::bootWeb()
10 SYSTEMPATH\Commands\Server\rewrite.php(49): require_once('C:\\Users\\gtk\\Documents\\Coding\\personal\\dalaria_chargen_v2\\public\\index.php')
CRITICAL - 2024-05-01 13:12:31 --> Error: Undefined constant "CodeIgniter\Database\MySQLi\MYSQLI_STORE_RESULT"
[Method: POST, Route: account/signup-process]
in SYSTEMPATH\Database\Database.php on line 139.
 1 SYSTEMPATH\Database\Database.php(57): CodeIgniter\Database\Database->initDriver()
 2 SYSTEMPATH\Database\Config.php(84): CodeIgniter\Database\Database->load()
 3 APPPATH\Controllers\Account.php(16): CodeIgniter\Database\Config::connect()
 4 SYSTEMPATH\CodeIgniter.php(903): App\Controllers\Account->__construct()
 5 SYSTEMPATH\CodeIgniter.php(500): CodeIgniter\CodeIgniter->createController()
 6 SYSTEMPATH\CodeIgniter.php(355): CodeIgniter\CodeIgniter->handleRequest()
 7 SYSTEMPATH\Boot.php(312): CodeIgniter\CodeIgniter->run()
 8 SYSTEMPATH\Boot.php(67): CodeIgniter\Boot::runCodeIgniter()
 9 FCPATH\index.php(56): CodeIgniter\Boot::bootWeb()
10 SYSTEMPATH\Commands\Server\rewrite.php(49): require_once('C:\\Users\\gtk\\Documents\\Coding\\personal\\dalaria_chargen_v2\\public\\index.php')
CRITICAL - 2024-05-01 13:12:32 --> Error: Undefined constant "CodeIgniter\Database\MySQLi\MYSQLI_STORE_RESULT"
[Method: POST, Route: account/signup-process]
in SYSTEMPATH\Database\Database.php on line 139.
 1 SYSTEMPATH\Database\Database.php(57): CodeIgniter\Database\Database->initDriver()
 2 SYSTEMPATH\Database\Config.php(84): CodeIgniter\Database\Database->load()
 3 APPPATH\Controllers\Account.php(16): CodeIgniter\Database\Config::connect()
 4 SYSTEMPATH\CodeIgniter.php(903): App\Controllers\Account->__construct()
 5 SYSTEMPATH\CodeIgniter.php(500): CodeIgniter\CodeIgniter->createController()
 6 SYSTEMPATH\CodeIgniter.php(355): CodeIgniter\CodeIgniter->handleRequest()
 7 SYSTEMPATH\Boot.php(312): CodeIgniter\CodeIgniter->run()
 8 SYSTEMPATH\Boot.php(67): CodeIgniter\Boot::runCodeIgniter()
 9 FCPATH\index.php(56): CodeIgniter\Boot::bootWeb()
10 SYSTEMPATH\Commands\Server\rewrite.php(49): require_once('C:\\Users\\gtk\\Documents\\Coding\\personal\\dalaria_chargen_v2\\public\\index.php')
CRITICAL - 2024-05-01 13:14:45 --> Error: Undefined constant "CodeIgniter\Database\MySQLi\MYSQLI_STORE_RESULT"
[Method: POST, Route: account/signup-process]
in SYSTEMPATH\Database\Database.php on line 139.
 1 SYSTEMPATH\Database\Database.php(57): CodeIgniter\Database\Database->initDriver()
 2 SYSTEMPATH\Database\Config.php(84): CodeIgniter\Database\Database->load()
 3 SYSTEMPATH\Common.php(360): CodeIgniter\Database\Config::connect()
 4 APPPATH\Controllers\Account.php(16): db_connect()
 5 SYSTEMPATH\CodeIgniter.php(903): App\Controllers\Account->__construct()
 6 SYSTEMPATH\CodeIgniter.php(500): CodeIgniter\CodeIgniter->createController()
 7 SYSTEMPATH\CodeIgniter.php(355): CodeIgniter\CodeIgniter->handleRequest()
 8 SYSTEMPATH\Boot.php(312): CodeIgniter\CodeIgniter->run()
 9 SYSTEMPATH\Boot.php(67): CodeIgniter\Boot::runCodeIgniter()
10 FCPATH\index.php(56): CodeIgniter\Boot::bootWeb()
11 SYSTEMPATH\Commands\Server\rewrite.php(49): require_once('C:\\Users\\gtk\\Documents\\Coding\\personal\\dalaria_chargen_v2\\public\\index.php')
CRITICAL - 2024-05-01 13:14:56 --> Error: Undefined constant "CodeIgniter\Database\MySQLi\MYSQLI_STORE_RESULT"
[Method: POST, Route: account/signup-process]
in SYSTEMPATH\Database\Database.php on line 139.
 1 SYSTEMPATH\Database\Database.php(57): CodeIgniter\Database\Database->initDriver()
 2 SYSTEMPATH\Database\Config.php(84): CodeIgniter\Database\Database->load()
 3 SYSTEMPATH\Common.php(360): CodeIgniter\Database\Config::connect()
 4 APPPATH\Controllers\Account.php(16): db_connect()
 5 SYSTEMPATH\CodeIgniter.php(903): App\Controllers\Account->__construct()
 6 SYSTEMPATH\CodeIgniter.php(500): CodeIgniter\CodeIgniter->createController()
 7 SYSTEMPATH\CodeIgniter.php(355): CodeIgniter\CodeIgniter->handleRequest()
 8 SYSTEMPATH\Boot.php(312): CodeIgniter\CodeIgniter->run()
 9 SYSTEMPATH\Boot.php(67): CodeIgniter\Boot::runCodeIgniter()
10 FCPATH\index.php(56): CodeIgniter\Boot::bootWeb()
11 SYSTEMPATH\Commands\Server\rewrite.php(49): require_once('C:\\Users\\gtk\\Documents\\Coding\\personal\\dalaria_chargen_v2\\public\\index.php')
CRITICAL - 2024-05-01 13:15:07 --> Error: Undefined constant "CodeIgniter\Database\MySQLi\MYSQLI_STORE_RESULT"
[Method: POST, Route: account/signup-process]
in SYSTEMPATH\Database\Database.php on line 139.
 1 SYSTEMPATH\Database\Database.php(57): CodeIgniter\Database\Database->initDriver()
 2 SYSTEMPATH\Database\Config.php(84): CodeIgniter\Database\Database->load()
 3 SYSTEMPATH\Common.php(360): CodeIgniter\Database\Config::connect()
 4 APPPATH\Controllers\Account.php(23): db_connect()
 5 SYSTEMPATH\CodeIgniter.php(933): App\Controllers\Account->signup_process()
 6 SYSTEMPATH\CodeIgniter.php(509): CodeIgniter\CodeIgniter->runController()
 7 SYSTEMPATH\CodeIgniter.php(355): CodeIgniter\CodeIgniter->handleRequest()
 8 SYSTEMPATH\Boot.php(312): CodeIgniter\CodeIgniter->run()
 9 SYSTEMPATH\Boot.php(67): CodeIgniter\Boot::runCodeIgniter()
10 FCPATH\index.php(56): CodeIgniter\Boot::bootWeb()
11 SYSTEMPATH\Commands\Server\rewrite.php(49): require_once('C:\\Users\\gtk\\Documents\\Coding\\personal\\dalaria_chargen_v2\\public\\index.php')
CRITICAL - 2024-05-01 13:15:08 --> Error: Undefined constant "CodeIgniter\Database\MySQLi\MYSQLI_STORE_RESULT"
[Method: POST, Route: account/signup-process]
in SYSTEMPATH\Database\Database.php on line 139.
 1 SYSTEMPATH\Database\Database.php(57): CodeIgniter\Database\Database->initDriver()
 2 SYSTEMPATH\Database\Config.php(84): CodeIgniter\Database\Database->load()
 3 SYSTEMPATH\Common.php(360): CodeIgniter\Database\Config::connect()
 4 APPPATH\Controllers\Account.php(23): db_connect()
 5 SYSTEMPATH\CodeIgniter.php(933): App\Controllers\Account->signup_process()
 6 SYSTEMPATH\CodeIgniter.php(509): CodeIgniter\CodeIgniter->runController()
 7 SYSTEMPATH\CodeIgniter.php(355): CodeIgniter\CodeIgniter->handleRequest()
 8 SYSTEMPATH\Boot.php(312): CodeIgniter\CodeIgniter->run()
 9 SYSTEMPATH\Boot.php(67): CodeIgniter\Boot::runCodeIgniter()
10 FCPATH\index.php(56): CodeIgniter\Boot::bootWeb()
11 SYSTEMPATH\Commands\Server\rewrite.php(49): require_once('C:\\Users\\gtk\\Documents\\Coding\\personal\\dalaria_chargen_v2\\public\\index.php')
CRITICAL - 2024-05-01 13:26:37 --> Error: Undefined constant "CodeIgniter\Database\MySQLi\MYSQLI_STORE_RESULT"
[Method: POST, Route: account/signup-process]
in SYSTEMPATH\Database\Database.php on line 139.
 1 SYSTEMPATH\Database\Database.php(57): CodeIgniter\Database\Database->initDriver()
 2 SYSTEMPATH\Database\Config.php(84): CodeIgniter\Database\Database->load()
 3 SYSTEMPATH\Model.php(155): CodeIgniter\Database\Config::connect()
 4 APPPATH\Controllers\Account.php(16): CodeIgniter\Model->__construct()
 5 SYSTEMPATH\CodeIgniter.php(903): App\Controllers\Account->__construct()
 6 SYSTEMPATH\CodeIgniter.php(500): CodeIgniter\CodeIgniter->createController()
 7 SYSTEMPATH\CodeIgniter.php(355): CodeIgniter\CodeIgniter->handleRequest()
 8 SYSTEMPATH\Boot.php(312): CodeIgniter\CodeIgniter->run()
 9 SYSTEMPATH\Boot.php(67): CodeIgniter\Boot::runCodeIgniter()
10 FCPATH\index.php(56): CodeIgniter\Boot::bootWeb()
11 SYSTEMPATH\Commands\Server\rewrite.php(49): require_once('C:\\Users\\gtk\\Documents\\Coding\\personal\\dalaria_chargen_v2\\public\\index.php')
CRITICAL - 2024-05-01 13:35:29 --> Error: Call to undefined function App\Controllers\is_logged_in()
[Method: GET, Route: /]
in APPPATH\Controllers\Page.php on line 23.
 1 SYSTEMPATH\CodeIgniter.php(933): App\Controllers\Page->view()
 2 SYSTEMPATH\CodeIgniter.php(509): CodeIgniter\CodeIgniter->runController()
 3 SYSTEMPATH\CodeIgniter.php(355): CodeIgniter\CodeIgniter->handleRequest()
 4 SYSTEMPATH\Boot.php(312): CodeIgniter\CodeIgniter->run()
 5 SYSTEMPATH\Boot.php(67): CodeIgniter\Boot::runCodeIgniter()
 6 FCPATH\index.php(56): CodeIgniter\Boot::bootWeb()
 7 SYSTEMPATH\Commands\Server\rewrite.php(49): require_once('C:\\Users\\gtk\\Documents\\Coding\\personal\\dalaria_chargen_v2\\public\\index.php')
