CRITICAL - 2024-05-05 08:13:31 --> ErrorException: Undefined property: App\Controllers\Account::$input
[Method: POST, Route: account/password-reset]
in APPPATH/Controllers/Account.php on line 148.
 1 APPPATH/Controllers/Account.php(148): CodeIgniter\Debug\Exceptions->errorHandler(2, 'Undefined property: App\\Controllers\\Account::$input', '/volume1/web/chronicles_of_dalaria/chargen/dev/app/Controllers/Account.php', 148)
 2 SYSTEMPATH/CodeIgniter.php(933): App\Controllers\Account->passwordResetProcess()
 3 SYSTEMPATH/CodeIgniter.php(509): CodeIgniter\CodeIgniter->runController(Object(App\Controllers\Account))
 4 SYSTEMPATH/CodeIgniter.php(355): CodeIgniter\CodeIgniter->handleRequest(null, Object(Config\Cache), false)
 5 SYSTEMPATH/Boot.php(312): CodeIgniter\CodeIgniter->run()
 6 SYSTEMPATH/Boot.php(67): CodeIgniter\Boot::runCodeIgniter(Object(CodeIgniter\CodeIgniter))
 7 FCPATH/index.php(56): CodeIgniter\Boot::bootWeb(Object(Config\Paths))
CRITICAL - 2024-05-05 08:15:42 --> ErrorException: Undefined property: App\Controllers\Account::$input
[Method: POST, Route: account/password-reset]
in APPPATH/Controllers/Account.php on line 148.
 1 APPPATH/Controllers/Account.php(148): CodeIgniter\Debug\Exceptions->errorHandler(2, 'Undefined property: App\\Controllers\\Account::$input', '/volume1/web/chronicles_of_dalaria/chargen/dev/app/Controllers/Account.php', 148)
 2 SYSTEMPATH/CodeIgniter.php(933): App\Controllers\Account->passwordResetProcess()
 3 SYSTEMPATH/CodeIgniter.php(509): CodeIgniter\CodeIgniter->runController(Object(App\Controllers\Account))
 4 SYSTEMPATH/CodeIgniter.php(355): CodeIgniter\CodeIgniter->handleRequest(null, Object(Config\Cache), false)
 5 SYSTEMPATH/Boot.php(312): CodeIgniter\CodeIgniter->run()
 6 SYSTEMPATH/Boot.php(67): CodeIgniter\Boot::runCodeIgniter(Object(CodeIgniter\CodeIgniter))
 7 FCPATH/index.php(56): CodeIgniter\Boot::bootWeb(Object(Config\Paths))
CRITICAL - 2024-05-05 08:16:21 --> ErrorException: Undefined property: App\Controllers\Account::$input
[Method: POST, Route: account/password-reset]
in APPPATH/Controllers/Account.php on line 148.
 1 APPPATH/Controllers/Account.php(148): CodeIgniter\Debug\Exceptions->errorHandler(2, 'Undefined property: App\\Controllers\\Account::$input', '/volume1/web/chronicles_of_dalaria/chargen/dev/app/Controllers/Account.php', 148)
 2 SYSTEMPATH/CodeIgniter.php(933): App\Controllers\Account->passwordResetProcess()
 3 SYSTEMPATH/CodeIgniter.php(509): CodeIgniter\CodeIgniter->runController(Object(App\Controllers\Account))
 4 SYSTEMPATH/CodeIgniter.php(355): CodeIgniter\CodeIgniter->handleRequest(null, Object(Config\Cache), false)
 5 SYSTEMPATH/Boot.php(312): CodeIgniter\CodeIgniter->run()
 6 SYSTEMPATH/Boot.php(67): CodeIgniter\Boot::runCodeIgniter(Object(CodeIgniter\CodeIgniter))
 7 FCPATH/index.php(56): CodeIgniter\Boot::bootWeb(Object(Config\Paths))
CRITICAL - 2024-05-05 08:32:19 --> ErrorException: Undefined property: App\Controllers\Account::$emailController
[Method: POST, Route: account/password-reset]
in APPPATH/Controllers/Account.php on line 155.
 1 APPPATH/Controllers/Account.php(155): CodeIgniter\Debug\Exceptions->errorHandler(2, 'Undefined property: App\\Controllers\\Account::$emailController', '/volume1/web/chronicles_of_dalaria/chargen/dev/app/Controllers/Account.php', 155)
 2 SYSTEMPATH/CodeIgniter.php(933): App\Controllers\Account->passwordResetProcess()
 3 SYSTEMPATH/CodeIgniter.php(509): CodeIgniter\CodeIgniter->runController(Object(App\Controllers\Account))
 4 SYSTEMPATH/CodeIgniter.php(355): CodeIgniter\CodeIgniter->handleRequest(null, Object(Config\Cache), false)
 5 SYSTEMPATH/Boot.php(312): CodeIgniter\CodeIgniter->run()
 6 SYSTEMPATH/Boot.php(67): CodeIgniter\Boot::runCodeIgniter(Object(CodeIgniter\CodeIgniter))
 7 FCPATH/index.php(56): CodeIgniter\Boot::bootWeb(Object(Config\Paths))
CRITICAL - 2024-05-05 08:32:41 --> ArgumentCountError: Too few arguments to function App\Controllers\EmailController::sendPasswordReset(), 0 passed in /volume1/web/chronicles_of_dalaria/chargen/dev/app/Controllers/Account.php on line 155 and exactly 1 expected
[Method: POST, Route: account/password-reset]
in APPPATH/Controllers/EmailController.php on line 32.
 1 APPPATH/Controllers/Account.php(155): App\Controllers\EmailController->sendPasswordReset()
 2 SYSTEMPATH/CodeIgniter.php(933): App\Controllers\Account->passwordResetProcess()
 3 SYSTEMPATH/CodeIgniter.php(509): CodeIgniter\CodeIgniter->runController(Object(App\Controllers\Account))
 4 SYSTEMPATH/CodeIgniter.php(355): CodeIgniter\CodeIgniter->handleRequest(null, Object(Config\Cache), false)
 5 SYSTEMPATH/Boot.php(312): CodeIgniter\CodeIgniter->run()
 6 SYSTEMPATH/Boot.php(67): CodeIgniter\Boot::runCodeIgniter(Object(CodeIgniter\CodeIgniter))
 7 FCPATH/index.php(56): CodeIgniter\Boot::bootWeb(Object(Config\Paths))
CRITICAL - 2024-05-05 08:32:42 --> ArgumentCountError: Too few arguments to function App\Controllers\EmailController::sendPasswordReset(), 0 passed in /volume1/web/chronicles_of_dalaria/chargen/dev/app/Controllers/Account.php on line 155 and exactly 1 expected
[Method: POST, Route: account/password-reset]
in APPPATH/Controllers/EmailController.php on line 32.
 1 APPPATH/Controllers/Account.php(155): App\Controllers\EmailController->sendPasswordReset()
 2 SYSTEMPATH/CodeIgniter.php(933): App\Controllers\Account->passwordResetProcess()
 3 SYSTEMPATH/CodeIgniter.php(509): CodeIgniter\CodeIgniter->runController(Object(App\Controllers\Account))
 4 SYSTEMPATH/CodeIgniter.php(355): CodeIgniter\CodeIgniter->handleRequest(null, Object(Config\Cache), false)
 5 SYSTEMPATH/Boot.php(312): CodeIgniter\CodeIgniter->run()
 6 SYSTEMPATH/Boot.php(67): CodeIgniter\Boot::runCodeIgniter(Object(CodeIgniter\CodeIgniter))
 7 FCPATH/index.php(56): CodeIgniter\Boot::bootWeb(Object(Config\Paths))
CRITICAL - 2024-05-05 08:33:37 --> ErrorException: Undefined variable $email
[Method: POST, Route: account/password-reset]
in APPPATH/Controllers/EmailController.php on line 36.
 1 APPPATH/Controllers/EmailController.php(36): CodeIgniter\Debug\Exceptions->errorHandler(2, 'Undefined variable $email', '/volume1/web/chronicles_of_dalaria/chargen/dev/app/Controllers/EmailController.php', 36)
 2 APPPATH/Controllers/Account.php(154): App\Controllers\EmailController->sendPasswordReset([...])
 3 SYSTEMPATH/CodeIgniter.php(933): App\Controllers\Account->passwordResetProcess()
 4 SYSTEMPATH/CodeIgniter.php(509): CodeIgniter\CodeIgniter->runController(Object(App\Controllers\Account))
 5 SYSTEMPATH/CodeIgniter.php(355): CodeIgniter\CodeIgniter->handleRequest(null, Object(Config\Cache), false)
 6 SYSTEMPATH/Boot.php(312): CodeIgniter\CodeIgniter->run()
 7 SYSTEMPATH/Boot.php(67): CodeIgniter\Boot::runCodeIgniter(Object(CodeIgniter\CodeIgniter))
 8 FCPATH/index.php(56): CodeIgniter\Boot::bootWeb(Object(Config\Paths))
CRITICAL - 2024-05-05 08:35:06 --> ErrorException: Undefined variable $email
[Method: POST, Route: account/password-reset]
in APPPATH/Controllers/EmailController.php on line 36.
 1 APPPATH/Controllers/EmailController.php(36): CodeIgniter\Debug\Exceptions->errorHandler(2, 'Undefined variable $email', '/volume1/web/chronicles_of_dalaria/chargen/dev/app/Controllers/EmailController.php', 36)
 2 APPPATH/Controllers/Account.php(154): App\Controllers\EmailController->sendPasswordReset([...])
 3 SYSTEMPATH/CodeIgniter.php(933): App\Controllers\Account->passwordResetProcess()
 4 SYSTEMPATH/CodeIgniter.php(509): CodeIgniter\CodeIgniter->runController(Object(App\Controllers\Account))
 5 SYSTEMPATH/CodeIgniter.php(355): CodeIgniter\CodeIgniter->handleRequest(null, Object(Config\Cache), false)
 6 SYSTEMPATH/Boot.php(312): CodeIgniter\CodeIgniter->run()
 7 SYSTEMPATH/Boot.php(67): CodeIgniter\Boot::runCodeIgniter(Object(CodeIgniter\CodeIgniter))
 8 FCPATH/index.php(56): CodeIgniter\Boot::bootWeb(Object(Config\Paths))
CRITICAL - 2024-05-05 08:35:15 --> ErrorException: Undefined variable $email
[Method: POST, Route: account/password-reset]
in APPPATH/Controllers/EmailController.php on line 36.
 1 APPPATH/Controllers/EmailController.php(36): CodeIgniter\Debug\Exceptions->errorHandler(2, 'Undefined variable $email', '/volume1/web/chronicles_of_dalaria/chargen/dev/app/Controllers/EmailController.php', 36)
 2 APPPATH/Controllers/Account.php(154): App\Controllers\EmailController->sendPasswordReset([...])
 3 SYSTEMPATH/CodeIgniter.php(933): App\Controllers\Account->passwordResetProcess()
 4 SYSTEMPATH/CodeIgniter.php(509): CodeIgniter\CodeIgniter->runController(Object(App\Controllers\Account))
 5 SYSTEMPATH/CodeIgniter.php(355): CodeIgniter\CodeIgniter->handleRequest(null, Object(Config\Cache), false)
 6 SYSTEMPATH/Boot.php(312): CodeIgniter\CodeIgniter->run()
 7 SYSTEMPATH/Boot.php(67): CodeIgniter\Boot::runCodeIgniter(Object(CodeIgniter\CodeIgniter))
 8 FCPATH/index.php(56): CodeIgniter\Boot::bootWeb(Object(Config\Paths))
ERROR - 2024-05-05 08:35:42 --> Email: Unable to send email using PHP mail(). Your server might not be configured to send mail using this method.
ERROR - 2024-05-05 08:35:42 --> 
CRITICAL - 2024-05-05 09:32:40 --> ErrorException: Undefined variable $oData
[Method: POST, Route: account/password-reset]
in APPPATH/Controllers/EmailController.php on line 42.
 1 APPPATH/Controllers/EmailController.php(42): CodeIgniter\Debug\Exceptions->errorHandler(2, 'Undefined variable $oData', '/volume1/web/chronicles_of_dalaria/chargen/dev/app/Controllers/EmailController.php', 42)
 2 APPPATH/Controllers/Account.php(154): App\Controllers\EmailController->sendPasswordReset(Object(stdClass))
 3 SYSTEMPATH/CodeIgniter.php(933): App\Controllers\Account->passwordResetProcess()
 4 SYSTEMPATH/CodeIgniter.php(509): CodeIgniter\CodeIgniter->runController(Object(App\Controllers\Account))
 5 SYSTEMPATH/CodeIgniter.php(355): CodeIgniter\CodeIgniter->handleRequest(null, Object(Config\Cache), false)
 6 SYSTEMPATH/Boot.php(312): CodeIgniter\CodeIgniter->run()
 7 SYSTEMPATH/Boot.php(67): CodeIgniter\Boot::runCodeIgniter(Object(CodeIgniter\CodeIgniter))
 8 FCPATH/index.php(56): CodeIgniter\Boot::bootWeb(Object(Config\Paths))
CRITICAL - 2024-05-05 09:33:12 --> ErrorException: Undefined variable $oData
[Method: POST, Route: account/password-reset]
in APPPATH/Controllers/EmailController.php on line 42.
 1 APPPATH/Controllers/EmailController.php(42): CodeIgniter\Debug\Exceptions->errorHandler(2, 'Undefined variable $oData', '/volume1/web/chronicles_of_dalaria/chargen/dev/app/Controllers/EmailController.php', 42)
 2 APPPATH/Controllers/Account.php(154): App\Controllers\EmailController->sendPasswordReset(Object(stdClass))
 3 SYSTEMPATH/CodeIgniter.php(933): App\Controllers\Account->passwordResetProcess()
 4 SYSTEMPATH/CodeIgniter.php(509): CodeIgniter\CodeIgniter->runController(Object(App\Controllers\Account))
 5 SYSTEMPATH/CodeIgniter.php(355): CodeIgniter\CodeIgniter->handleRequest(null, Object(Config\Cache), false)
 6 SYSTEMPATH/Boot.php(312): CodeIgniter\CodeIgniter->run()
 7 SYSTEMPATH/Boot.php(67): CodeIgniter\Boot::runCodeIgniter(Object(CodeIgniter\CodeIgniter))
 8 FCPATH/index.php(56): CodeIgniter\Boot::bootWeb(Object(Config\Paths))
CRITICAL - 2024-05-05 09:34:40 --> CodeIgniter\View\Exceptions\ViewException: Invalid file: "email_template.php"
[Method: POST, Route: account/password-reset]
in SYSTEMPATH/Exceptions/FrameworkException.php on line 41.
 1 SYSTEMPATH/View/View.php(222): CodeIgniter\Exceptions\FrameworkException::forInvalidFile('email_template.php')
 2 SYSTEMPATH/Common.php(1171): CodeIgniter\View\View->render('email_template', [], true)
 3 APPPATH/Controllers/EmailController.php(45): view('email_template', [...])
 4 APPPATH/Controllers/Account.php(154): App\Controllers\EmailController->sendPasswordReset(Object(stdClass))
 5 SYSTEMPATH/CodeIgniter.php(933): App\Controllers\Account->passwordResetProcess()
 6 SYSTEMPATH/CodeIgniter.php(509): CodeIgniter\CodeIgniter->runController(Object(App\Controllers\Account))
 7 SYSTEMPATH/CodeIgniter.php(355): CodeIgniter\CodeIgniter->handleRequest(null, Object(Config\Cache), false)
 8 SYSTEMPATH/Boot.php(312): CodeIgniter\CodeIgniter->run()
 9 SYSTEMPATH/Boot.php(67): CodeIgniter\Boot::runCodeIgniter(Object(CodeIgniter\CodeIgniter))
10 FCPATH/index.php(56): CodeIgniter\Boot::bootWeb(Object(Config\Paths))
CRITICAL - 2024-05-05 09:35:53 --> CodeIgniter\View\Exceptions\ViewException: Invalid file: "email_template.php"
[Method: POST, Route: account/password-reset]
in SYSTEMPATH/Exceptions/FrameworkException.php on line 41.
 1 SYSTEMPATH/View/View.php(222): CodeIgniter\Exceptions\FrameworkException::forInvalidFile('email_template.php')
 2 SYSTEMPATH/Common.php(1171): CodeIgniter\View\View->render('email_template', [], true)
 3 APPPATH/Controllers/EmailController.php(46): view('email_template', [...])
 4 APPPATH/Controllers/Account.php(154): App\Controllers\EmailController->sendPasswordReset(Object(stdClass))
 5 SYSTEMPATH/CodeIgniter.php(933): App\Controllers\Account->passwordResetProcess()
 6 SYSTEMPATH/CodeIgniter.php(509): CodeIgniter\CodeIgniter->runController(Object(App\Controllers\Account))
 7 SYSTEMPATH/CodeIgniter.php(355): CodeIgniter\CodeIgniter->handleRequest(null, Object(Config\Cache), false)
 8 SYSTEMPATH/Boot.php(312): CodeIgniter\CodeIgniter->run()
 9 SYSTEMPATH/Boot.php(67): CodeIgniter\Boot::runCodeIgniter(Object(CodeIgniter\CodeIgniter))
10 FCPATH/index.php(56): CodeIgniter\Boot::bootWeb(Object(Config\Paths))
CRITICAL - 2024-05-05 09:36:57 --> Error: Undefined constant "DISCORD_SERVER"
[Method: POST, Route: account/password-reset]
in APPPATH/Views/email/password_reset.php on line 95.
 1 SYSTEMPATH/View/View.php(234): include()
 2 SYSTEMPATH/View/View.php(237): CodeIgniter\View\View->CodeIgniter\View\{closure}()
 3 SYSTEMPATH/Common.php(1171): CodeIgniter\View\View->render('email/password_reset', [], true)
 4 APPPATH/Controllers/EmailController.php(46): view('email/password_reset', [...])
 5 APPPATH/Controllers/Account.php(154): App\Controllers\EmailController->sendPasswordReset(Object(stdClass))
 6 SYSTEMPATH/CodeIgniter.php(933): App\Controllers\Account->passwordResetProcess()
 7 SYSTEMPATH/CodeIgniter.php(509): CodeIgniter\CodeIgniter->runController(Object(App\Controllers\Account))
 8 SYSTEMPATH/CodeIgniter.php(355): CodeIgniter\CodeIgniter->handleRequest(null, Object(Config\Cache), false)
 9 SYSTEMPATH/Boot.php(312): CodeIgniter\CodeIgniter->run()
10 SYSTEMPATH/Boot.php(67): CodeIgniter\Boot::runCodeIgniter(Object(CodeIgniter\CodeIgniter))
11 FCPATH/index.php(56): CodeIgniter\Boot::bootWeb(Object(Config\Paths))
CRITICAL - 2024-05-05 09:37:46 --> Error: Undefined constant "DISCORD_SERVER"
[Method: POST, Route: account/password-reset]
in APPPATH/Views/email/password_reset.php on line 95.
 1 SYSTEMPATH/View/View.php(234): include()
 2 SYSTEMPATH/View/View.php(237): CodeIgniter\View\View->CodeIgniter\View\{closure}()
 3 SYSTEMPATH/Common.php(1171): CodeIgniter\View\View->render('email/password_reset', [], true)
 4 APPPATH/Controllers/EmailController.php(46): view('email/password_reset', [...])
 5 APPPATH/Controllers/Account.php(154): App\Controllers\EmailController->sendPasswordReset(Object(stdClass))
 6 SYSTEMPATH/CodeIgniter.php(933): App\Controllers\Account->passwordResetProcess()
 7 SYSTEMPATH/CodeIgniter.php(509): CodeIgniter\CodeIgniter->runController(Object(App\Controllers\Account))
 8 SYSTEMPATH/CodeIgniter.php(355): CodeIgniter\CodeIgniter->handleRequest(null, Object(Config\Cache), false)
 9 SYSTEMPATH/Boot.php(312): CodeIgniter\CodeIgniter->run()
10 SYSTEMPATH/Boot.php(67): CodeIgniter\Boot::runCodeIgniter(Object(CodeIgniter\CodeIgniter))
11 FCPATH/index.php(56): CodeIgniter\Boot::bootWeb(Object(Config\Paths))
CRITICAL - 2024-05-05 09:37:46 --> Error: Undefined constant "DISCORD_SERVER"
[Method: POST, Route: account/password-reset]
in APPPATH/Views/email/password_reset.php on line 95.
 1 SYSTEMPATH/View/View.php(234): include()
 2 SYSTEMPATH/View/View.php(237): CodeIgniter\View\View->CodeIgniter\View\{closure}()
 3 SYSTEMPATH/Common.php(1171): CodeIgniter\View\View->render('email/password_reset', [], true)
 4 APPPATH/Controllers/EmailController.php(46): view('email/password_reset', [...])
 5 APPPATH/Controllers/Account.php(154): App\Controllers\EmailController->sendPasswordReset(Object(stdClass))
 6 SYSTEMPATH/CodeIgniter.php(933): App\Controllers\Account->passwordResetProcess()
 7 SYSTEMPATH/CodeIgniter.php(509): CodeIgniter\CodeIgniter->runController(Object(App\Controllers\Account))
 8 SYSTEMPATH/CodeIgniter.php(355): CodeIgniter\CodeIgniter->handleRequest(null, Object(Config\Cache), false)
 9 SYSTEMPATH/Boot.php(312): CodeIgniter\CodeIgniter->run()
10 SYSTEMPATH/Boot.php(67): CodeIgniter\Boot::runCodeIgniter(Object(CodeIgniter\CodeIgniter))
11 FCPATH/index.php(56): CodeIgniter\Boot::bootWeb(Object(Config\Paths))
CRITICAL - 2024-05-05 09:40:55 --> Error: Undefined constant "DISCORD_SERVER"
[Method: POST, Route: account/password-reset]
in APPPATH/Views/email/password_reset.php on line 95.
 1 SYSTEMPATH/View/View.php(234): include()
 2 SYSTEMPATH/View/View.php(237): CodeIgniter\View\View->CodeIgniter\View\{closure}()
 3 SYSTEMPATH/Common.php(1171): CodeIgniter\View\View->render('email/password_reset', [], true)
 4 APPPATH/Controllers/EmailController.php(45): view('email/password_reset', [...])
 5 APPPATH/Controllers/Account.php(154): App\Controllers\EmailController->sendPasswordReset(Object(stdClass))
 6 SYSTEMPATH/CodeIgniter.php(933): App\Controllers\Account->passwordResetProcess()
 7 SYSTEMPATH/CodeIgniter.php(509): CodeIgniter\CodeIgniter->runController(Object(App\Controllers\Account))
 8 SYSTEMPATH/CodeIgniter.php(355): CodeIgniter\CodeIgniter->handleRequest(null, Object(Config\Cache), false)
 9 SYSTEMPATH/Boot.php(312): CodeIgniter\CodeIgniter->run()
10 SYSTEMPATH/Boot.php(67): CodeIgniter\Boot::runCodeIgniter(Object(CodeIgniter\CodeIgniter))
11 FCPATH/index.php(56): CodeIgniter\Boot::bootWeb(Object(Config\Paths))
CRITICAL - 2024-05-05 10:13:59 --> ErrorException: Undefined variable $session
[Method: GET, Route: gamemaster/character_database]
in APPPATH/Controllers/Page.php on line 27.
 1 APPPATH/Controllers/Page.php(27): CodeIgniter\Debug\Exceptions->errorHandler(2, 'Undefined variable $session', '/volume1/web/chronicles_of_dalaria/chargen/dev/app/Controllers/Page.php', 27)
 2 SYSTEMPATH/CodeIgniter.php(933): App\Controllers\Page->view('character_database')
 3 SYSTEMPATH/CodeIgniter.php(509): CodeIgniter\CodeIgniter->runController(Object(App\Controllers\Page))
 4 SYSTEMPATH/CodeIgniter.php(355): CodeIgniter\CodeIgniter->handleRequest(null, Object(Config\Cache), false)
 5 SYSTEMPATH/Boot.php(312): CodeIgniter\CodeIgniter->run()
 6 SYSTEMPATH/Boot.php(67): CodeIgniter\Boot::runCodeIgniter(Object(CodeIgniter\CodeIgniter))
 7 FCPATH/index.php(56): CodeIgniter\Boot::bootWeb(Object(Config\Paths))
CRITICAL - 2024-05-05 10:14:17 --> ErrorException: Undefined variable $session
[Method: GET, Route: gamemaster/character_database]
in APPPATH/Controllers/Page.php on line 27.
 1 APPPATH/Controllers/Page.php(27): CodeIgniter\Debug\Exceptions->errorHandler(2, 'Undefined variable $session', '/volume1/web/chronicles_of_dalaria/chargen/dev/app/Controllers/Page.php', 27)
 2 SYSTEMPATH/CodeIgniter.php(933): App\Controllers\Page->view('character_database')
 3 SYSTEMPATH/CodeIgniter.php(509): CodeIgniter\CodeIgniter->runController(Object(App\Controllers\Page))
 4 SYSTEMPATH/CodeIgniter.php(355): CodeIgniter\CodeIgniter->handleRequest(null, Object(Config\Cache), false)
 5 SYSTEMPATH/Boot.php(312): CodeIgniter\CodeIgniter->run()
 6 SYSTEMPATH/Boot.php(67): CodeIgniter\Boot::runCodeIgniter(Object(CodeIgniter\CodeIgniter))
 7 FCPATH/index.php(56): CodeIgniter\Boot::bootWeb(Object(Config\Paths))
CRITICAL - 2024-05-05 10:14:49 --> ErrorException: Undefined variable $session
[Method: GET, Route: gamemaster/character_database]
in APPPATH/Controllers/Page.php on line 27.
 1 APPPATH/Controllers/Page.php(27): CodeIgniter\Debug\Exceptions->errorHandler(2, 'Undefined variable $session', '/volume1/web/chronicles_of_dalaria/chargen/dev/app/Controllers/Page.php', 27)
 2 SYSTEMPATH/CodeIgniter.php(933): App\Controllers\Page->view('character_database')
 3 SYSTEMPATH/CodeIgniter.php(509): CodeIgniter\CodeIgniter->runController(Object(App\Controllers\Page))
 4 SYSTEMPATH/CodeIgniter.php(355): CodeIgniter\CodeIgniter->handleRequest(null, Object(Config\Cache), false)
 5 SYSTEMPATH/Boot.php(312): CodeIgniter\CodeIgniter->run()
 6 SYSTEMPATH/Boot.php(67): CodeIgniter\Boot::runCodeIgniter(Object(CodeIgniter\CodeIgniter))
 7 FCPATH/index.php(56): CodeIgniter\Boot::bootWeb(Object(Config\Paths))
CRITICAL - 2024-05-05 10:15:40 --> ErrorException: Undefined variable $session
[Method: GET, Route: gamemaster/character_database]
in APPPATH/Controllers/Page.php on line 34.
 1 APPPATH/Controllers/Page.php(34): CodeIgniter\Debug\Exceptions->errorHandler(2, 'Undefined variable $session', '/volume1/web/chronicles_of_dalaria/chargen/dev/app/Controllers/Page.php', 34)
 2 SYSTEMPATH/CodeIgniter.php(933): App\Controllers\Page->view('character_database')
 3 SYSTEMPATH/CodeIgniter.php(509): CodeIgniter\CodeIgniter->runController(Object(App\Controllers\Page))
 4 SYSTEMPATH/CodeIgniter.php(355): CodeIgniter\CodeIgniter->handleRequest(null, Object(Config\Cache), false)
 5 SYSTEMPATH/Boot.php(312): CodeIgniter\CodeIgniter->run()
 6 SYSTEMPATH/Boot.php(67): CodeIgniter\Boot::runCodeIgniter(Object(CodeIgniter\CodeIgniter))
 7 FCPATH/index.php(56): CodeIgniter\Boot::bootWeb(Object(Config\Paths))
CRITICAL - 2024-05-05 10:15:41 --> ErrorException: Undefined variable $session
[Method: GET, Route: gamemaster/character_database]
in APPPATH/Controllers/Page.php on line 34.
 1 APPPATH/Controllers/Page.php(34): CodeIgniter\Debug\Exceptions->errorHandler(2, 'Undefined variable $session', '/volume1/web/chronicles_of_dalaria/chargen/dev/app/Controllers/Page.php', 34)
 2 SYSTEMPATH/CodeIgniter.php(933): App\Controllers\Page->view('character_database')
 3 SYSTEMPATH/CodeIgniter.php(509): CodeIgniter\CodeIgniter->runController(Object(App\Controllers\Page))
 4 SYSTEMPATH/CodeIgniter.php(355): CodeIgniter\CodeIgniter->handleRequest(null, Object(Config\Cache), false)
 5 SYSTEMPATH/Boot.php(312): CodeIgniter\CodeIgniter->run()
 6 SYSTEMPATH/Boot.php(67): CodeIgniter\Boot::runCodeIgniter(Object(CodeIgniter\CodeIgniter))
 7 FCPATH/index.php(56): CodeIgniter\Boot::bootWeb(Object(Config\Paths))
CRITICAL - 2024-05-05 10:15:55 --> ErrorException: Undefined variable $session
[Method: GET, Route: gamemaster/character_database]
in APPPATH/Controllers/Page.php on line 34.
 1 APPPATH/Controllers/Page.php(34): CodeIgniter\Debug\Exceptions->errorHandler(2, 'Undefined variable $session', '/volume1/web/chronicles_of_dalaria/chargen/dev/app/Controllers/Page.php', 34)
 2 SYSTEMPATH/CodeIgniter.php(933): App\Controllers\Page->view('character_database')
 3 SYSTEMPATH/CodeIgniter.php(509): CodeIgniter\CodeIgniter->runController(Object(App\Controllers\Page))
 4 SYSTEMPATH/CodeIgniter.php(355): CodeIgniter\CodeIgniter->handleRequest(null, Object(Config\Cache), false)
 5 SYSTEMPATH/Boot.php(312): CodeIgniter\CodeIgniter->run()
 6 SYSTEMPATH/Boot.php(67): CodeIgniter\Boot::runCodeIgniter(Object(CodeIgniter\CodeIgniter))
 7 FCPATH/index.php(56): CodeIgniter\Boot::bootWeb(Object(Config\Paths))
CRITICAL - 2024-05-05 10:16:42 --> Error: Using $this when not in object context
[Method: GET, Route: gamemaster/character_database]
in APPPATH/Helpers/auth_helper.php on line 25.
 1 APPPATH/Controllers/Page.php(34): App\Helpers\auth_helper::isLoggedIn('1')
 2 SYSTEMPATH/CodeIgniter.php(933): App\Controllers\Page->view('character_database')
 3 SYSTEMPATH/CodeIgniter.php(509): CodeIgniter\CodeIgniter->runController(Object(App\Controllers\Page))
 4 SYSTEMPATH/CodeIgniter.php(355): CodeIgniter\CodeIgniter->handleRequest(null, Object(Config\Cache), false)
 5 SYSTEMPATH/Boot.php(312): CodeIgniter\CodeIgniter->run()
 6 SYSTEMPATH/Boot.php(67): CodeIgniter\Boot::runCodeIgniter(Object(CodeIgniter\CodeIgniter))
 7 FCPATH/index.php(56): CodeIgniter\Boot::bootWeb(Object(Config\Paths))
CRITICAL - 2024-05-05 10:17:28 --> Error: Using $this when not in object context
[Method: GET, Route: gamemaster/character_database]
in APPPATH/Helpers/auth_helper.php on line 24.
 1 APPPATH/Controllers/Page.php(34): App\Helpers\auth_helper::isLoggedIn('1')
 2 SYSTEMPATH/CodeIgniter.php(933): App\Controllers\Page->view('character_database')
 3 SYSTEMPATH/CodeIgniter.php(509): CodeIgniter\CodeIgniter->runController(Object(App\Controllers\Page))
 4 SYSTEMPATH/CodeIgniter.php(355): CodeIgniter\CodeIgniter->handleRequest(null, Object(Config\Cache), false)
 5 SYSTEMPATH/Boot.php(312): CodeIgniter\CodeIgniter->run()
 6 SYSTEMPATH/Boot.php(67): CodeIgniter\Boot::runCodeIgniter(Object(CodeIgniter\CodeIgniter))
 7 FCPATH/index.php(56): CodeIgniter\Boot::bootWeb(Object(Config\Paths))
CRITICAL - 2024-05-05 10:17:28 --> Error: Using $this when not in object context
[Method: GET, Route: gamemaster/character_database]
in APPPATH/Helpers/auth_helper.php on line 24.
 1 APPPATH/Controllers/Page.php(34): App\Helpers\auth_helper::isLoggedIn('1')
 2 SYSTEMPATH/CodeIgniter.php(933): App\Controllers\Page->view('character_database')
 3 SYSTEMPATH/CodeIgniter.php(509): CodeIgniter\CodeIgniter->runController(Object(App\Controllers\Page))
 4 SYSTEMPATH/CodeIgniter.php(355): CodeIgniter\CodeIgniter->handleRequest(null, Object(Config\Cache), false)
 5 SYSTEMPATH/Boot.php(312): CodeIgniter\CodeIgniter->run()
 6 SYSTEMPATH/Boot.php(67): CodeIgniter\Boot::runCodeIgniter(Object(CodeIgniter\CodeIgniter))
 7 FCPATH/index.php(56): CodeIgniter\Boot::bootWeb(Object(Config\Paths))
CRITICAL - 2024-05-05 10:18:02 --> Error: Using $this when not in object context
[Method: GET, Route: gamemaster/character_database]
in APPPATH/Helpers/auth_helper.php on line 22.
 1 APPPATH/Controllers/Page.php(34): App\Helpers\auth_helper::isLoggedIn('1')
 2 SYSTEMPATH/CodeIgniter.php(933): App\Controllers\Page->view('character_database')
 3 SYSTEMPATH/CodeIgniter.php(509): CodeIgniter\CodeIgniter->runController(Object(App\Controllers\Page))
 4 SYSTEMPATH/CodeIgniter.php(355): CodeIgniter\CodeIgniter->handleRequest(null, Object(Config\Cache), false)
 5 SYSTEMPATH/Boot.php(312): CodeIgniter\CodeIgniter->run()
 6 SYSTEMPATH/Boot.php(67): CodeIgniter\Boot::runCodeIgniter(Object(CodeIgniter\CodeIgniter))
 7 FCPATH/index.php(56): CodeIgniter\Boot::bootWeb(Object(Config\Paths))
CRITICAL - 2024-05-05 10:18:13 --> Error: Using $this when not in object context
[Method: GET, Route: gamemaster/character_database]
in APPPATH/Helpers/auth_helper.php on line 22.
 1 APPPATH/Controllers/Page.php(34): App\Helpers\auth_helper::isLoggedIn('1')
 2 SYSTEMPATH/CodeIgniter.php(933): App\Controllers\Page->view('character_database')
 3 SYSTEMPATH/CodeIgniter.php(509): CodeIgniter\CodeIgniter->runController(Object(App\Controllers\Page))
 4 SYSTEMPATH/CodeIgniter.php(355): CodeIgniter\CodeIgniter->handleRequest(null, Object(Config\Cache), false)
 5 SYSTEMPATH/Boot.php(312): CodeIgniter\CodeIgniter->run()
 6 SYSTEMPATH/Boot.php(67): CodeIgniter\Boot::runCodeIgniter(Object(CodeIgniter\CodeIgniter))
 7 FCPATH/index.php(56): CodeIgniter\Boot::bootWeb(Object(Config\Paths))
CRITICAL - 2024-05-05 10:18:14 --> Error: Using $this when not in object context
[Method: GET, Route: gamemaster/character_database]
in APPPATH/Helpers/auth_helper.php on line 22.
 1 APPPATH/Controllers/Page.php(34): App\Helpers\auth_helper::isLoggedIn('1')
 2 SYSTEMPATH/CodeIgniter.php(933): App\Controllers\Page->view('character_database')
 3 SYSTEMPATH/CodeIgniter.php(509): CodeIgniter\CodeIgniter->runController(Object(App\Controllers\Page))
 4 SYSTEMPATH/CodeIgniter.php(355): CodeIgniter\CodeIgniter->handleRequest(null, Object(Config\Cache), false)
 5 SYSTEMPATH/Boot.php(312): CodeIgniter\CodeIgniter->run()
 6 SYSTEMPATH/Boot.php(67): CodeIgniter\Boot::runCodeIgniter(Object(CodeIgniter\CodeIgniter))
 7 FCPATH/index.php(56): CodeIgniter\Boot::bootWeb(Object(Config\Paths))
CRITICAL - 2024-05-05 10:18:31 --> Error: Using $this when not in object context
[Method: GET, Route: gamemaster/character_database]
in APPPATH/Helpers/auth_helper.php on line 22.
 1 APPPATH/Controllers/Page.php(34): App\Helpers\auth_helper::isLoggedIn('1')
 2 SYSTEMPATH/CodeIgniter.php(933): App\Controllers\Page->view('character_database')
 3 SYSTEMPATH/CodeIgniter.php(509): CodeIgniter\CodeIgniter->runController(Object(App\Controllers\Page))
 4 SYSTEMPATH/CodeIgniter.php(355): CodeIgniter\CodeIgniter->handleRequest(null, Object(Config\Cache), false)
 5 SYSTEMPATH/Boot.php(312): CodeIgniter\CodeIgniter->run()
 6 SYSTEMPATH/Boot.php(67): CodeIgniter\Boot::runCodeIgniter(Object(CodeIgniter\CodeIgniter))
 7 FCPATH/index.php(56): CodeIgniter\Boot::bootWeb(Object(Config\Paths))
CRITICAL - 2024-05-05 10:18:32 --> Error: Using $this when not in object context
[Method: GET, Route: gamemaster/character_database]
in APPPATH/Helpers/auth_helper.php on line 22.
 1 APPPATH/Controllers/Page.php(34): App\Helpers\auth_helper::isLoggedIn('1')
 2 SYSTEMPATH/CodeIgniter.php(933): App\Controllers\Page->view('character_database')
 3 SYSTEMPATH/CodeIgniter.php(509): CodeIgniter\CodeIgniter->runController(Object(App\Controllers\Page))
 4 SYSTEMPATH/CodeIgniter.php(355): CodeIgniter\CodeIgniter->handleRequest(null, Object(Config\Cache), false)
 5 SYSTEMPATH/Boot.php(312): CodeIgniter\CodeIgniter->run()
 6 SYSTEMPATH/Boot.php(67): CodeIgniter\Boot::runCodeIgniter(Object(CodeIgniter\CodeIgniter))
 7 FCPATH/index.php(56): CodeIgniter\Boot::bootWeb(Object(Config\Paths))
CRITICAL - 2024-05-05 10:47:06 --> Error: Using $this when not in object context
[Method: GET, Route: gamemaster/character_database]
in APPPATH/Helpers/auth_helper.php on line 18.
 1 APPPATH/Controllers/Page.php(34): App\Helpers\auth_helper::isLoggedIn('3', [...])
 2 SYSTEMPATH/CodeIgniter.php(933): App\Controllers\Page->view('character_database')
 3 SYSTEMPATH/CodeIgniter.php(509): CodeIgniter\CodeIgniter->runController(Object(App\Controllers\Page))
 4 SYSTEMPATH/CodeIgniter.php(355): CodeIgniter\CodeIgniter->handleRequest(null, Object(Config\Cache), false)
 5 SYSTEMPATH/Boot.php(312): CodeIgniter\CodeIgniter->run()
 6 SYSTEMPATH/Boot.php(67): CodeIgniter\Boot::runCodeIgniter(Object(CodeIgniter\CodeIgniter))
 7 FCPATH/index.php(56): CodeIgniter\Boot::bootWeb(Object(Config\Paths))
CRITICAL - 2024-05-05 10:47:15 --> Error: Using $this when not in object context
[Method: GET, Route: gamemaster/character_database]
in APPPATH/Helpers/auth_helper.php on line 18.
 1 APPPATH/Controllers/Page.php(34): App\Helpers\auth_helper::isLoggedIn('3', [...])
 2 SYSTEMPATH/CodeIgniter.php(933): App\Controllers\Page->view('character_database')
 3 SYSTEMPATH/CodeIgniter.php(509): CodeIgniter\CodeIgniter->runController(Object(App\Controllers\Page))
 4 SYSTEMPATH/CodeIgniter.php(355): CodeIgniter\CodeIgniter->handleRequest(null, Object(Config\Cache), false)
 5 SYSTEMPATH/Boot.php(312): CodeIgniter\CodeIgniter->run()
 6 SYSTEMPATH/Boot.php(67): CodeIgniter\Boot::runCodeIgniter(Object(CodeIgniter\CodeIgniter))
 7 FCPATH/index.php(56): CodeIgniter\Boot::bootWeb(Object(Config\Paths))
CRITICAL - 2024-05-05 10:47:22 --> Error: Using $this when not in object context
[Method: GET, Route: gamemaster/character_database]
in APPPATH/Helpers/auth_helper.php on line 18.
 1 APPPATH/Controllers/Page.php(34): App\Helpers\auth_helper::isLoggedIn('3', [...])
 2 SYSTEMPATH/CodeIgniter.php(933): App\Controllers\Page->view('character_database')
 3 SYSTEMPATH/CodeIgniter.php(509): CodeIgniter\CodeIgniter->runController(Object(App\Controllers\Page))
 4 SYSTEMPATH/CodeIgniter.php(355): CodeIgniter\CodeIgniter->handleRequest(null, Object(Config\Cache), false)
 5 SYSTEMPATH/Boot.php(312): CodeIgniter\CodeIgniter->run()
 6 SYSTEMPATH/Boot.php(67): CodeIgniter\Boot::runCodeIgniter(Object(CodeIgniter\CodeIgniter))
 7 FCPATH/index.php(56): CodeIgniter\Boot::bootWeb(Object(Config\Paths))
CRITICAL - 2024-05-05 10:47:23 --> Error: Using $this when not in object context
[Method: GET, Route: gamemaster/character_database]
in APPPATH/Helpers/auth_helper.php on line 18.
 1 APPPATH/Controllers/Page.php(34): App\Helpers\auth_helper::isLoggedIn('3', [...])
 2 SYSTEMPATH/CodeIgniter.php(933): App\Controllers\Page->view('character_database')
 3 SYSTEMPATH/CodeIgniter.php(509): CodeIgniter\CodeIgniter->runController(Object(App\Controllers\Page))
 4 SYSTEMPATH/CodeIgniter.php(355): CodeIgniter\CodeIgniter->handleRequest(null, Object(Config\Cache), false)
 5 SYSTEMPATH/Boot.php(312): CodeIgniter\CodeIgniter->run()
 6 SYSTEMPATH/Boot.php(67): CodeIgniter\Boot::runCodeIgniter(Object(CodeIgniter\CodeIgniter))
 7 FCPATH/index.php(56): CodeIgniter\Boot::bootWeb(Object(Config\Paths))
CRITICAL - 2024-05-05 10:47:45 --> Error: Call to undefined function App\Helpers\compareRole()
[Method: GET, Route: gamemaster/character_database]
in APPPATH/Helpers/auth_helper.php on line 18.
 1 APPPATH/Controllers/Page.php(34): App\Helpers\auth_helper::isLoggedIn('3', [...])
 2 SYSTEMPATH/CodeIgniter.php(933): App\Controllers\Page->view('character_database')
 3 SYSTEMPATH/CodeIgniter.php(509): CodeIgniter\CodeIgniter->runController(Object(App\Controllers\Page))
 4 SYSTEMPATH/CodeIgniter.php(355): CodeIgniter\CodeIgniter->handleRequest(null, Object(Config\Cache), false)
 5 SYSTEMPATH/Boot.php(312): CodeIgniter\CodeIgniter->run()
 6 SYSTEMPATH/Boot.php(67): CodeIgniter\Boot::runCodeIgniter(Object(CodeIgniter\CodeIgniter))
 7 FCPATH/index.php(56): CodeIgniter\Boot::bootWeb(Object(Config\Paths))
CRITICAL - 2024-05-05 10:47:46 --> Error: Call to undefined function App\Helpers\compareRole()
[Method: GET, Route: gamemaster/character_database]
in APPPATH/Helpers/auth_helper.php on line 18.
 1 APPPATH/Controllers/Page.php(34): App\Helpers\auth_helper::isLoggedIn('3', [...])
 2 SYSTEMPATH/CodeIgniter.php(933): App\Controllers\Page->view('character_database')
 3 SYSTEMPATH/CodeIgniter.php(509): CodeIgniter\CodeIgniter->runController(Object(App\Controllers\Page))
 4 SYSTEMPATH/CodeIgniter.php(355): CodeIgniter\CodeIgniter->handleRequest(null, Object(Config\Cache), false)
 5 SYSTEMPATH/Boot.php(312): CodeIgniter\CodeIgniter->run()
 6 SYSTEMPATH/Boot.php(67): CodeIgniter\Boot::runCodeIgniter(Object(CodeIgniter\CodeIgniter))
 7 FCPATH/index.php(56): CodeIgniter\Boot::bootWeb(Object(Config\Paths))
CRITICAL - 2024-05-05 10:47:47 --> Error: Call to undefined function App\Helpers\compareRole()
[Method: GET, Route: gamemaster/character_database]
in APPPATH/Helpers/auth_helper.php on line 18.
 1 APPPATH/Controllers/Page.php(34): App\Helpers\auth_helper::isLoggedIn('3', [...])
 2 SYSTEMPATH/CodeIgniter.php(933): App\Controllers\Page->view('character_database')
 3 SYSTEMPATH/CodeIgniter.php(509): CodeIgniter\CodeIgniter->runController(Object(App\Controllers\Page))
 4 SYSTEMPATH/CodeIgniter.php(355): CodeIgniter\CodeIgniter->handleRequest(null, Object(Config\Cache), false)
 5 SYSTEMPATH/Boot.php(312): CodeIgniter\CodeIgniter->run()
 6 SYSTEMPATH/Boot.php(67): CodeIgniter\Boot::runCodeIgniter(Object(CodeIgniter\CodeIgniter))
 7 FCPATH/index.php(56): CodeIgniter\Boot::bootWeb(Object(Config\Paths))
CRITICAL - 2024-05-05 10:48:41 --> Error: Using $this when not in object context
[Method: GET, Route: gamemaster/character_database]
in APPPATH/Helpers/auth_helper.php on line 18.
 1 APPPATH/Controllers/Page.php(34): App\Helpers\auth_helper::isLoggedIn('3', [...])
 2 SYSTEMPATH/CodeIgniter.php(933): App\Controllers\Page->view('character_database')
 3 SYSTEMPATH/CodeIgniter.php(509): CodeIgniter\CodeIgniter->runController(Object(App\Controllers\Page))
 4 SYSTEMPATH/CodeIgniter.php(355): CodeIgniter\CodeIgniter->handleRequest(null, Object(Config\Cache), false)
 5 SYSTEMPATH/Boot.php(312): CodeIgniter\CodeIgniter->run()
 6 SYSTEMPATH/Boot.php(67): CodeIgniter\Boot::runCodeIgniter(Object(CodeIgniter\CodeIgniter))
 7 FCPATH/index.php(56): CodeIgniter\Boot::bootWeb(Object(Config\Paths))
CRITICAL - 2024-05-05 10:48:42 --> Error: Using $this when not in object context
[Method: GET, Route: gamemaster/character_database]
in APPPATH/Helpers/auth_helper.php on line 18.
 1 APPPATH/Controllers/Page.php(34): App\Helpers\auth_helper::isLoggedIn('3', [...])
 2 SYSTEMPATH/CodeIgniter.php(933): App\Controllers\Page->view('character_database')
 3 SYSTEMPATH/CodeIgniter.php(509): CodeIgniter\CodeIgniter->runController(Object(App\Controllers\Page))
 4 SYSTEMPATH/CodeIgniter.php(355): CodeIgniter\CodeIgniter->handleRequest(null, Object(Config\Cache), false)
 5 SYSTEMPATH/Boot.php(312): CodeIgniter\CodeIgniter->run()
 6 SYSTEMPATH/Boot.php(67): CodeIgniter\Boot::runCodeIgniter(Object(CodeIgniter\CodeIgniter))
 7 FCPATH/index.php(56): CodeIgniter\Boot::bootWeb(Object(Config\Paths))
CRITICAL - 2024-05-05 10:48:56 --> Error: Using $this when not in object context
[Method: GET, Route: gamemaster/character_database]
in APPPATH/Helpers/auth_helper.php on line 18.
 1 APPPATH/Controllers/Page.php(34): App\Helpers\auth_helper::isLoggedIn('3', [...])
 2 SYSTEMPATH/CodeIgniter.php(933): App\Controllers\Page->view('character_database')
 3 SYSTEMPATH/CodeIgniter.php(509): CodeIgniter\CodeIgniter->runController(Object(App\Controllers\Page))
 4 SYSTEMPATH/CodeIgniter.php(355): CodeIgniter\CodeIgniter->handleRequest(null, Object(Config\Cache), false)
 5 SYSTEMPATH/Boot.php(312): CodeIgniter\CodeIgniter->run()
 6 SYSTEMPATH/Boot.php(67): CodeIgniter\Boot::runCodeIgniter(Object(CodeIgniter\CodeIgniter))
 7 FCPATH/index.php(56): CodeIgniter\Boot::bootWeb(Object(Config\Paths))
CRITICAL - 2024-05-05 10:48:56 --> Error: Using $this when not in object context
[Method: GET, Route: gamemaster/character_database]
in APPPATH/Helpers/auth_helper.php on line 18.
 1 APPPATH/Controllers/Page.php(34): App\Helpers\auth_helper::isLoggedIn('3', [...])
 2 SYSTEMPATH/CodeIgniter.php(933): App\Controllers\Page->view('character_database')
 3 SYSTEMPATH/CodeIgniter.php(509): CodeIgniter\CodeIgniter->runController(Object(App\Controllers\Page))
 4 SYSTEMPATH/CodeIgniter.php(355): CodeIgniter\CodeIgniter->handleRequest(null, Object(Config\Cache), false)
 5 SYSTEMPATH/Boot.php(312): CodeIgniter\CodeIgniter->run()
 6 SYSTEMPATH/Boot.php(67): CodeIgniter\Boot::runCodeIgniter(Object(CodeIgniter\CodeIgniter))
 7 FCPATH/index.php(56): CodeIgniter\Boot::bootWeb(Object(Config\Paths))
CRITICAL - 2024-05-05 10:48:57 --> Error: Using $this when not in object context
[Method: GET, Route: gamemaster/character_database]
in APPPATH/Helpers/auth_helper.php on line 18.
 1 APPPATH/Controllers/Page.php(34): App\Helpers\auth_helper::isLoggedIn('3', [...])
 2 SYSTEMPATH/CodeIgniter.php(933): App\Controllers\Page->view('character_database')
 3 SYSTEMPATH/CodeIgniter.php(509): CodeIgniter\CodeIgniter->runController(Object(App\Controllers\Page))
 4 SYSTEMPATH/CodeIgniter.php(355): CodeIgniter\CodeIgniter->handleRequest(null, Object(Config\Cache), false)
 5 SYSTEMPATH/Boot.php(312): CodeIgniter\CodeIgniter->run()
 6 SYSTEMPATH/Boot.php(67): CodeIgniter\Boot::runCodeIgniter(Object(CodeIgniter\CodeIgniter))
 7 FCPATH/index.php(56): CodeIgniter\Boot::bootWeb(Object(Config\Paths))
CRITICAL - 2024-05-05 10:48:57 --> Error: Using $this when not in object context
[Method: GET, Route: gamemaster/character_database]
in APPPATH/Helpers/auth_helper.php on line 18.
 1 APPPATH/Controllers/Page.php(34): App\Helpers\auth_helper::isLoggedIn('3', [...])
 2 SYSTEMPATH/CodeIgniter.php(933): App\Controllers\Page->view('character_database')
 3 SYSTEMPATH/CodeIgniter.php(509): CodeIgniter\CodeIgniter->runController(Object(App\Controllers\Page))
 4 SYSTEMPATH/CodeIgniter.php(355): CodeIgniter\CodeIgniter->handleRequest(null, Object(Config\Cache), false)
 5 SYSTEMPATH/Boot.php(312): CodeIgniter\CodeIgniter->run()
 6 SYSTEMPATH/Boot.php(67): CodeIgniter\Boot::runCodeIgniter(Object(CodeIgniter\CodeIgniter))
 7 FCPATH/index.php(56): CodeIgniter\Boot::bootWeb(Object(Config\Paths))
CRITICAL - 2024-05-05 10:48:57 --> Error: Using $this when not in object context
[Method: GET, Route: gamemaster/character_database]
in APPPATH/Helpers/auth_helper.php on line 18.
 1 APPPATH/Controllers/Page.php(34): App\Helpers\auth_helper::isLoggedIn('3', [...])
 2 SYSTEMPATH/CodeIgniter.php(933): App\Controllers\Page->view('character_database')
 3 SYSTEMPATH/CodeIgniter.php(509): CodeIgniter\CodeIgniter->runController(Object(App\Controllers\Page))
 4 SYSTEMPATH/CodeIgniter.php(355): CodeIgniter\CodeIgniter->handleRequest(null, Object(Config\Cache), false)
 5 SYSTEMPATH/Boot.php(312): CodeIgniter\CodeIgniter->run()
 6 SYSTEMPATH/Boot.php(67): CodeIgniter\Boot::runCodeIgniter(Object(CodeIgniter\CodeIgniter))
 7 FCPATH/index.php(56): CodeIgniter\Boot::bootWeb(Object(Config\Paths))
CRITICAL - 2024-05-05 10:48:57 --> Error: Using $this when not in object context
[Method: GET, Route: gamemaster/character_database]
in APPPATH/Helpers/auth_helper.php on line 18.
 1 APPPATH/Controllers/Page.php(34): App\Helpers\auth_helper::isLoggedIn('3', [...])
 2 SYSTEMPATH/CodeIgniter.php(933): App\Controllers\Page->view('character_database')
 3 SYSTEMPATH/CodeIgniter.php(509): CodeIgniter\CodeIgniter->runController(Object(App\Controllers\Page))
 4 SYSTEMPATH/CodeIgniter.php(355): CodeIgniter\CodeIgniter->handleRequest(null, Object(Config\Cache), false)
 5 SYSTEMPATH/Boot.php(312): CodeIgniter\CodeIgniter->run()
 6 SYSTEMPATH/Boot.php(67): CodeIgniter\Boot::runCodeIgniter(Object(CodeIgniter\CodeIgniter))
 7 FCPATH/index.php(56): CodeIgniter\Boot::bootWeb(Object(Config\Paths))
CRITICAL - 2024-05-05 10:48:57 --> Error: Using $this when not in object context
[Method: GET, Route: gamemaster/character_database]
in APPPATH/Helpers/auth_helper.php on line 18.
 1 APPPATH/Controllers/Page.php(34): App\Helpers\auth_helper::isLoggedIn('3', [...])
 2 SYSTEMPATH/CodeIgniter.php(933): App\Controllers\Page->view('character_database')
 3 SYSTEMPATH/CodeIgniter.php(509): CodeIgniter\CodeIgniter->runController(Object(App\Controllers\Page))
 4 SYSTEMPATH/CodeIgniter.php(355): CodeIgniter\CodeIgniter->handleRequest(null, Object(Config\Cache), false)
 5 SYSTEMPATH/Boot.php(312): CodeIgniter\CodeIgniter->run()
 6 SYSTEMPATH/Boot.php(67): CodeIgniter\Boot::runCodeIgniter(Object(CodeIgniter\CodeIgniter))
 7 FCPATH/index.php(56): CodeIgniter\Boot::bootWeb(Object(Config\Paths))
CRITICAL - 2024-05-05 10:48:57 --> Error: Using $this when not in object context
[Method: GET, Route: gamemaster/character_database]
in APPPATH/Helpers/auth_helper.php on line 18.
 1 APPPATH/Controllers/Page.php(34): App\Helpers\auth_helper::isLoggedIn('3', [...])
 2 SYSTEMPATH/CodeIgniter.php(933): App\Controllers\Page->view('character_database')
 3 SYSTEMPATH/CodeIgniter.php(509): CodeIgniter\CodeIgniter->runController(Object(App\Controllers\Page))
 4 SYSTEMPATH/CodeIgniter.php(355): CodeIgniter\CodeIgniter->handleRequest(null, Object(Config\Cache), false)
 5 SYSTEMPATH/Boot.php(312): CodeIgniter\CodeIgniter->run()
 6 SYSTEMPATH/Boot.php(67): CodeIgniter\Boot::runCodeIgniter(Object(CodeIgniter\CodeIgniter))
 7 FCPATH/index.php(56): CodeIgniter\Boot::bootWeb(Object(Config\Paths))
CRITICAL - 2024-05-05 10:48:58 --> Error: Using $this when not in object context
[Method: GET, Route: gamemaster/character_database]
in APPPATH/Helpers/auth_helper.php on line 18.
 1 APPPATH/Controllers/Page.php(34): App\Helpers\auth_helper::isLoggedIn('3', [...])
 2 SYSTEMPATH/CodeIgniter.php(933): App\Controllers\Page->view('character_database')
 3 SYSTEMPATH/CodeIgniter.php(509): CodeIgniter\CodeIgniter->runController(Object(App\Controllers\Page))
 4 SYSTEMPATH/CodeIgniter.php(355): CodeIgniter\CodeIgniter->handleRequest(null, Object(Config\Cache), false)
 5 SYSTEMPATH/Boot.php(312): CodeIgniter\CodeIgniter->run()
 6 SYSTEMPATH/Boot.php(67): CodeIgniter\Boot::runCodeIgniter(Object(CodeIgniter\CodeIgniter))
 7 FCPATH/index.php(56): CodeIgniter\Boot::bootWeb(Object(Config\Paths))
CRITICAL - 2024-05-05 10:48:58 --> Error: Using $this when not in object context
[Method: GET, Route: gamemaster/character_database]
in APPPATH/Helpers/auth_helper.php on line 18.
 1 APPPATH/Controllers/Page.php(34): App\Helpers\auth_helper::isLoggedIn('3', [...])
 2 SYSTEMPATH/CodeIgniter.php(933): App\Controllers\Page->view('character_database')
 3 SYSTEMPATH/CodeIgniter.php(509): CodeIgniter\CodeIgniter->runController(Object(App\Controllers\Page))
 4 SYSTEMPATH/CodeIgniter.php(355): CodeIgniter\CodeIgniter->handleRequest(null, Object(Config\Cache), false)
 5 SYSTEMPATH/Boot.php(312): CodeIgniter\CodeIgniter->run()
 6 SYSTEMPATH/Boot.php(67): CodeIgniter\Boot::runCodeIgniter(Object(CodeIgniter\CodeIgniter))
 7 FCPATH/index.php(56): CodeIgniter\Boot::bootWeb(Object(Config\Paths))
CRITICAL - 2024-05-05 10:48:58 --> Error: Using $this when not in object context
[Method: GET, Route: gamemaster/character_database]
in APPPATH/Helpers/auth_helper.php on line 18.
 1 APPPATH/Controllers/Page.php(34): App\Helpers\auth_helper::isLoggedIn('3', [...])
 2 SYSTEMPATH/CodeIgniter.php(933): App\Controllers\Page->view('character_database')
 3 SYSTEMPATH/CodeIgniter.php(509): CodeIgniter\CodeIgniter->runController(Object(App\Controllers\Page))
 4 SYSTEMPATH/CodeIgniter.php(355): CodeIgniter\CodeIgniter->handleRequest(null, Object(Config\Cache), false)
 5 SYSTEMPATH/Boot.php(312): CodeIgniter\CodeIgniter->run()
 6 SYSTEMPATH/Boot.php(67): CodeIgniter\Boot::runCodeIgniter(Object(CodeIgniter\CodeIgniter))
 7 FCPATH/index.php(56): CodeIgniter\Boot::bootWeb(Object(Config\Paths))
CRITICAL - 2024-05-05 10:49:23 --> Error: Using $this when not in object context
[Method: GET, Route: gamemaster/character_database]
in APPPATH/Helpers/auth_helper.php on line 18.
 1 APPPATH/Controllers/Page.php(34): App\Helpers\auth_helper::isLoggedIn('3', [...])
 2 SYSTEMPATH/CodeIgniter.php(933): App\Controllers\Page->view('character_database')
 3 SYSTEMPATH/CodeIgniter.php(509): CodeIgniter\CodeIgniter->runController(Object(App\Controllers\Page))
 4 SYSTEMPATH/CodeIgniter.php(355): CodeIgniter\CodeIgniter->handleRequest(null, Object(Config\Cache), false)
 5 SYSTEMPATH/Boot.php(312): CodeIgniter\CodeIgniter->run()
 6 SYSTEMPATH/Boot.php(67): CodeIgniter\Boot::runCodeIgniter(Object(CodeIgniter\CodeIgniter))
 7 FCPATH/index.php(56): CodeIgniter\Boot::bootWeb(Object(Config\Paths))
CRITICAL - 2024-05-05 10:50:13 --> Error: Using $this when not in object context
[Method: GET, Route: gamemaster/character_database]
in APPPATH/Helpers/auth_helper.php on line 18.
 1 APPPATH/Controllers/Page.php(34): App\Helpers\auth_helper::isLoggedIn('3', [...])
 2 SYSTEMPATH/CodeIgniter.php(933): App\Controllers\Page->view('character_database')
 3 SYSTEMPATH/CodeIgniter.php(509): CodeIgniter\CodeIgniter->runController(Object(App\Controllers\Page))
 4 SYSTEMPATH/CodeIgniter.php(355): CodeIgniter\CodeIgniter->handleRequest(null, Object(Config\Cache), false)
 5 SYSTEMPATH/Boot.php(312): CodeIgniter\CodeIgniter->run()
 6 SYSTEMPATH/Boot.php(67): CodeIgniter\Boot::runCodeIgniter(Object(CodeIgniter\CodeIgniter))
 7 FCPATH/index.php(56): CodeIgniter\Boot::bootWeb(Object(Config\Paths))
CRITICAL - 2024-05-05 10:50:14 --> Error: Using $this when not in object context
[Method: GET, Route: gamemaster/character_database]
in APPPATH/Helpers/auth_helper.php on line 18.
 1 APPPATH/Controllers/Page.php(34): App\Helpers\auth_helper::isLoggedIn('3', [...])
 2 SYSTEMPATH/CodeIgniter.php(933): App\Controllers\Page->view('character_database')
 3 SYSTEMPATH/CodeIgniter.php(509): CodeIgniter\CodeIgniter->runController(Object(App\Controllers\Page))
 4 SYSTEMPATH/CodeIgniter.php(355): CodeIgniter\CodeIgniter->handleRequest(null, Object(Config\Cache), false)
 5 SYSTEMPATH/Boot.php(312): CodeIgniter\CodeIgniter->run()
 6 SYSTEMPATH/Boot.php(67): CodeIgniter\Boot::runCodeIgniter(Object(CodeIgniter\CodeIgniter))
 7 FCPATH/index.php(56): CodeIgniter\Boot::bootWeb(Object(Config\Paths))
CRITICAL - 2024-05-05 10:55:06 --> TypeError: in_array(): Argument #2 ($haystack) must be of type array, null given
[Method: GET, Route: /]
in APPPATH/Helpers/auth_helper.php on line 20.
 1 APPPATH/Helpers/auth_helper.php(20): in_array(null, null)
 2 APPPATH/Helpers/auth_helper.php(16): App\Helpers\auth_helper::compareRoles(null, null)
 3 APPPATH/Controllers/Page.php(61): App\Helpers\auth_helper::isLoggedIn()
 4 SYSTEMPATH/CodeIgniter.php(933): App\Controllers\Page->view('login')
 5 SYSTEMPATH/CodeIgniter.php(509): CodeIgniter\CodeIgniter->runController(Object(App\Controllers\Page))
 6 SYSTEMPATH/CodeIgniter.php(355): CodeIgniter\CodeIgniter->handleRequest(null, Object(Config\Cache), false)
 7 SYSTEMPATH/Boot.php(312): CodeIgniter\CodeIgniter->run()
 8 SYSTEMPATH/Boot.php(67): CodeIgniter\Boot::runCodeIgniter(Object(CodeIgniter\CodeIgniter))
 9 FCPATH/index.php(56): CodeIgniter\Boot::bootWeb(Object(Config\Paths))
CRITICAL - 2024-05-05 10:58:40 --> Error: Class "auth_helper" not found
[Method: GET, Route: /]
in APPPATH/Views/_templates/site_menu.php on line 11.
 1 SYSTEMPATH/View/View.php(234): include()
 2 SYSTEMPATH/View/View.php(237): CodeIgniter\View\View->CodeIgniter\View\{closure}()
 3 SYSTEMPATH/Common.php(1171): CodeIgniter\View\View->render('_templates/site_menu', [], true)
 4 APPPATH/Controllers/Page.php(62): view('_templates/site_menu')
 5 SYSTEMPATH/CodeIgniter.php(933): App\Controllers\Page->view('login')
 6 SYSTEMPATH/CodeIgniter.php(509): CodeIgniter\CodeIgniter->runController(Object(App\Controllers\Page))
 7 SYSTEMPATH/CodeIgniter.php(355): CodeIgniter\CodeIgniter->handleRequest(null, Object(Config\Cache), false)
 8 SYSTEMPATH/Boot.php(312): CodeIgniter\CodeIgniter->run()
 9 SYSTEMPATH/Boot.php(67): CodeIgniter\Boot::runCodeIgniter(Object(CodeIgniter\CodeIgniter))
10 FCPATH/index.php(56): CodeIgniter\Boot::bootWeb(Object(Config\Paths))
CRITICAL - 2024-05-05 12:34:16 --> Error: Class "auth_helper" not found
[Method: GET, Route: /]
in APPPATH/Views/_templates/site_menu.php on line 11.
 1 SYSTEMPATH/View/View.php(234): include()
 2 SYSTEMPATH/View/View.php(237): CodeIgniter\View\View->CodeIgniter\View\{closure}()
 3 SYSTEMPATH/Common.php(1171): CodeIgniter\View\View->render('_templates/site_menu', [], true)
 4 APPPATH/Controllers/Page.php(62): view('_templates/site_menu')
 5 SYSTEMPATH/CodeIgniter.php(933): App\Controllers\Page->view('login')
 6 SYSTEMPATH/CodeIgniter.php(509): CodeIgniter\CodeIgniter->runController(Object(App\Controllers\Page))
 7 SYSTEMPATH/CodeIgniter.php(355): CodeIgniter\CodeIgniter->handleRequest(null, Object(Config\Cache), false)
 8 SYSTEMPATH/Boot.php(312): CodeIgniter\CodeIgniter->run()
 9 SYSTEMPATH/Boot.php(67): CodeIgniter\Boot::runCodeIgniter(Object(CodeIgniter\CodeIgniter))
10 FCPATH/index.php(56): CodeIgniter\Boot::bootWeb(Object(Config\Paths))
CRITICAL - 2024-05-05 12:34:17 --> Error: Class "auth_helper" not found
[Method: GET, Route: /]
in APPPATH/Views/_templates/site_menu.php on line 11.
 1 SYSTEMPATH/View/View.php(234): include()
 2 SYSTEMPATH/View/View.php(237): CodeIgniter\View\View->CodeIgniter\View\{closure}()
 3 SYSTEMPATH/Common.php(1171): CodeIgniter\View\View->render('_templates/site_menu', [], true)
 4 APPPATH/Controllers/Page.php(62): view('_templates/site_menu')
 5 SYSTEMPATH/CodeIgniter.php(933): App\Controllers\Page->view('login')
 6 SYSTEMPATH/CodeIgniter.php(509): CodeIgniter\CodeIgniter->runController(Object(App\Controllers\Page))
 7 SYSTEMPATH/CodeIgniter.php(355): CodeIgniter\CodeIgniter->handleRequest(null, Object(Config\Cache), false)
 8 SYSTEMPATH/Boot.php(312): CodeIgniter\CodeIgniter->run()
 9 SYSTEMPATH/Boot.php(67): CodeIgniter\Boot::runCodeIgniter(Object(CodeIgniter\CodeIgniter))
10 FCPATH/index.php(56): CodeIgniter\Boot::bootWeb(Object(Config\Paths))
CRITICAL - 2024-05-05 12:35:40 --> Error: Class "auth_helper" not found
[Method: GET, Route: /]
in APPPATH/Views/_templates/site_menu.php on line 11.
 1 SYSTEMPATH/View/View.php(234): include()
 2 SYSTEMPATH/View/View.php(237): CodeIgniter\View\View->CodeIgniter\View\{closure}()
 3 SYSTEMPATH/Common.php(1171): CodeIgniter\View\View->render('_templates/site_menu', [], true)
 4 APPPATH/Controllers/Page.php(62): view('_templates/site_menu')
 5 SYSTEMPATH/CodeIgniter.php(933): App\Controllers\Page->view('login')
 6 SYSTEMPATH/CodeIgniter.php(509): CodeIgniter\CodeIgniter->runController(Object(App\Controllers\Page))
 7 SYSTEMPATH/CodeIgniter.php(355): CodeIgniter\CodeIgniter->handleRequest(null, Object(Config\Cache), false)
 8 SYSTEMPATH/Boot.php(312): CodeIgniter\CodeIgniter->run()
 9 SYSTEMPATH/Boot.php(67): CodeIgniter\Boot::runCodeIgniter(Object(CodeIgniter\CodeIgniter))
10 FCPATH/index.php(56): CodeIgniter\Boot::bootWeb(Object(Config\Paths))
CRITICAL - 2024-05-05 12:35:40 --> Error: Class "auth_helper" not found
[Method: GET, Route: /]
in APPPATH/Views/_templates/site_menu.php on line 11.
 1 SYSTEMPATH/View/View.php(234): include()
 2 SYSTEMPATH/View/View.php(237): CodeIgniter\View\View->CodeIgniter\View\{closure}()
 3 SYSTEMPATH/Common.php(1171): CodeIgniter\View\View->render('_templates/site_menu', [], true)
 4 APPPATH/Controllers/Page.php(62): view('_templates/site_menu')
 5 SYSTEMPATH/CodeIgniter.php(933): App\Controllers\Page->view('login')
 6 SYSTEMPATH/CodeIgniter.php(509): CodeIgniter\CodeIgniter->runController(Object(App\Controllers\Page))
 7 SYSTEMPATH/CodeIgniter.php(355): CodeIgniter\CodeIgniter->handleRequest(null, Object(Config\Cache), false)
 8 SYSTEMPATH/Boot.php(312): CodeIgniter\CodeIgniter->run()
 9 SYSTEMPATH/Boot.php(67): CodeIgniter\Boot::runCodeIgniter(Object(CodeIgniter\CodeIgniter))
10 FCPATH/index.php(56): CodeIgniter\Boot::bootWeb(Object(Config\Paths))
CRITICAL - 2024-05-05 12:36:28 --> ErrorException: Undefined property: CodeIgniter\View\View::$session
[Method: GET, Route: /]
in APPPATH/Views/_templates/site_menu.php on line 22.
 1 APPPATH/Views/_templates/site_menu.php(22): CodeIgniter\Debug\Exceptions->errorHandler(2, 'Undefined property: CodeIgniter\\View\\View::$session', '/volume1/web/chronicles_of_dalaria/chargen/dev/app/Views/_templates/site_menu.php', 22)
 2 SYSTEMPATH/View/View.php(234): include('/volume1/web/chronicles_of_dalaria/chargen/dev/app/Views/_templates/site_menu.php')
 3 SYSTEMPATH/View/View.php(237): CodeIgniter\View\View->CodeIgniter\View\{closure}()
 4 SYSTEMPATH/Common.php(1171): CodeIgniter\View\View->render('_templates/site_menu', [], true)
 5 APPPATH/Controllers/Page.php(62): view('_templates/site_menu')
 6 SYSTEMPATH/CodeIgniter.php(933): App\Controllers\Page->view('login')
 7 SYSTEMPATH/CodeIgniter.php(509): CodeIgniter\CodeIgniter->runController(Object(App\Controllers\Page))
 8 SYSTEMPATH/CodeIgniter.php(355): CodeIgniter\CodeIgniter->handleRequest(null, Object(Config\Cache), false)
 9 SYSTEMPATH/Boot.php(312): CodeIgniter\CodeIgniter->run()
10 SYSTEMPATH/Boot.php(67): CodeIgniter\Boot::runCodeIgniter(Object(CodeIgniter\CodeIgniter))
11 FCPATH/index.php(56): CodeIgniter\Boot::bootWeb(Object(Config\Paths))
CRITICAL - 2024-05-05 12:36:43 --> ErrorException: Undefined variable $session
[Method: GET, Route: /]
in APPPATH/Views/_templates/site_menu.php on line 22.
 1 APPPATH/Views/_templates/site_menu.php(22): CodeIgniter\Debug\Exceptions->errorHandler(2, 'Undefined variable $session', '/volume1/web/chronicles_of_dalaria/chargen/dev/app/Views/_templates/site_menu.php', 22)
 2 SYSTEMPATH/View/View.php(234): include('/volume1/web/chronicles_of_dalaria/chargen/dev/app/Views/_templates/site_menu.php')
 3 SYSTEMPATH/View/View.php(237): CodeIgniter\View\View->CodeIgniter\View\{closure}()
 4 SYSTEMPATH/Common.php(1171): CodeIgniter\View\View->render('_templates/site_menu', [], true)
 5 APPPATH/Controllers/Page.php(62): view('_templates/site_menu')
 6 SYSTEMPATH/CodeIgniter.php(933): App\Controllers\Page->view('login')
 7 SYSTEMPATH/CodeIgniter.php(509): CodeIgniter\CodeIgniter->runController(Object(App\Controllers\Page))
 8 SYSTEMPATH/CodeIgniter.php(355): CodeIgniter\CodeIgniter->handleRequest(null, Object(Config\Cache), false)
 9 SYSTEMPATH/Boot.php(312): CodeIgniter\CodeIgniter->run()
10 SYSTEMPATH/Boot.php(67): CodeIgniter\Boot::runCodeIgniter(Object(CodeIgniter\CodeIgniter))
11 FCPATH/index.php(56): CodeIgniter\Boot::bootWeb(Object(Config\Paths))
CRITICAL - 2024-05-05 12:40:56 --> Error: Class "auth_helper" not found
[Method: GET, Route: /]
in APPPATH/Views/_templates/site_menu.php on line 11.
 1 SYSTEMPATH/View/View.php(234): include()
 2 SYSTEMPATH/View/View.php(237): CodeIgniter\View\View->CodeIgniter\View\{closure}()
 3 SYSTEMPATH/Common.php(1171): CodeIgniter\View\View->render('_templates/site_menu', [], true)
 4 APPPATH/Controllers/Page.php(62): view('_templates/site_menu')
 5 SYSTEMPATH/CodeIgniter.php(933): App\Controllers\Page->view('login')
 6 SYSTEMPATH/CodeIgniter.php(509): CodeIgniter\CodeIgniter->runController(Object(App\Controllers\Page))
 7 SYSTEMPATH/CodeIgniter.php(355): CodeIgniter\CodeIgniter->handleRequest(null, Object(Config\Cache), false)
 8 SYSTEMPATH/Boot.php(312): CodeIgniter\CodeIgniter->run()
 9 SYSTEMPATH/Boot.php(67): CodeIgniter\Boot::runCodeIgniter(Object(CodeIgniter\CodeIgniter))
10 FCPATH/index.php(56): CodeIgniter\Boot::bootWeb(Object(Config\Paths))
CRITICAL - 2024-05-05 12:40:57 --> Error: Class "auth_helper" not found
[Method: GET, Route: /]
in APPPATH/Views/_templates/site_menu.php on line 11.
 1 SYSTEMPATH/View/View.php(234): include()
 2 SYSTEMPATH/View/View.php(237): CodeIgniter\View\View->CodeIgniter\View\{closure}()
 3 SYSTEMPATH/Common.php(1171): CodeIgniter\View\View->render('_templates/site_menu', [], true)
 4 APPPATH/Controllers/Page.php(62): view('_templates/site_menu')
 5 SYSTEMPATH/CodeIgniter.php(933): App\Controllers\Page->view('login')
 6 SYSTEMPATH/CodeIgniter.php(509): CodeIgniter\CodeIgniter->runController(Object(App\Controllers\Page))
 7 SYSTEMPATH/CodeIgniter.php(355): CodeIgniter\CodeIgniter->handleRequest(null, Object(Config\Cache), false)
 8 SYSTEMPATH/Boot.php(312): CodeIgniter\CodeIgniter->run()
 9 SYSTEMPATH/Boot.php(67): CodeIgniter\Boot::runCodeIgniter(Object(CodeIgniter\CodeIgniter))
10 FCPATH/index.php(56): CodeIgniter\Boot::bootWeb(Object(Config\Paths))
CRITICAL - 2024-05-05 12:41:46 --> ErrorException: Undefined property: CodeIgniter\View\View::$session
[Method: GET, Route: /]
in APPPATH/Views/_templates/site_menu.php on line 11.
 1 APPPATH/Views/_templates/site_menu.php(11): CodeIgniter\Debug\Exceptions->errorHandler(2, 'Undefined property: CodeIgniter\\View\\View::$session', '/volume1/web/chronicles_of_dalaria/chargen/dev/app/Views/_templates/site_menu.php', 11)
 2 SYSTEMPATH/View/View.php(234): include('/volume1/web/chronicles_of_dalaria/chargen/dev/app/Views/_templates/site_menu.php')
 3 SYSTEMPATH/View/View.php(237): CodeIgniter\View\View->CodeIgniter\View\{closure}()
 4 SYSTEMPATH/Common.php(1171): CodeIgniter\View\View->render('_templates/site_menu', [], true)
 5 APPPATH/Controllers/Page.php(62): view('_templates/site_menu')
 6 SYSTEMPATH/CodeIgniter.php(933): App\Controllers\Page->view('login')
 7 SYSTEMPATH/CodeIgniter.php(509): CodeIgniter\CodeIgniter->runController(Object(App\Controllers\Page))
 8 SYSTEMPATH/CodeIgniter.php(355): CodeIgniter\CodeIgniter->handleRequest(null, Object(Config\Cache), false)
 9 SYSTEMPATH/Boot.php(312): CodeIgniter\CodeIgniter->run()
10 SYSTEMPATH/Boot.php(67): CodeIgniter\Boot::runCodeIgniter(Object(CodeIgniter\CodeIgniter))
11 FCPATH/index.php(56): CodeIgniter\Boot::bootWeb(Object(Config\Paths))
CRITICAL - 2024-05-05 12:41:46 --> ErrorException: Undefined property: CodeIgniter\View\View::$session
[Method: GET, Route: /]
in APPPATH/Views/_templates/site_menu.php on line 11.
 1 APPPATH/Views/_templates/site_menu.php(11): CodeIgniter\Debug\Exceptions->errorHandler(2, 'Undefined property: CodeIgniter\\View\\View::$session', '/volume1/web/chronicles_of_dalaria/chargen/dev/app/Views/_templates/site_menu.php', 11)
 2 SYSTEMPATH/View/View.php(234): include('/volume1/web/chronicles_of_dalaria/chargen/dev/app/Views/_templates/site_menu.php')
 3 SYSTEMPATH/View/View.php(237): CodeIgniter\View\View->CodeIgniter\View\{closure}()
 4 SYSTEMPATH/Common.php(1171): CodeIgniter\View\View->render('_templates/site_menu', [], true)
 5 APPPATH/Controllers/Page.php(62): view('_templates/site_menu')
 6 SYSTEMPATH/CodeIgniter.php(933): App\Controllers\Page->view('login')
 7 SYSTEMPATH/CodeIgniter.php(509): CodeIgniter\CodeIgniter->runController(Object(App\Controllers\Page))
 8 SYSTEMPATH/CodeIgniter.php(355): CodeIgniter\CodeIgniter->handleRequest(null, Object(Config\Cache), false)
 9 SYSTEMPATH/Boot.php(312): CodeIgniter\CodeIgniter->run()
10 SYSTEMPATH/Boot.php(67): CodeIgniter\Boot::runCodeIgniter(Object(CodeIgniter\CodeIgniter))
11 FCPATH/index.php(56): CodeIgniter\Boot::bootWeb(Object(Config\Paths))
CRITICAL - 2024-05-05 12:42:29 --> ErrorException: Undefined variable $session
[Method: GET, Route: /]
in APPPATH/Views/_templates/site_menu.php on line 11.
 1 APPPATH/Views/_templates/site_menu.php(11): CodeIgniter\Debug\Exceptions->errorHandler(2, 'Undefined variable $session', '/volume1/web/chronicles_of_dalaria/chargen/dev/app/Views/_templates/site_menu.php', 11)
 2 SYSTEMPATH/View/View.php(234): include('/volume1/web/chronicles_of_dalaria/chargen/dev/app/Views/_templates/site_menu.php')
 3 SYSTEMPATH/View/View.php(237): CodeIgniter\View\View->CodeIgniter\View\{closure}()
 4 SYSTEMPATH/Common.php(1171): CodeIgniter\View\View->render('_templates/site_menu', [], true)
 5 APPPATH/Controllers/Page.php(62): view('_templates/site_menu')
 6 SYSTEMPATH/CodeIgniter.php(933): App\Controllers\Page->view('login')
 7 SYSTEMPATH/CodeIgniter.php(509): CodeIgniter\CodeIgniter->runController(Object(App\Controllers\Page))
 8 SYSTEMPATH/CodeIgniter.php(355): CodeIgniter\CodeIgniter->handleRequest(null, Object(Config\Cache), false)
 9 SYSTEMPATH/Boot.php(312): CodeIgniter\CodeIgniter->run()
10 SYSTEMPATH/Boot.php(67): CodeIgniter\Boot::runCodeIgniter(Object(CodeIgniter\CodeIgniter))
11 FCPATH/index.php(56): CodeIgniter\Boot::bootWeb(Object(Config\Paths))
CRITICAL - 2024-05-05 12:47:14 --> ErrorException: Undefined property: CodeIgniter\View\View::$session
[Method: GET, Route: /]
in APPPATH/Views/_templates/site_menu.php on line 11.
 1 APPPATH/Views/_templates/site_menu.php(11): CodeIgniter\Debug\Exceptions->errorHandler(2, 'Undefined property: CodeIgniter\\View\\View::$session', '/volume1/web/chronicles_of_dalaria/chargen/dev/app/Views/_templates/site_menu.php', 11)
 2 SYSTEMPATH/View/View.php(234): include('/volume1/web/chronicles_of_dalaria/chargen/dev/app/Views/_templates/site_menu.php')
 3 SYSTEMPATH/View/View.php(237): CodeIgniter\View\View->CodeIgniter\View\{closure}()
 4 SYSTEMPATH/Common.php(1171): CodeIgniter\View\View->render('_templates/site_menu', [], true)
 5 APPPATH/Controllers/Page.php(62): view('_templates/site_menu')
 6 SYSTEMPATH/CodeIgniter.php(933): App\Controllers\Page->view('login')
 7 SYSTEMPATH/CodeIgniter.php(509): CodeIgniter\CodeIgniter->runController(Object(App\Controllers\Page))
 8 SYSTEMPATH/CodeIgniter.php(355): CodeIgniter\CodeIgniter->handleRequest(null, Object(Config\Cache), false)
 9 SYSTEMPATH/Boot.php(312): CodeIgniter\CodeIgniter->run()
10 SYSTEMPATH/Boot.php(67): CodeIgniter\Boot::runCodeIgniter(Object(CodeIgniter\CodeIgniter))
11 FCPATH/index.php(56): CodeIgniter\Boot::bootWeb(Object(Config\Paths))
CRITICAL - 2024-05-05 12:47:15 --> ErrorException: Undefined property: CodeIgniter\View\View::$session
[Method: GET, Route: /]
in APPPATH/Views/_templates/site_menu.php on line 11.
 1 APPPATH/Views/_templates/site_menu.php(11): CodeIgniter\Debug\Exceptions->errorHandler(2, 'Undefined property: CodeIgniter\\View\\View::$session', '/volume1/web/chronicles_of_dalaria/chargen/dev/app/Views/_templates/site_menu.php', 11)
 2 SYSTEMPATH/View/View.php(234): include('/volume1/web/chronicles_of_dalaria/chargen/dev/app/Views/_templates/site_menu.php')
 3 SYSTEMPATH/View/View.php(237): CodeIgniter\View\View->CodeIgniter\View\{closure}()
 4 SYSTEMPATH/Common.php(1171): CodeIgniter\View\View->render('_templates/site_menu', [], true)
 5 APPPATH/Controllers/Page.php(62): view('_templates/site_menu')
 6 SYSTEMPATH/CodeIgniter.php(933): App\Controllers\Page->view('login')
 7 SYSTEMPATH/CodeIgniter.php(509): CodeIgniter\CodeIgniter->runController(Object(App\Controllers\Page))
 8 SYSTEMPATH/CodeIgniter.php(355): CodeIgniter\CodeIgniter->handleRequest(null, Object(Config\Cache), false)
 9 SYSTEMPATH/Boot.php(312): CodeIgniter\CodeIgniter->run()
10 SYSTEMPATH/Boot.php(67): CodeIgniter\Boot::runCodeIgniter(Object(CodeIgniter\CodeIgniter))
11 FCPATH/index.php(56): CodeIgniter\Boot::bootWeb(Object(Config\Paths))
CRITICAL - 2024-05-05 12:50:11 --> ErrorException: Undefined property: CodeIgniter\View\View::$session
[Method: GET, Route: /]
in APPPATH/Views/_templates/site_menu.php on line 11.
 1 APPPATH/Views/_templates/site_menu.php(11): CodeIgniter\Debug\Exceptions->errorHandler(2, 'Undefined property: CodeIgniter\\View\\View::$session', '/volume1/web/chronicles_of_dalaria/chargen/dev/app/Views/_templates/site_menu.php', 11)
 2 SYSTEMPATH/View/View.php(234): include('/volume1/web/chronicles_of_dalaria/chargen/dev/app/Views/_templates/site_menu.php')
 3 SYSTEMPATH/View/View.php(237): CodeIgniter\View\View->CodeIgniter\View\{closure}()
 4 SYSTEMPATH/Common.php(1171): CodeIgniter\View\View->render('_templates/site_menu', [], true)
 5 APPPATH/Controllers/Page.php(62): view('_templates/site_menu')
 6 SYSTEMPATH/CodeIgniter.php(933): App\Controllers\Page->view('login')
 7 SYSTEMPATH/CodeIgniter.php(509): CodeIgniter\CodeIgniter->runController(Object(App\Controllers\Page))
 8 SYSTEMPATH/CodeIgniter.php(355): CodeIgniter\CodeIgniter->handleRequest(null, Object(Config\Cache), false)
 9 SYSTEMPATH/Boot.php(312): CodeIgniter\CodeIgniter->run()
10 SYSTEMPATH/Boot.php(67): CodeIgniter\Boot::runCodeIgniter(Object(CodeIgniter\CodeIgniter))
11 FCPATH/index.php(56): CodeIgniter\Boot::bootWeb(Object(Config\Paths))
CRITICAL - 2024-05-05 12:52:39 --> ErrorException: Undefined property: CodeIgniter\View\View::$session
[Method: GET, Route: /]
in APPPATH/Views/_templates/site_menu.php on line 11.
 1 APPPATH/Views/_templates/site_menu.php(11): CodeIgniter\Debug\Exceptions->errorHandler(2, 'Undefined property: CodeIgniter\\View\\View::$session', '/volume1/web/chronicles_of_dalaria/chargen/dev/app/Views/_templates/site_menu.php', 11)
 2 SYSTEMPATH/View/View.php(234): include('/volume1/web/chronicles_of_dalaria/chargen/dev/app/Views/_templates/site_menu.php')
 3 SYSTEMPATH/View/View.php(237): CodeIgniter\View\View->CodeIgniter\View\{closure}()
 4 SYSTEMPATH/Common.php(1171): CodeIgniter\View\View->render('_templates/site_menu', [], true)
 5 APPPATH/Controllers/Page.php(63): view('_templates/site_menu')
 6 SYSTEMPATH/CodeIgniter.php(933): App\Controllers\Page->view('login')
 7 SYSTEMPATH/CodeIgniter.php(509): CodeIgniter\CodeIgniter->runController(Object(App\Controllers\Page))
 8 SYSTEMPATH/CodeIgniter.php(355): CodeIgniter\CodeIgniter->handleRequest(null, Object(Config\Cache), false)
 9 SYSTEMPATH/Boot.php(312): CodeIgniter\CodeIgniter->run()
10 SYSTEMPATH/Boot.php(67): CodeIgniter\Boot::runCodeIgniter(Object(CodeIgniter\CodeIgniter))
11 FCPATH/index.php(56): CodeIgniter\Boot::bootWeb(Object(Config\Paths))
CRITICAL - 2024-05-05 13:01:56 --> Error: Class "auth_helper" not found
[Method: GET, Route: /]
in APPPATH/Views/_templates/site_menu.php on line 18.
 1 SYSTEMPATH/View/View.php(234): include()
 2 SYSTEMPATH/View/View.php(237): CodeIgniter\View\View->CodeIgniter\View\{closure}()
 3 SYSTEMPATH/Common.php(1171): CodeIgniter\View\View->render('_templates/site_menu', [], true)
 4 APPPATH/Controllers/Page.php(63): view('_templates/site_menu')
 5 SYSTEMPATH/CodeIgniter.php(933): App\Controllers\Page->view('login')
 6 SYSTEMPATH/CodeIgniter.php(509): CodeIgniter\CodeIgniter->runController(Object(App\Controllers\Page))
 7 SYSTEMPATH/CodeIgniter.php(355): CodeIgniter\CodeIgniter->handleRequest(null, Object(Config\Cache), false)
 8 SYSTEMPATH/Boot.php(312): CodeIgniter\CodeIgniter->run()
 9 SYSTEMPATH/Boot.php(67): CodeIgniter\Boot::runCodeIgniter(Object(CodeIgniter\CodeIgniter))
10 FCPATH/index.php(56): CodeIgniter\Boot::bootWeb(Object(Config\Paths))
CRITICAL - 2024-05-05 13:02:29 --> Error: Undefined constant "ROLE_GAMEMASTER"
[Method: GET, Route: /]
in APPPATH/Views/_templates/site_menu.php on line 18.
 1 SYSTEMPATH/View/View.php(234): include()
 2 SYSTEMPATH/View/View.php(237): CodeIgniter\View\View->CodeIgniter\View\{closure}()
 3 SYSTEMPATH/Common.php(1171): CodeIgniter\View\View->render('_templates/site_menu', [], true)
 4 APPPATH/Controllers/Page.php(63): view('_templates/site_menu')
 5 SYSTEMPATH/CodeIgniter.php(933): App\Controllers\Page->view('login')
 6 SYSTEMPATH/CodeIgniter.php(509): CodeIgniter\CodeIgniter->runController(Object(App\Controllers\Page))
 7 SYSTEMPATH/CodeIgniter.php(355): CodeIgniter\CodeIgniter->handleRequest(null, Object(Config\Cache), false)
 8 SYSTEMPATH/Boot.php(312): CodeIgniter\CodeIgniter->run()
 9 SYSTEMPATH/Boot.php(67): CodeIgniter\Boot::runCodeIgniter(Object(CodeIgniter\CodeIgniter))
10 FCPATH/index.php(56): CodeIgniter\Boot::bootWeb(Object(Config\Paths))
CRITICAL - 2024-05-05 13:02:37 --> Error: Undefined constant "ROLE_GAMEMASTER"
[Method: GET, Route: /]
in APPPATH/Views/_templates/site_menu.php on line 18.
 1 SYSTEMPATH/View/View.php(234): include()
 2 SYSTEMPATH/View/View.php(237): CodeIgniter\View\View->CodeIgniter\View\{closure}()
 3 SYSTEMPATH/Common.php(1171): CodeIgniter\View\View->render('_templates/site_menu', [], true)
 4 APPPATH/Controllers/Page.php(63): view('_templates/site_menu')
 5 SYSTEMPATH/CodeIgniter.php(933): App\Controllers\Page->view('login')
 6 SYSTEMPATH/CodeIgniter.php(509): CodeIgniter\CodeIgniter->runController(Object(App\Controllers\Page))
 7 SYSTEMPATH/CodeIgniter.php(355): CodeIgniter\CodeIgniter->handleRequest(null, Object(Config\Cache), false)
 8 SYSTEMPATH/Boot.php(312): CodeIgniter\CodeIgniter->run()
 9 SYSTEMPATH/Boot.php(67): CodeIgniter\Boot::runCodeIgniter(Object(CodeIgniter\CodeIgniter))
10 FCPATH/index.php(56): CodeIgniter\Boot::bootWeb(Object(Config\Paths))
CRITICAL - 2024-05-05 13:02:44 --> Error: Undefined constant "ROLE_GAMEMASTER"
[Method: GET, Route: /]
in APPPATH/Views/_templates/site_menu.php on line 18.
 1 SYSTEMPATH/View/View.php(234): include()
 2 SYSTEMPATH/View/View.php(237): CodeIgniter\View\View->CodeIgniter\View\{closure}()
 3 SYSTEMPATH/Common.php(1171): CodeIgniter\View\View->render('_templates/site_menu', [], true)
 4 APPPATH/Controllers/Page.php(63): view('_templates/site_menu')
 5 SYSTEMPATH/CodeIgniter.php(933): App\Controllers\Page->view('login')
 6 SYSTEMPATH/CodeIgniter.php(509): CodeIgniter\CodeIgniter->runController(Object(App\Controllers\Page))
 7 SYSTEMPATH/CodeIgniter.php(355): CodeIgniter\CodeIgniter->handleRequest(null, Object(Config\Cache), false)
 8 SYSTEMPATH/Boot.php(312): CodeIgniter\CodeIgniter->run()
 9 SYSTEMPATH/Boot.php(67): CodeIgniter\Boot::runCodeIgniter(Object(CodeIgniter\CodeIgniter))
10 FCPATH/index.php(56): CodeIgniter\Boot::bootWeb(Object(Config\Paths))
CRITICAL - 2024-05-05 13:02:44 --> Error: Undefined constant "ROLE_GAMEMASTER"
[Method: GET, Route: /]
in APPPATH/Views/_templates/site_menu.php on line 18.
 1 SYSTEMPATH/View/View.php(234): include()
 2 SYSTEMPATH/View/View.php(237): CodeIgniter\View\View->CodeIgniter\View\{closure}()
 3 SYSTEMPATH/Common.php(1171): CodeIgniter\View\View->render('_templates/site_menu', [], true)
 4 APPPATH/Controllers/Page.php(63): view('_templates/site_menu')
 5 SYSTEMPATH/CodeIgniter.php(933): App\Controllers\Page->view('login')
 6 SYSTEMPATH/CodeIgniter.php(509): CodeIgniter\CodeIgniter->runController(Object(App\Controllers\Page))
 7 SYSTEMPATH/CodeIgniter.php(355): CodeIgniter\CodeIgniter->handleRequest(null, Object(Config\Cache), false)
 8 SYSTEMPATH/Boot.php(312): CodeIgniter\CodeIgniter->run()
 9 SYSTEMPATH/Boot.php(67): CodeIgniter\Boot::runCodeIgniter(Object(CodeIgniter\CodeIgniter))
10 FCPATH/index.php(56): CodeIgniter\Boot::bootWeb(Object(Config\Paths))
CRITICAL - 2024-05-05 13:03:14 --> Error: Class "auth_helper" not found
[Method: GET, Route: /]
in APPPATH/Views/_templates/site_menu.php on line 18.
 1 SYSTEMPATH/View/View.php(234): include()
 2 SYSTEMPATH/View/View.php(237): CodeIgniter\View\View->CodeIgniter\View\{closure}()
 3 SYSTEMPATH/Common.php(1171): CodeIgniter\View\View->render('_templates/site_menu', [], true)
 4 APPPATH/Controllers/Page.php(63): view('_templates/site_menu')
 5 SYSTEMPATH/CodeIgniter.php(933): App\Controllers\Page->view('login')
 6 SYSTEMPATH/CodeIgniter.php(509): CodeIgniter\CodeIgniter->runController(Object(App\Controllers\Page))
 7 SYSTEMPATH/CodeIgniter.php(355): CodeIgniter\CodeIgniter->handleRequest(null, Object(Config\Cache), false)
 8 SYSTEMPATH/Boot.php(312): CodeIgniter\CodeIgniter->run()
 9 SYSTEMPATH/Boot.php(67): CodeIgniter\Boot::runCodeIgniter(Object(CodeIgniter\CodeIgniter))
10 FCPATH/index.php(56): CodeIgniter\Boot::bootWeb(Object(Config\Paths))
CRITICAL - 2024-05-05 13:06:01 --> Error: Class "auth_helper" not found
[Method: GET, Route: /]
in APPPATH/Views/_templates/site_menu.php on line 18.
 1 SYSTEMPATH/View/View.php(234): include()
 2 SYSTEMPATH/View/View.php(237): CodeIgniter\View\View->CodeIgniter\View\{closure}()
 3 SYSTEMPATH/Common.php(1171): CodeIgniter\View\View->render('_templates/site_menu', [], true)
 4 APPPATH/Controllers/Page.php(64): view('_templates/site_menu')
 5 SYSTEMPATH/CodeIgniter.php(933): App\Controllers\Page->view('login')
 6 SYSTEMPATH/CodeIgniter.php(509): CodeIgniter\CodeIgniter->runController(Object(App\Controllers\Page))
 7 SYSTEMPATH/CodeIgniter.php(355): CodeIgniter\CodeIgniter->handleRequest(null, Object(Config\Cache), false)
 8 SYSTEMPATH/Boot.php(312): CodeIgniter\CodeIgniter->run()
 9 SYSTEMPATH/Boot.php(67): CodeIgniter\Boot::runCodeIgniter(Object(CodeIgniter\CodeIgniter))
10 FCPATH/index.php(56): CodeIgniter\Boot::bootWeb(Object(Config\Paths))
CRITICAL - 2024-05-05 13:08:42 --> Error: Class "auth_helper" not found
[Method: GET, Route: /]
in APPPATH/Views/_templates/site_menu.php on line 19.
 1 SYSTEMPATH/View/View.php(234): include()
 2 SYSTEMPATH/View/View.php(237): CodeIgniter\View\View->CodeIgniter\View\{closure}()
 3 SYSTEMPATH/Common.php(1171): CodeIgniter\View\View->render('_templates/site_menu', [], true)
 4 APPPATH/Controllers/Page.php(64): view('_templates/site_menu')
 5 SYSTEMPATH/CodeIgniter.php(933): App\Controllers\Page->view('login')
 6 SYSTEMPATH/CodeIgniter.php(509): CodeIgniter\CodeIgniter->runController(Object(App\Controllers\Page))
 7 SYSTEMPATH/CodeIgniter.php(355): CodeIgniter\CodeIgniter->handleRequest(null, Object(Config\Cache), false)
 8 SYSTEMPATH/Boot.php(312): CodeIgniter\CodeIgniter->run()
 9 SYSTEMPATH/Boot.php(67): CodeIgniter\Boot::runCodeIgniter(Object(CodeIgniter\CodeIgniter))
10 FCPATH/index.php(56): CodeIgniter\Boot::bootWeb(Object(Config\Paths))
CRITICAL - 2024-05-05 13:08:43 --> Error: Class "auth_helper" not found
[Method: GET, Route: /]
in APPPATH/Views/_templates/site_menu.php on line 19.
 1 SYSTEMPATH/View/View.php(234): include()
 2 SYSTEMPATH/View/View.php(237): CodeIgniter\View\View->CodeIgniter\View\{closure}()
 3 SYSTEMPATH/Common.php(1171): CodeIgniter\View\View->render('_templates/site_menu', [], true)
 4 APPPATH/Controllers/Page.php(64): view('_templates/site_menu')
 5 SYSTEMPATH/CodeIgniter.php(933): App\Controllers\Page->view('login')
 6 SYSTEMPATH/CodeIgniter.php(509): CodeIgniter\CodeIgniter->runController(Object(App\Controllers\Page))
 7 SYSTEMPATH/CodeIgniter.php(355): CodeIgniter\CodeIgniter->handleRequest(null, Object(Config\Cache), false)
 8 SYSTEMPATH/Boot.php(312): CodeIgniter\CodeIgniter->run()
 9 SYSTEMPATH/Boot.php(67): CodeIgniter\Boot::runCodeIgniter(Object(CodeIgniter\CodeIgniter))
10 FCPATH/index.php(56): CodeIgniter\Boot::bootWeb(Object(Config\Paths))
CRITICAL - 2024-05-05 13:09:00 --> Error: Call to undefined function isLoggedIn()
[Method: GET, Route: /]
in APPPATH/Views/_templates/site_menu.php on line 19.
 1 SYSTEMPATH/View/View.php(234): include()
 2 SYSTEMPATH/View/View.php(237): CodeIgniter\View\View->CodeIgniter\View\{closure}()
 3 SYSTEMPATH/Common.php(1171): CodeIgniter\View\View->render('_templates/site_menu', [], true)
 4 APPPATH/Controllers/Page.php(64): view('_templates/site_menu')
 5 SYSTEMPATH/CodeIgniter.php(933): App\Controllers\Page->view('login')
 6 SYSTEMPATH/CodeIgniter.php(509): CodeIgniter\CodeIgniter->runController(Object(App\Controllers\Page))
 7 SYSTEMPATH/CodeIgniter.php(355): CodeIgniter\CodeIgniter->handleRequest(null, Object(Config\Cache), false)
 8 SYSTEMPATH/Boot.php(312): CodeIgniter\CodeIgniter->run()
 9 SYSTEMPATH/Boot.php(67): CodeIgniter\Boot::runCodeIgniter(Object(CodeIgniter\CodeIgniter))
10 FCPATH/index.php(56): CodeIgniter\Boot::bootWeb(Object(Config\Paths))
CRITICAL - 2024-05-05 13:09:01 --> Error: Call to undefined function isLoggedIn()
[Method: GET, Route: /]
in APPPATH/Views/_templates/site_menu.php on line 19.
 1 SYSTEMPATH/View/View.php(234): include()
 2 SYSTEMPATH/View/View.php(237): CodeIgniter\View\View->CodeIgniter\View\{closure}()
 3 SYSTEMPATH/Common.php(1171): CodeIgniter\View\View->render('_templates/site_menu', [], true)
 4 APPPATH/Controllers/Page.php(64): view('_templates/site_menu')
 5 SYSTEMPATH/CodeIgniter.php(933): App\Controllers\Page->view('login')
 6 SYSTEMPATH/CodeIgniter.php(509): CodeIgniter\CodeIgniter->runController(Object(App\Controllers\Page))
 7 SYSTEMPATH/CodeIgniter.php(355): CodeIgniter\CodeIgniter->handleRequest(null, Object(Config\Cache), false)
 8 SYSTEMPATH/Boot.php(312): CodeIgniter\CodeIgniter->run()
 9 SYSTEMPATH/Boot.php(67): CodeIgniter\Boot::runCodeIgniter(Object(CodeIgniter\CodeIgniter))
10 FCPATH/index.php(56): CodeIgniter\Boot::bootWeb(Object(Config\Paths))
CRITICAL - 2024-05-05 13:25:43 --> ErrorException: Undefined variable $arrRights
[Method: GET, Route: gamemaster/character_database]
in APPPATH/Controllers/Page.php on line 23.
 1 APPPATH/Controllers/Page.php(23): CodeIgniter\Debug\Exceptions->errorHandler(2, 'Undefined variable $arrRights', '/volume1/web/chronicles_of_dalaria/chargen/dev/app/Controllers/Page.php', 23)
 2 SYSTEMPATH/CodeIgniter.php(903): App\Controllers\Page->__construct()
 3 SYSTEMPATH/CodeIgniter.php(500): CodeIgniter\CodeIgniter->createController()
 4 SYSTEMPATH/CodeIgniter.php(355): CodeIgniter\CodeIgniter->handleRequest(null, Object(Config\Cache), false)
 5 SYSTEMPATH/Boot.php(312): CodeIgniter\CodeIgniter->run()
 6 SYSTEMPATH/Boot.php(67): CodeIgniter\Boot::runCodeIgniter(Object(CodeIgniter\CodeIgniter))
 7 FCPATH/index.php(56): CodeIgniter\Boot::bootWeb(Object(Config\Paths))
